{"/back-end-oficina/src/database/models/SequelizeAdmin.ts":{"path":"/back-end-oficina/src/database/models/SequelizeAdmin.ts","statementMap":{"0":{"start":{"line":2,"column":22},"end":{"line":4,"column":1}},"1":{"start":{"line":3,"column":4},"end":{"line":3,"column":62}},"2":{"start":{"line":5,"column":0},"end":{"line":5,"column":62}},"3":{"start":{"line":6,"column":20},"end":{"line":6,"column":40}},"4":{"start":{"line":7,"column":11},"end":{"line":7,"column":40}},"5":{"start":{"line":10,"column":0},"end":{"line":30,"column":3}},"6":{"start":{"line":31,"column":0},"end":{"line":31,"column":33}}},"fnMap":{"0":{"name":"(anonymous_0)","decl":{"start":{"line":2,"column":56},"end":{"line":2,"column":57}},"loc":{"start":{"line":2,"column":71},"end":{"line":4,"column":1}},"line":2}},"branchMap":{"0":{"loc":{"start":{"line":2,"column":22},"end":{"line":4,"column":1}},"type":"binary-expr","locations":[{"start":{"line":2,"column":23},"end":{"line":2,"column":27}},{"start":{"line":2,"column":31},"end":{"line":2,"column":51}},{"start":{"line":2,"column":56},"end":{"line":4,"column":1}}],"line":2},"1":{"loc":{"start":{"line":3,"column":11},"end":{"line":3,"column":61}},"type":"cond-expr","locations":[{"start":{"line":3,"column":37},"end":{"line":3,"column":40}},{"start":{"line":3,"column":43},"end":{"line":3,"column":61}}],"line":3},"2":{"loc":{"start":{"line":3,"column":12},"end":{"line":3,"column":33}},"type":"binary-expr","locations":[{"start":{"line":3,"column":12},"end":{"line":3,"column":15}},{"start":{"line":3,"column":19},"end":{"line":3,"column":33}}],"line":3}},"s":{"0":1,"1":1,"2":1,"3":1,"4":1,"5":1,"6":1},"f":{"0":1},"b":{"0":[1,1,1],"1":[1,0],"2":[1,1]},"inputSourceMap":{"version":3,"file":"/back-end-oficina/src/database/models/SequelizeAdmin.ts","sources":["/back-end-oficina/src/database/models/SequelizeAdmin.ts"],"names":[],"mappings":";;;;;AAAA,yCACiD;AACjD,yCAAmB;AAEnB,MAAM,cAAe,SAAQ,iBACW;CAMvC;AAED,cAAc,CAAC,IAAI,CAAC;IAClB,EAAE,EAAE;QACF,UAAU,EAAE,IAAI;QAChB,aAAa,EAAE,IAAI;QACnB,IAAI,EAAE,qBAAS,CAAC,OAAO;KACxB;IACD,KAAK,EAAE;QACL,IAAI,EAAE,qBAAS,CAAC,MAAM;QACtB,SAAS,EAAE,KAAK;QAChB,MAAM,EAAE,IAAI;KACb;IACD,QAAQ,EAAE;QACR,IAAI,EAAE,qBAAS,CAAC,MAAM;QACtB,SAAS,EAAE,KAAK;KACjB;CACF,EAAE;IACD,SAAS,EAAE,UAAE;IACb,SAAS,EAAE,OAAO;IAClB,SAAS,EAAE,QAAQ;IACnB,UAAU,EAAE,KAAK;CAClB,CAAC,CAAC;AAEH,kBAAe,cAAc,CAAC","sourcesContent":["import { Model, InferAttributes, InferCreationAttributes,\n  DataTypes, CreationOptional } from 'sequelize';\nimport db from '.';\n\nclass SequelizeAdmin extends Model<InferAttributes<SequelizeAdmin>,\nInferCreationAttributes<SequelizeAdmin>> {\n  declare id: CreationOptional<number>;\n\n  declare email: string;\n\n  declare password: string;\n}\n\nSequelizeAdmin.init({\n  id: {\n    primaryKey: true,\n    autoIncrement: true,\n    type: DataTypes.INTEGER,\n  },\n  email: {\n    type: DataTypes.STRING,\n    allowNull: false,\n    unique: true,\n  },\n  password: {\n    type: DataTypes.STRING,\n    allowNull: false,\n  },\n}, {\n  sequelize: db,\n  modelName: 'admin',\n  tableName: 'admins',\n  timestamps: false,\n});\n\nexport default SequelizeAdmin;\n"]},"_coverageSchema":"1a1c01bbd47fc00a2c39e90264f33305004495a9","hash":"61967a02e428ae7c931323446a4e6d3f9267470c","contentHash":"3412396008a90bab9909cea90c0b5dda8dfbf7cfbe48134f66822a654e6ebcf4"},"/back-end-oficina/src/database/models/index.ts":{"path":"/back-end-oficina/src/database/models/index.ts","statementMap":{"0":{"start":{"line":2,"column":22},"end":{"line":12,"column":3}},"1":{"start":{"line":3,"column":4},"end":{"line":3,"column":33}},"2":{"start":{"line":3,"column":26},"end":{"line":3,"column":33}},"3":{"start":{"line":4,"column":15},"end":{"line":4,"column":52}},"4":{"start":{"line":5,"column":4},"end":{"line":7,"column":5}},"5":{"start":{"line":6,"column":6},"end":{"line":6,"column":68}},"6":{"start":{"line":6,"column":51},"end":{"line":6,"column":63}},"7":{"start":{"line":8,"column":4},"end":{"line":8,"column":39}},"8":{"start":{"line":10,"column":4},"end":{"line":10,"column":33}},"9":{"start":{"line":10,"column":26},"end":{"line":10,"column":33}},"10":{"start":{"line":11,"column":4},"end":{"line":11,"column":17}},"11":{"start":{"line":13,"column":25},"end":{"line":17,"column":2}},"12":{"start":{"line":14,"column":4},"end":{"line":14,"column":72}},"13":{"start":{"line":16,"column":4},"end":{"line":16,"column":21}},"14":{"start":{"line":18,"column":19},"end":{"line":24,"column":1}},"15":{"start":{"line":19,"column":4},"end":{"line":19,"column":42}},"16":{"start":{"line":19,"column":31},"end":{"line":19,"column":42}},"17":{"start":{"line":20,"column":17},"end":{"line":20,"column":19}},"18":{"start":{"line":21,"column":4},"end":{"line":21,"column":141}},"19":{"start":{"line":21,"column":21},"end":{"line":21,"column":141}},"20":{"start":{"line":21,"column":40},"end":{"line":21,"column":141}},"21":{"start":{"line":21,"column":109},"end":{"line":21,"column":141}},"22":{"start":{"line":22,"column":4},"end":{"line":22,"column":36}},"23":{"start":{"line":23,"column":4},"end":{"line":23,"column":18}},"24":{"start":{"line":25,"column":0},"end":{"line":25,"column":62}},"25":{"start":{"line":26,"column":20},"end":{"line":26,"column":40}},"26":{"start":{"line":27,"column":15},"end":{"line":27,"column":58}},"27":{"start":{"line":28,"column":0},"end":{"line":28,"column":52}}},"fnMap":{"0":{"name":"(anonymous_0)","decl":{"start":{"line":2,"column":74},"end":{"line":2,"column":75}},"loc":{"start":{"line":2,"column":96},"end":{"line":9,"column":1}},"line":2},"1":{"name":"(anonymous_1)","decl":{"start":{"line":6,"column":38},"end":{"line":6,"column":39}},"loc":{"start":{"line":6,"column":49},"end":{"line":6,"column":65}},"line":6},"2":{"name":"(anonymous_2)","decl":{"start":{"line":9,"column":6},"end":{"line":9,"column":7}},"loc":{"start":{"line":9,"column":28},"end":{"line":12,"column":1}},"line":9},"3":{"name":"(anonymous_3)","decl":{"start":{"line":13,"column":80},"end":{"line":13,"column":81}},"loc":{"start":{"line":13,"column":95},"end":{"line":15,"column":1}},"line":13},"4":{"name":"(anonymous_4)","decl":{"start":{"line":15,"column":5},"end":{"line":15,"column":6}},"loc":{"start":{"line":15,"column":20},"end":{"line":17,"column":1}},"line":15},"5":{"name":"(anonymous_5)","decl":{"start":{"line":18,"column":50},"end":{"line":18,"column":51}},"loc":{"start":{"line":18,"column":65},"end":{"line":24,"column":1}},"line":18}},"branchMap":{"0":{"loc":{"start":{"line":2,"column":22},"end":{"line":12,"column":3}},"type":"binary-expr","locations":[{"start":{"line":2,"column":23},"end":{"line":2,"column":27}},{"start":{"line":2,"column":31},"end":{"line":2,"column":51}},{"start":{"line":2,"column":57},"end":{"line":12,"column":2}}],"line":2},"1":{"loc":{"start":{"line":2,"column":57},"end":{"line":12,"column":2}},"type":"cond-expr","locations":[{"start":{"line":2,"column":74},"end":{"line":9,"column":1}},{"start":{"line":9,"column":6},"end":{"line":12,"column":1}}],"line":2},"2":{"loc":{"start":{"line":3,"column":4},"end":{"line":3,"column":33}},"type":"if","locations":[{"start":{"line":3,"column":4},"end":{"line":3,"column":33}},{"start":{"line":3,"column":4},"end":{"line":3,"column":33}}],"line":3},"3":{"loc":{"start":{"line":5,"column":4},"end":{"line":7,"column":5}},"type":"if","locations":[{"start":{"line":5,"column":4},"end":{"line":7,"column":5}},{"start":{"line":5,"column":4},"end":{"line":7,"column":5}}],"line":5},"4":{"loc":{"start":{"line":5,"column":8},"end":{"line":5,"column":85}},"type":"binary-expr","locations":[{"start":{"line":5,"column":8},"end":{"line":5,"column":13}},{"start":{"line":5,"column":18},"end":{"line":5,"column":84}}],"line":5},"5":{"loc":{"start":{"line":5,"column":18},"end":{"line":5,"column":84}},"type":"cond-expr","locations":[{"start":{"line":5,"column":34},"end":{"line":5,"column":47}},{"start":{"line":5,"column":50},"end":{"line":5,"column":84}}],"line":5},"6":{"loc":{"start":{"line":5,"column":50},"end":{"line":5,"column":84}},"type":"binary-expr","locations":[{"start":{"line":5,"column":50},"end":{"line":5,"column":63}},{"start":{"line":5,"column":67},"end":{"line":5,"column":84}}],"line":5},"7":{"loc":{"start":{"line":10,"column":4},"end":{"line":10,"column":33}},"type":"if","locations":[{"start":{"line":10,"column":4},"end":{"line":10,"column":33}},{"start":{"line":10,"column":4},"end":{"line":10,"column":33}}],"line":10},"8":{"loc":{"start":{"line":13,"column":25},"end":{"line":17,"column":2}},"type":"binary-expr","locations":[{"start":{"line":13,"column":26},"end":{"line":13,"column":30}},{"start":{"line":13,"column":34},"end":{"line":13,"column":57}},{"start":{"line":13,"column":63},"end":{"line":17,"column":1}}],"line":13},"9":{"loc":{"start":{"line":13,"column":63},"end":{"line":17,"column":1}},"type":"cond-expr","locations":[{"start":{"line":13,"column":80},"end":{"line":15,"column":1}},{"start":{"line":15,"column":5},"end":{"line":17,"column":1}}],"line":13},"10":{"loc":{"start":{"line":18,"column":19},"end":{"line":24,"column":1}},"type":"binary-expr","locations":[{"start":{"line":18,"column":20},"end":{"line":18,"column":24}},{"start":{"line":18,"column":28},"end":{"line":18,"column":45}},{"start":{"line":18,"column":50},"end":{"line":24,"column":1}}],"line":18},"11":{"loc":{"start":{"line":19,"column":4},"end":{"line":19,"column":42}},"type":"if","locations":[{"start":{"line":19,"column":4},"end":{"line":19,"column":42}},{"start":{"line":19,"column":4},"end":{"line":19,"column":42}}],"line":19},"12":{"loc":{"start":{"line":19,"column":8},"end":{"line":19,"column":29}},"type":"binary-expr","locations":[{"start":{"line":19,"column":8},"end":{"line":19,"column":11}},{"start":{"line":19,"column":15},"end":{"line":19,"column":29}}],"line":19},"13":{"loc":{"start":{"line":21,"column":4},"end":{"line":21,"column":141}},"type":"if","locations":[{"start":{"line":21,"column":4},"end":{"line":21,"column":141}},{"start":{"line":21,"column":4},"end":{"line":21,"column":141}}],"line":21},"14":{"loc":{"start":{"line":21,"column":40},"end":{"line":21,"column":141}},"type":"if","locations":[{"start":{"line":21,"column":40},"end":{"line":21,"column":141}},{"start":{"line":21,"column":40},"end":{"line":21,"column":141}}],"line":21},"15":{"loc":{"start":{"line":21,"column":44},"end":{"line":21,"column":107}},"type":"binary-expr","locations":[{"start":{"line":21,"column":44},"end":{"line":21,"column":59}},{"start":{"line":21,"column":63},"end":{"line":21,"column":107}}],"line":21}},"s":{"0":1,"1":6,"2":6,"3":6,"4":6,"5":6,"6":16,"7":6,"8":0,"9":0,"10":0,"11":1,"12":1,"13":0,"14":1,"15":1,"16":0,"17":1,"18":1,"19":1,"20":6,"21":6,"22":1,"23":1,"24":1,"25":1,"26":1,"27":1},"f":{"0":6,"1":16,"2":0,"3":1,"4":0,"5":1},"b":{"0":[1,1,1],"1":[1,0],"2":[6,0],"3":[6,0],"4":[6,6],"5":[0,6],"6":[6,0],"7":[0,0],"8":[1,1,1],"9":[1,0],"10":[1,1,1],"11":[0,1],"12":[1,1],"13":[1,0],"14":[6,0],"15":[6,6]},"inputSourceMap":{"version":3,"file":"/back-end-oficina/src/database/models/index.ts","sources":["/back-end-oficina/src/database/models/index.ts"],"names":[],"mappings":";;;;;;;;;;;;;;;;;;;;;;;;;AAAA,yCAAsC;AACtC,2DAA6C;AAE7C,kBAAe,IAAI,qBAAS,CAAC,MAAM,CAAC,CAAC","sourcesContent":["import { Sequelize } from 'sequelize';\nimport * as config from '../config/database';\n\nexport default new Sequelize(config);\n"]},"_coverageSchema":"1a1c01bbd47fc00a2c39e90264f33305004495a9","hash":"0e46e8457c8aba2e503012f6f95028e7a5fc89c6","contentHash":"9611eb3338a3607854ab75674ba75e9aa33a8732454151a5eebe7dad4fbea5c2"},"/back-end-oficina/src/database/config/database.ts":{"path":"/back-end-oficina/src/database/config/database.ts","statementMap":{"0":{"start":{"line":2,"column":0},"end":{"line":2,"column":25}},"1":{"start":{"line":3,"column":15},"end":{"line":10,"column":1}},"2":{"start":{"line":11,"column":0},"end":{"line":11,"column":24}}},"fnMap":{},"branchMap":{"0":{"loc":{"start":{"line":4,"column":14},"end":{"line":4,"column":43}},"type":"binary-expr","locations":[{"start":{"line":4,"column":14},"end":{"line":4,"column":33}},{"start":{"line":4,"column":37},"end":{"line":4,"column":43}}],"line":4},"1":{"loc":{"start":{"line":5,"column":14},"end":{"line":5,"column":39}},"type":"binary-expr","locations":[{"start":{"line":5,"column":14},"end":{"line":5,"column":33}},{"start":{"line":5,"column":37},"end":{"line":5,"column":39}}],"line":5},"2":{"loc":{"start":{"line":6,"column":14},"end":{"line":6,"column":55}},"type":"binary-expr","locations":[{"start":{"line":6,"column":14},"end":{"line":6,"column":33}},{"start":{"line":6,"column":37},"end":{"line":6,"column":55}}],"line":6},"3":{"loc":{"start":{"line":7,"column":10},"end":{"line":7,"column":44}},"type":"binary-expr","locations":[{"start":{"line":7,"column":10},"end":{"line":7,"column":29}},{"start":{"line":7,"column":33},"end":{"line":7,"column":44}}],"line":7},"4":{"loc":{"start":{"line":8,"column":10},"end":{"line":8,"column":45}},"type":"binary-expr","locations":[{"start":{"line":8,"column":10},"end":{"line":8,"column":37}},{"start":{"line":8,"column":41},"end":{"line":8,"column":45}}],"line":8}},"s":{"0":1,"1":1,"2":1},"f":{},"b":{"0":[1,0],"1":[1,0],"2":[1,0],"3":[1,0],"4":[1,0]},"inputSourceMap":{"version":3,"file":"/back-end-oficina/src/database/config/database.ts","sources":["/back-end-oficina/src/database/config/database.ts"],"names":[],"mappings":";AAAA,yBAAuB;AAGvB,MAAM,MAAM,GAAY;IACtB,QAAQ,EAAE,OAAO,CAAC,GAAG,CAAC,OAAO,IAAI,MAAM;IACvC,QAAQ,EAAE,OAAO,CAAC,GAAG,CAAC,OAAO,IAAI,EAAE;IACnC,QAAQ,EAAE,OAAO,CAAC,GAAG,CAAC,OAAO,IAAI,kBAAkB,EAAE,gEAAgE;IACrH,IAAI,EAAE,OAAO,CAAC,GAAG,CAAC,OAAO,IAAI,WAAW;IACxC,IAAI,EAAE,MAAM,CAAC,OAAO,CAAC,GAAG,CAAC,OAAO,CAAC,IAAI,IAAI;IACzC,OAAO,EAAE,OAAO;CACjB,CAAC;AAEF,iBAAS,MAAM,CAAC","sourcesContent":["import 'dotenv/config';\nimport { Options } from 'sequelize';\n\nconst config: Options = {\n  username: process.env.DB_USER || 'root',\n  password: process.env.DB_PASS || '',\n  database: process.env.DB_NAME || 'database_example', // substitua o nome do banco quando for utilizar em seu projeto!\n  host: process.env.DB_HOST || 'localhost',\n  port: Number(process.env.DB_PORT) || 3306,\n  dialect: 'mysql',\n};\n\nexport = config;\n"]},"_coverageSchema":"1a1c01bbd47fc00a2c39e90264f33305004495a9","hash":"fc3c568f282776586fb09bac1b6334b8d514857e","contentHash":"e6c037ee533cb0b7a80457b29be6d1c344096970634247b870b61114503fa372"},"/back-end-oficina/src/app.ts":{"path":"/back-end-oficina/src/app.ts","statementMap":{"0":{"start":{"line":2,"column":22},"end":{"line":4,"column":1}},"1":{"start":{"line":3,"column":4},"end":{"line":3,"column":62}},"2":{"start":{"line":5,"column":0},"end":{"line":5,"column":62}},"3":{"start":{"line":6,"column":18},"end":{"line":6,"column":53}},"4":{"start":{"line":7,"column":20},"end":{"line":7,"column":66}},"5":{"start":{"line":8,"column":22},"end":{"line":8,"column":70}},"6":{"start":{"line":9,"column":22},"end":{"line":9,"column":70}},"7":{"start":{"line":10,"column":25},"end":{"line":10,"column":76}},"8":{"start":{"line":11,"column":23},"end":{"line":11,"column":72}},"9":{"start":{"line":14,"column":8},"end":{"line":14,"column":44}},"10":{"start":{"line":15,"column":8},"end":{"line":15,"column":22}},"11":{"start":{"line":17,"column":8},"end":{"line":17,"column":64}},"12":{"start":{"line":17,"column":40},"end":{"line":17,"column":62}},"13":{"start":{"line":20,"column":30},"end":{"line":25,"column":9}},"14":{"start":{"line":21,"column":12},"end":{"line":21,"column":59}},"15":{"start":{"line":22,"column":12},"end":{"line":22,"column":92}},"16":{"start":{"line":23,"column":12},"end":{"line":23,"column":60}},"17":{"start":{"line":24,"column":12},"end":{"line":24,"column":19}},"18":{"start":{"line":26,"column":8},"end":{"line":26,"column":47}},"19":{"start":{"line":27,"column":8},"end":{"line":27,"column":36}},"20":{"start":{"line":28,"column":8},"end":{"line":28,"column":22}},"21":{"start":{"line":31,"column":8},"end":{"line":31,"column":42}},"22":{"start":{"line":32,"column":8},"end":{"line":32,"column":44}},"23":{"start":{"line":33,"column":8},"end":{"line":33,"column":44}},"24":{"start":{"line":34,"column":8},"end":{"line":34,"column":47}},"25":{"start":{"line":35,"column":8},"end":{"line":35,"column":45}},"26":{"start":{"line":38,"column":8},"end":{"line":38,"column":76}},"27":{"start":{"line":38,"column":36},"end":{"line":38,"column":74}},"28":{"start":{"line":41,"column":0},"end":{"line":41,"column":22}}},"fnMap":{"0":{"name":"(anonymous_0)","decl":{"start":{"line":2,"column":56},"end":{"line":2,"column":57}},"loc":{"start":{"line":2,"column":71},"end":{"line":4,"column":1}},"line":2},"1":{"name":"(anonymous_1)","decl":{"start":{"line":13,"column":4},"end":{"line":13,"column":5}},"loc":{"start":{"line":13,"column":18},"end":{"line":18,"column":5}},"line":13},"2":{"name":"(anonymous_2)","decl":{"start":{"line":17,"column":26},"end":{"line":17,"column":27}},"loc":{"start":{"line":17,"column":40},"end":{"line":17,"column":62}},"line":17},"3":{"name":"(anonymous_3)","decl":{"start":{"line":19,"column":4},"end":{"line":19,"column":5}},"loc":{"start":{"line":19,"column":13},"end":{"line":29,"column":5}},"line":19},"4":{"name":"(anonymous_4)","decl":{"start":{"line":20,"column":30},"end":{"line":20,"column":31}},"loc":{"start":{"line":20,"column":51},"end":{"line":25,"column":9}},"line":20},"5":{"name":"(anonymous_5)","decl":{"start":{"line":30,"column":4},"end":{"line":30,"column":5}},"loc":{"start":{"line":30,"column":13},"end":{"line":36,"column":5}},"line":30},"6":{"name":"(anonymous_6)","decl":{"start":{"line":37,"column":4},"end":{"line":37,"column":5}},"loc":{"start":{"line":37,"column":16},"end":{"line":39,"column":5}},"line":37},"7":{"name":"(anonymous_7)","decl":{"start":{"line":38,"column":30},"end":{"line":38,"column":31}},"loc":{"start":{"line":38,"column":36},"end":{"line":38,"column":74}},"line":38}},"branchMap":{"0":{"loc":{"start":{"line":2,"column":22},"end":{"line":4,"column":1}},"type":"binary-expr","locations":[{"start":{"line":2,"column":23},"end":{"line":2,"column":27}},{"start":{"line":2,"column":31},"end":{"line":2,"column":51}},{"start":{"line":2,"column":56},"end":{"line":4,"column":1}}],"line":2},"1":{"loc":{"start":{"line":3,"column":11},"end":{"line":3,"column":61}},"type":"cond-expr","locations":[{"start":{"line":3,"column":37},"end":{"line":3,"column":40}},{"start":{"line":3,"column":43},"end":{"line":3,"column":61}}],"line":3},"2":{"loc":{"start":{"line":3,"column":12},"end":{"line":3,"column":33}},"type":"binary-expr","locations":[{"start":{"line":3,"column":12},"end":{"line":3,"column":15}},{"start":{"line":3,"column":19},"end":{"line":3,"column":33}}],"line":3}},"s":{"0":1,"1":6,"2":1,"3":1,"4":1,"5":1,"6":1,"7":1,"8":1,"9":12,"10":12,"11":12,"12":0,"13":12,"14":50,"15":50,"16":50,"17":50,"18":12,"19":12,"20":12,"21":12,"22":12,"23":12,"24":12,"25":12,"26":0,"27":0,"28":1},"f":{"0":6,"1":12,"2":0,"3":12,"4":50,"5":12,"6":0,"7":0},"b":{"0":[1,1,1],"1":[5,1],"2":[6,6]},"inputSourceMap":{"version":3,"file":"/back-end-oficina/src/app.ts","sources":["/back-end-oficina/src/app.ts"],"names":[],"mappings":";;;;;AAAA,sDAA8B;AAC9B,mEAA4C;AAC5C,uEAA+C;AAC/C,uEAA+C;AAC/C,6EAAqD;AACrD,yEAAiD;AAEjD,MAAM,GAAG;IAGP;QACE,IAAI,CAAC,GAAG,GAAG,IAAA,iBAAO,GAAE,CAAC;QAErB,IAAI,CAAC,MAAM,EAAE,CAAC;QAEd,wBAAwB;QACxB,IAAI,CAAC,GAAG,CAAC,GAAG,CAAC,GAAG,EAAE,CAAC,GAAG,EAAE,GAAG,EAAE,EAAE,CAAC,GAAG,CAAC,IAAI,CAAC,EAAE,EAAE,EAAE,IAAI,EAAE,CAAC,CAAC,CAAC;IAC1D,CAAC;IAEO,MAAM;QACZ,MAAM,aAAa,GAA2B,CAAC,IAAI,EAAE,GAAG,EAAE,IAAI,EAAE,EAAE;YAChE,GAAG,CAAC,MAAM,CAAC,6BAA6B,EAAE,GAAG,CAAC,CAAC;YAC/C,GAAG,CAAC,MAAM,CAAC,8BAA8B,EAAE,mCAAmC,CAAC,CAAC;YAChF,GAAG,CAAC,MAAM,CAAC,8BAA8B,EAAE,GAAG,CAAC,CAAC;YAChD,IAAI,EAAE,CAAC;QACT,CAAC,CAAC;QAEF,IAAI,CAAC,GAAG,CAAC,GAAG,CAAC,iBAAO,CAAC,IAAI,EAAE,CAAC,CAAC;QAC7B,IAAI,CAAC,GAAG,CAAC,GAAG,CAAC,aAAa,CAAC,CAAC;QAC5B,IAAI,CAAC,MAAM,EAAE,CAAC;IAChB,CAAC;IAEO,MAAM;QACZ,IAAI,CAAC,GAAG,CAAC,GAAG,CAAC,mBAAU,CAAC,CAAC;QACzB,IAAI,CAAC,GAAG,CAAC,GAAG,CAAC,qBAAW,CAAC,CAAC;QAC1B,IAAI,CAAC,GAAG,CAAC,GAAG,CAAC,qBAAW,CAAC,CAAC;QAC1B,IAAI,CAAC,GAAG,CAAC,GAAG,CAAC,wBAAc,CAAC,CAAC;QAC7B,IAAI,CAAC,GAAG,CAAC,GAAG,CAAC,sBAAY,CAAC,CAAC;IAC7B,CAAC;IAEM,KAAK,CAAC,IAAqB;QAChC,IAAI,CAAC,GAAG,CAAC,MAAM,CAAC,IAAI,EAAE,GAAG,EAAE,CAAC,OAAO,CAAC,GAAG,CAAC,mBAAmB,IAAI,EAAE,CAAC,CAAC,CAAC;IACtE,CAAC;CACF;AAED,kBAAe,GAAG,CAAC","sourcesContent":["import express from 'express';\nimport carsRouter from './routes/CarRouter';\nimport pieceRouter from './routes/PieceRouter';\nimport adminRouter from './routes/AdminRouter';\nimport employeeRouter from './routes/EmployeeRouter';\nimport clientRouter from './routes/ClientRouter';\n\nclass App {\n  public app: express.Express;\n\n  constructor() {\n    this.app = express();\n\n    this.config();\n\n    // Não remover essa rota\n    this.app.get('/', (req, res) => res.json({ ok: true }));\n  }\n\n  private config():void {\n    const accessControl: express.RequestHandler = (_req, res, next) => {\n      res.header('Access-Control-Allow-Origin', '*');\n      res.header('Access-Control-Allow-Methods', 'GET,POST,DELETE,OPTIONS,PUT,PATCH');\n      res.header('Access-Control-Allow-Headers', '*');\n      next();\n    };\n\n    this.app.use(express.json());\n    this.app.use(accessControl);\n    this.routes();\n  }\n\n  private routes() {\n    this.app.use(carsRouter);\n    this.app.use(pieceRouter);\n    this.app.use(adminRouter);\n    this.app.use(employeeRouter);\n    this.app.use(clientRouter);\n  }\n\n  public start(PORT: string | number): void {\n    this.app.listen(PORT, () => console.log(`Running on port ${PORT}`));\n  }\n}\n\nexport default App;\n"]},"_coverageSchema":"1a1c01bbd47fc00a2c39e90264f33305004495a9","hash":"c6eae1b863a952f01ad32c2138e97f7882788514","contentHash":"136f65fcb168381d81cf6f775dfde14fa5b605ce5719ece26eca76b773aed3a5"},"/back-end-oficina/src/routes/CarRouter.ts":{"path":"/back-end-oficina/src/routes/CarRouter.ts","statementMap":{"0":{"start":{"line":2,"column":22},"end":{"line":4,"column":1}},"1":{"start":{"line":3,"column":4},"end":{"line":3,"column":62}},"2":{"start":{"line":5,"column":0},"end":{"line":5,"column":62}},"3":{"start":{"line":6,"column":18},"end":{"line":6,"column":36}},"4":{"start":{"line":7,"column":25},"end":{"line":7,"column":81}},"5":{"start":{"line":8,"column":20},"end":{"line":8,"column":72}},"6":{"start":{"line":9,"column":19},"end":{"line":9,"column":42}},"7":{"start":{"line":10,"column":22},"end":{"line":10,"column":52}},"8":{"start":{"line":11,"column":0},"end":{"line":11,"column":107}},"9":{"start":{"line":11,"column":73},"end":{"line":11,"column":105}},"10":{"start":{"line":12,"column":0},"end":{"line":12,"column":115}},"11":{"start":{"line":12,"column":82},"end":{"line":12,"column":113}},"12":{"start":{"line":13,"column":0},"end":{"line":13,"column":142}},"13":{"start":{"line":13,"column":107},"end":{"line":13,"column":140}},"14":{"start":{"line":14,"column":0},"end":{"line":16,"column":82}},"15":{"start":{"line":16,"column":47},"end":{"line":16,"column":80}},"16":{"start":{"line":17,"column":0},"end":{"line":17,"column":144}},"17":{"start":{"line":17,"column":109},"end":{"line":17,"column":142}},"18":{"start":{"line":18,"column":0},"end":{"line":18,"column":29}}},"fnMap":{"0":{"name":"(anonymous_0)","decl":{"start":{"line":2,"column":56},"end":{"line":2,"column":57}},"loc":{"start":{"line":2,"column":71},"end":{"line":4,"column":1}},"line":2},"1":{"name":"(anonymous_1)","decl":{"start":{"line":11,"column":59},"end":{"line":11,"column":60}},"loc":{"start":{"line":11,"column":73},"end":{"line":11,"column":105}},"line":11},"2":{"name":"(anonymous_2)","decl":{"start":{"line":12,"column":68},"end":{"line":12,"column":69}},"loc":{"start":{"line":12,"column":82},"end":{"line":12,"column":113}},"line":12},"3":{"name":"(anonymous_3)","decl":{"start":{"line":13,"column":93},"end":{"line":13,"column":94}},"loc":{"start":{"line":13,"column":107},"end":{"line":13,"column":140}},"line":13},"4":{"name":"(anonymous_4)","decl":{"start":{"line":16,"column":33},"end":{"line":16,"column":34}},"loc":{"start":{"line":16,"column":47},"end":{"line":16,"column":80}},"line":16},"5":{"name":"(anonymous_5)","decl":{"start":{"line":17,"column":95},"end":{"line":17,"column":96}},"loc":{"start":{"line":17,"column":109},"end":{"line":17,"column":142}},"line":17}},"branchMap":{"0":{"loc":{"start":{"line":2,"column":22},"end":{"line":4,"column":1}},"type":"binary-expr","locations":[{"start":{"line":2,"column":23},"end":{"line":2,"column":27}},{"start":{"line":2,"column":31},"end":{"line":2,"column":51}},{"start":{"line":2,"column":56},"end":{"line":4,"column":1}}],"line":2},"1":{"loc":{"start":{"line":3,"column":11},"end":{"line":3,"column":61}},"type":"cond-expr","locations":[{"start":{"line":3,"column":37},"end":{"line":3,"column":40}},{"start":{"line":3,"column":43},"end":{"line":3,"column":61}}],"line":3},"2":{"loc":{"start":{"line":3,"column":12},"end":{"line":3,"column":33}},"type":"binary-expr","locations":[{"start":{"line":3,"column":12},"end":{"line":3,"column":15}},{"start":{"line":3,"column":19},"end":{"line":3,"column":33}}],"line":3}},"s":{"0":1,"1":2,"2":1,"3":1,"4":1,"5":1,"6":1,"7":1,"8":1,"9":1,"10":1,"11":1,"12":1,"13":1,"14":1,"15":1,"16":1,"17":2,"18":1},"f":{"0":2,"1":1,"2":1,"3":1,"4":1,"5":2},"b":{"0":[1,1,1],"1":[2,0],"2":[2,2]},"inputSourceMap":{"version":3,"file":"/back-end-oficina/src/routes/CarRouter.ts","sources":["/back-end-oficina/src/routes/CarRouter.ts"],"names":[],"mappings":";;;;;AAAA,qCAAoD;AACpD,kFAAyD;AACzD,yEAAgD;AAEhD,MAAM,UAAU,GAAG,IAAA,gBAAM,GAAE,CAAC;AAC5B,MAAM,aAAa,GAAG,IAAI,wBAAa,EAAE,CAAC;AAE1C,UAAU,CAAC,GAAG,CACZ,OAAO,EACP,mBAAQ,CAAC,aAAa,EACtB,CAAC,GAAY,EAAE,GAAa,EAAE,EAAE,CAAC,aAAa,CAAC,QAAQ,CAAC,GAAG,EAAE,GAAG,CAAC,CAClE,CAAC;AAEF,UAAU,CAAC,GAAG,CACZ,gBAAgB,EAChB,mBAAQ,CAAC,aAAa,EACtB,CAAC,GAAY,EAAE,GAAa,EAAE,EAAE,CAAC,aAAa,CAAC,OAAO,CAAC,GAAG,EAAE,GAAG,CAAC,CACjE,CAAC;AAEF,UAAU,CAAC,IAAI,CACb,OAAO,EACP,mBAAQ,CAAC,aAAa,EACtB,mBAAQ,CAAC,WAAW,EACpB,CAAC,GAAY,EAAE,GAAa,EAAE,EAAE,CAAC,aAAa,CAAC,SAAS,CAAC,GAAG,EAAE,GAAG,CAAC,CACnE,CAAC;AAEF,UAAU,CAAC,KAAK,CACd,OAAO;AACP,0BAA0B;AAC1B,mBAAQ,CAAC,WAAW,EACpB,CAAC,GAAY,EAAE,GAAa,EAAE,EAAE,CAAC,aAAa,CAAC,SAAS,CAAC,GAAG,EAAE,GAAG,CAAC,CACnE,CAAC;AAEF,UAAU,CAAC,MAAM,CACf,OAAO,EACP,mBAAQ,CAAC,aAAa,EACtB,mBAAQ,CAAC,WAAW,EACpB,CAAC,GAAY,EAAE,GAAa,EAAE,EAAE,CAAC,aAAa,CAAC,SAAS,CAAC,GAAG,EAAE,GAAG,CAAC,CACnE,CAAC;AAEF,kBAAe,UAAU,CAAC","sourcesContent":["import { Request, Response, Router } from 'express';\nimport CarController from '../controller/Car.controller';\nimport Validate from '../middlewares/Validates';\n\nconst carsRouter = Router();\nconst carController = new CarController();\n\ncarsRouter.get(\n  '/cars',\n  Validate.validateToken,\n  (req: Request, res: Response) => carController.listCars(req, res),\n);\n\ncarsRouter.get(\n  '/cars/findCars',\n  Validate.validateToken,\n  (req: Request, res: Response) => carController.findCar(req, res),\n);\n\ncarsRouter.post(\n  '/cars',\n  Validate.validateToken,\n  Validate.validateCar,\n  (req: Request, res: Response) => carController.insertCar(req, res),\n);\n\ncarsRouter.patch(\n  '/cars',\n  // Validate.validateToken,\n  Validate.validateCar,\n  (req: Request, res: Response) => carController.updateCar(req, res),\n);\n\ncarsRouter.delete(\n  '/cars',\n  Validate.validateToken,\n  Validate.validateCar,\n  (req: Request, res: Response) => carController.removeCar(req, res),\n);\n\nexport default carsRouter;\n"]},"_coverageSchema":"1a1c01bbd47fc00a2c39e90264f33305004495a9","hash":"6f554637c44dd9528f32c6ae74ec36674fa1dbb8","contentHash":"a614ecb381ebd27a7a8c001ed659d46d0069ca65e30b642f40213b854cd1dbc2"},"/back-end-oficina/src/controller/Car.controller.ts":{"path":"/back-end-oficina/src/controller/Car.controller.ts","statementMap":{"0":{"start":{"line":2,"column":16},"end":{"line":10,"column":1}},"1":{"start":{"line":3,"column":28},"end":{"line":3,"column":110}},"2":{"start":{"line":3,"column":91},"end":{"line":3,"column":106}},"3":{"start":{"line":4,"column":4},"end":{"line":9,"column":7}},"4":{"start":{"line":5,"column":36},"end":{"line":5,"column":97}},"5":{"start":{"line":5,"column":42},"end":{"line":5,"column":70}},"6":{"start":{"line":5,"column":85},"end":{"line":5,"column":95}},"7":{"start":{"line":6,"column":35},"end":{"line":6,"column":100}},"8":{"start":{"line":6,"column":41},"end":{"line":6,"column":73}},"9":{"start":{"line":6,"column":88},"end":{"line":6,"column":98}},"10":{"start":{"line":7,"column":32},"end":{"line":7,"column":116}},"11":{"start":{"line":8,"column":8},"end":{"line":8,"column":78}},"12":{"start":{"line":11,"column":22},"end":{"line":13,"column":1}},"13":{"start":{"line":12,"column":4},"end":{"line":12,"column":62}},"14":{"start":{"line":14,"column":0},"end":{"line":14,"column":62}},"15":{"start":{"line":15,"column":22},"end":{"line":15,"column":73}},"16":{"start":{"line":16,"column":24},"end":{"line":16,"column":74}},"17":{"start":{"line":19,"column":8},"end":{"line":19,"column":37}},"18":{"start":{"line":22,"column":8},"end":{"line":25,"column":11}},"19":{"start":{"line":23,"column":37},"end":{"line":23,"column":69}},"20":{"start":{"line":24,"column":12},"end":{"line":24,"column":79}},"21":{"start":{"line":28,"column":8},"end":{"line":32,"column":11}},"22":{"start":{"line":29,"column":42},"end":{"line":29,"column":50}},"23":{"start":{"line":30,"column":37},"end":{"line":30,"column":91}},"24":{"start":{"line":31,"column":12},"end":{"line":31,"column":79}},"25":{"start":{"line":35,"column":8},"end":{"line":39,"column":11}},"26":{"start":{"line":36,"column":42},"end":{"line":36,"column":50}},"27":{"start":{"line":37,"column":37},"end":{"line":37,"column":91}},"28":{"start":{"line":38,"column":12},"end":{"line":38,"column":79}},"29":{"start":{"line":42,"column":8},"end":{"line":46,"column":11}},"30":{"start":{"line":43,"column":29},"end":{"line":43,"column":38}},"31":{"start":{"line":44,"column":37},"end":{"line":44,"column":72}},"32":{"start":{"line":45,"column":12},"end":{"line":45,"column":79}},"33":{"start":{"line":49,"column":8},"end":{"line":53,"column":11}},"34":{"start":{"line":50,"column":46},"end":{"line":50,"column":54}},"35":{"start":{"line":51,"column":37},"end":{"line":51,"column":95}},"36":{"start":{"line":52,"column":12},"end":{"line":52,"column":79}},"37":{"start":{"line":56,"column":0},"end":{"line":56,"column":32}}},"fnMap":{"0":{"name":"(anonymous_0)","decl":{"start":{"line":2,"column":44},"end":{"line":2,"column":45}},"loc":{"start":{"line":2,"column":89},"end":{"line":10,"column":1}},"line":2},"1":{"name":"adopt","decl":{"start":{"line":3,"column":13},"end":{"line":3,"column":18}},"loc":{"start":{"line":3,"column":26},"end":{"line":3,"column":112}},"line":3},"2":{"name":"(anonymous_2)","decl":{"start":{"line":3,"column":70},"end":{"line":3,"column":71}},"loc":{"start":{"line":3,"column":89},"end":{"line":3,"column":108}},"line":3},"3":{"name":"(anonymous_3)","decl":{"start":{"line":4,"column":36},"end":{"line":4,"column":37}},"loc":{"start":{"line":4,"column":63},"end":{"line":9,"column":5}},"line":4},"4":{"name":"fulfilled","decl":{"start":{"line":5,"column":17},"end":{"line":5,"column":26}},"loc":{"start":{"line":5,"column":34},"end":{"line":5,"column":99}},"line":5},"5":{"name":"rejected","decl":{"start":{"line":6,"column":17},"end":{"line":6,"column":25}},"loc":{"start":{"line":6,"column":33},"end":{"line":6,"column":102}},"line":6},"6":{"name":"step","decl":{"start":{"line":7,"column":17},"end":{"line":7,"column":21}},"loc":{"start":{"line":7,"column":30},"end":{"line":7,"column":118}},"line":7},"7":{"name":"(anonymous_7)","decl":{"start":{"line":11,"column":56},"end":{"line":11,"column":57}},"loc":{"start":{"line":11,"column":71},"end":{"line":13,"column":1}},"line":11},"8":{"name":"(anonymous_8)","decl":{"start":{"line":18,"column":4},"end":{"line":18,"column":5}},"loc":{"start":{"line":18,"column":58},"end":{"line":20,"column":5}},"line":18},"9":{"name":"(anonymous_9)","decl":{"start":{"line":21,"column":4},"end":{"line":21,"column":5}},"loc":{"start":{"line":21,"column":24},"end":{"line":26,"column":5}},"line":21},"10":{"name":"(anonymous_10)","decl":{"start":{"line":22,"column":47},"end":{"line":22,"column":48}},"loc":{"start":{"line":22,"column":60},"end":{"line":25,"column":9}},"line":22},"11":{"name":"(anonymous_11)","decl":{"start":{"line":27,"column":4},"end":{"line":27,"column":5}},"loc":{"start":{"line":27,"column":24},"end":{"line":33,"column":5}},"line":27},"12":{"name":"(anonymous_12)","decl":{"start":{"line":28,"column":47},"end":{"line":28,"column":48}},"loc":{"start":{"line":28,"column":60},"end":{"line":32,"column":9}},"line":28},"13":{"name":"(anonymous_13)","decl":{"start":{"line":34,"column":4},"end":{"line":34,"column":5}},"loc":{"start":{"line":34,"column":24},"end":{"line":40,"column":5}},"line":34},"14":{"name":"(anonymous_14)","decl":{"start":{"line":35,"column":47},"end":{"line":35,"column":48}},"loc":{"start":{"line":35,"column":60},"end":{"line":39,"column":9}},"line":35},"15":{"name":"(anonymous_15)","decl":{"start":{"line":41,"column":4},"end":{"line":41,"column":5}},"loc":{"start":{"line":41,"column":22},"end":{"line":47,"column":5}},"line":41},"16":{"name":"(anonymous_16)","decl":{"start":{"line":42,"column":47},"end":{"line":42,"column":48}},"loc":{"start":{"line":42,"column":60},"end":{"line":46,"column":9}},"line":42},"17":{"name":"(anonymous_17)","decl":{"start":{"line":48,"column":4},"end":{"line":48,"column":5}},"loc":{"start":{"line":48,"column":24},"end":{"line":54,"column":5}},"line":48},"18":{"name":"(anonymous_18)","decl":{"start":{"line":49,"column":47},"end":{"line":49,"column":48}},"loc":{"start":{"line":49,"column":60},"end":{"line":53,"column":9}},"line":49}},"branchMap":{"0":{"loc":{"start":{"line":2,"column":16},"end":{"line":10,"column":1}},"type":"binary-expr","locations":[{"start":{"line":2,"column":17},"end":{"line":2,"column":21}},{"start":{"line":2,"column":25},"end":{"line":2,"column":39}},{"start":{"line":2,"column":44},"end":{"line":10,"column":1}}],"line":2},"1":{"loc":{"start":{"line":3,"column":35},"end":{"line":3,"column":109}},"type":"cond-expr","locations":[{"start":{"line":3,"column":56},"end":{"line":3,"column":61}},{"start":{"line":3,"column":64},"end":{"line":3,"column":109}}],"line":3},"2":{"loc":{"start":{"line":4,"column":16},"end":{"line":4,"column":34}},"type":"binary-expr","locations":[{"start":{"line":4,"column":16},"end":{"line":4,"column":17}},{"start":{"line":4,"column":22},"end":{"line":4,"column":33}}],"line":4},"3":{"loc":{"start":{"line":7,"column":32},"end":{"line":7,"column":115}},"type":"cond-expr","locations":[{"start":{"line":7,"column":46},"end":{"line":7,"column":67}},{"start":{"line":7,"column":70},"end":{"line":7,"column":115}}],"line":7},"4":{"loc":{"start":{"line":8,"column":51},"end":{"line":8,"column":67}},"type":"binary-expr","locations":[{"start":{"line":8,"column":51},"end":{"line":8,"column":61}},{"start":{"line":8,"column":65},"end":{"line":8,"column":67}}],"line":8},"5":{"loc":{"start":{"line":11,"column":22},"end":{"line":13,"column":1}},"type":"binary-expr","locations":[{"start":{"line":11,"column":23},"end":{"line":11,"column":27}},{"start":{"line":11,"column":31},"end":{"line":11,"column":51}},{"start":{"line":11,"column":56},"end":{"line":13,"column":1}}],"line":11},"6":{"loc":{"start":{"line":12,"column":11},"end":{"line":12,"column":61}},"type":"cond-expr","locations":[{"start":{"line":12,"column":37},"end":{"line":12,"column":40}},{"start":{"line":12,"column":43},"end":{"line":12,"column":61}}],"line":12},"7":{"loc":{"start":{"line":12,"column":12},"end":{"line":12,"column":33}},"type":"binary-expr","locations":[{"start":{"line":12,"column":12},"end":{"line":12,"column":15}},{"start":{"line":12,"column":19},"end":{"line":12,"column":33}}],"line":12},"8":{"loc":{"start":{"line":18,"column":16},"end":{"line":18,"column":56}},"type":"default-arg","locations":[{"start":{"line":18,"column":29},"end":{"line":18,"column":56}}],"line":18}},"s":{"0":1,"1":6,"2":0,"3":6,"4":6,"5":6,"6":0,"7":0,"8":0,"9":0,"10":12,"11":6,"12":1,"13":2,"14":1,"15":1,"16":1,"17":1,"18":1,"19":1,"20":1,"21":1,"22":1,"23":1,"24":1,"25":2,"26":2,"27":2,"28":2,"29":1,"30":1,"31":1,"32":1,"33":1,"34":1,"35":1,"36":1,"37":1},"f":{"0":6,"1":6,"2":0,"3":6,"4":6,"5":0,"6":12,"7":2,"8":1,"9":1,"10":1,"11":1,"12":1,"13":2,"14":2,"15":1,"16":1,"17":1,"18":1},"b":{"0":[1,1,1],"1":[6,0],"2":[6,6],"3":[6,6],"4":[6,6],"5":[1,1,1],"6":[2,0],"7":[2,2],"8":[1]},"inputSourceMap":{"version":3,"file":"/back-end-oficina/src/controller/Car.controller.ts","sources":["/back-end-oficina/src/controller/Car.controller.ts"],"names":[],"mappings":";;;;;;;;;;;;;;AACA,0EAAiD;AACjD,2EAAmD;AAEnD,MAAqB,aAAa;IAChC,YAAoB,aAAa,IAAI,qBAAU,EAAE;QAA7B,eAAU,GAAV,UAAU,CAAmB;IAAG,CAAC;IAE/C,QAAQ,CAAC,IAAa,EAAE,GAAa;;YACzC,MAAM,EAAE,MAAM,EAAE,IAAI,EAAE,GAAG,MAAM,IAAI,CAAC,UAAU,CAAC,QAAQ,EAAE,CAAC;YAC1D,OAAO,GAAG,CAAC,MAAM,CAAC,IAAA,uBAAa,EAAC,MAAM,CAAC,CAAC,CAAC,IAAI,CAAC,IAAI,CAAC,CAAC;QACtD,CAAC;KAAA;IAEK,SAAS,CAAC,GAAY,EAAE,GAAa;;YACzC,MAAM,EAAE,IAAI,EAAE,KAAK,EAAE,IAAI,EAAE,GAAG,GAAG,CAAC,IAAI,CAAC;YACvC,MAAM,EAAE,MAAM,EAAE,IAAI,EAAE,GAAG,MAAM,IAAI,CAAC,UAAU,CAAC,SAAS,CAAC,EAAE,IAAI,EAAE,IAAI,EAAE,KAAK,EAAE,CAAC,CAAC;YAChF,OAAO,GAAG,CAAC,MAAM,CAAC,IAAA,uBAAa,EAAC,MAAM,CAAC,CAAC,CAAC,IAAI,CAAC,IAAI,CAAC,CAAC;QACtD,CAAC;KAAA;IAEK,SAAS,CAAC,GAAY,EAAE,GAAa;;YACzC,MAAM,EAAE,IAAI,EAAE,KAAK,EAAE,IAAI,EAAE,GAAG,GAAG,CAAC,IAAI,CAAC;YACvC,MAAM,EAAE,MAAM,EAAE,IAAI,EAAE,GAAG,MAAM,IAAI,CAAC,UAAU,CAAC,SAAS,CAAC,EAAE,IAAI,EAAE,IAAI,EAAE,KAAK,EAAE,CAAC,CAAC;YAChF,OAAO,GAAG,CAAC,MAAM,CAAC,IAAA,uBAAa,EAAC,MAAM,CAAC,CAAC,CAAC,IAAI,CAAC,IAAI,CAAC,CAAC;QACtD,CAAC;KAAA;IAEK,OAAO,CAAC,GAAY,EAAE,GAAa;;YACvC,MAAM,EAAE,IAAI,EAAE,GAAG,GAAG,CAAC,KAAK,CAAC;YAC3B,MAAM,EAAE,MAAM,EAAE,IAAI,EAAE,GAAG,MAAM,IAAI,CAAC,UAAU,CAAC,OAAO,CAAC,IAAc,CAAC,CAAC;YACvE,OAAO,GAAG,CAAC,MAAM,CAAC,IAAA,uBAAa,EAAC,MAAM,CAAC,CAAC,CAAC,IAAI,CAAC,IAAI,CAAC,CAAC;QACtD,CAAC;KAAA;IAEK,SAAS,CAAC,GAAY,EAAE,GAAa;;YACzC,MAAM,EAAE,EAAE,EAAE,IAAI,EAAE,KAAK,EAAE,IAAI,EAAE,GAAG,GAAG,CAAC,IAAI,CAAC;YAC3C,MAAM,EAAE,MAAM,EAAE,IAAI,EAAE,GAAG,MAAM,IAAI,CAAC,UAAU,CAAC,SAAS,CAAC,EAAE,EAAE,EAAE,IAAI,EAAE,KAAK,EAAE,IAAI,EAAE,CAAC,CAAC;YACpF,OAAO,GAAG,CAAC,MAAM,CAAC,IAAA,uBAAa,EAAC,MAAM,CAAC,CAAC,CAAC,IAAI,CAAC,IAAI,CAAC,CAAC;QACtD,CAAC;KAAA;CACF;AA/BD,gCA+BC","sourcesContent":["import { Request, Response } from 'express';\nimport CarService from '../services/Car.service';\nimport mapStatusHTTP from '../utils/mapStatusHTTP';\n\nexport default class CarController {\n  constructor(private carService = new CarService()) {}\n\n  async listCars(_req: Request, res: Response) {\n    const { status, data } = await this.carService.listCars();\n    return res.status(mapStatusHTTP(status)).json(data);\n  }\n\n  async insertCar(req: Request, res: Response) {\n    const { name, brand, year } = req.body;\n    const { status, data } = await this.carService.insertCar({ name, year, brand });\n    return res.status(mapStatusHTTP(status)).json(data);\n  }\n\n  async removeCar(req: Request, res: Response) {\n    const { name, brand, year } = req.body;\n    const { status, data } = await this.carService.removeCar({ name, year, brand });\n    return res.status(mapStatusHTTP(status)).json(data);\n  }\n\n  async findCar(req: Request, res: Response) {\n    const { name } = req.query;\n    const { status, data } = await this.carService.findCar(name as string);\n    return res.status(mapStatusHTTP(status)).json(data);\n  }\n\n  async updateCar(req: Request, res: Response) {\n    const { id, name, brand, year } = req.body;\n    const { status, data } = await this.carService.updateCar({ id, name, brand, year });\n    return res.status(mapStatusHTTP(status)).json(data);\n  }\n}\n"]},"_coverageSchema":"1a1c01bbd47fc00a2c39e90264f33305004495a9","hash":"68ab47ebc703106e25c81c869f68ebd7d5db9d59","contentHash":"bace03ae7262881ee8d6e2e4f5305d24327f9231bdd586f35ea50cf44846fb75"},"/back-end-oficina/src/services/Car.service.ts":{"path":"/back-end-oficina/src/services/Car.service.ts","statementMap":{"0":{"start":{"line":2,"column":16},"end":{"line":10,"column":1}},"1":{"start":{"line":3,"column":28},"end":{"line":3,"column":110}},"2":{"start":{"line":3,"column":91},"end":{"line":3,"column":106}},"3":{"start":{"line":4,"column":4},"end":{"line":9,"column":7}},"4":{"start":{"line":5,"column":36},"end":{"line":5,"column":97}},"5":{"start":{"line":5,"column":42},"end":{"line":5,"column":70}},"6":{"start":{"line":5,"column":85},"end":{"line":5,"column":95}},"7":{"start":{"line":6,"column":35},"end":{"line":6,"column":100}},"8":{"start":{"line":6,"column":41},"end":{"line":6,"column":73}},"9":{"start":{"line":6,"column":88},"end":{"line":6,"column":98}},"10":{"start":{"line":7,"column":32},"end":{"line":7,"column":116}},"11":{"start":{"line":8,"column":8},"end":{"line":8,"column":78}},"12":{"start":{"line":11,"column":22},"end":{"line":13,"column":1}},"13":{"start":{"line":12,"column":4},"end":{"line":12,"column":62}},"14":{"start":{"line":14,"column":0},"end":{"line":14,"column":62}},"15":{"start":{"line":15,"column":19},"end":{"line":15,"column":65}},"16":{"start":{"line":18,"column":8},"end":{"line":18,"column":33}},"17":{"start":{"line":21,"column":8},"end":{"line":24,"column":11}},"18":{"start":{"line":22,"column":27},"end":{"line":22,"column":57}},"19":{"start":{"line":23,"column":12},"end":{"line":23,"column":58}},"20":{"start":{"line":27,"column":8},"end":{"line":30,"column":11}},"21":{"start":{"line":28,"column":27},"end":{"line":28,"column":99}},"22":{"start":{"line":29,"column":12},"end":{"line":29,"column":55}},"23":{"start":{"line":33,"column":8},"end":{"line":39,"column":11}},"24":{"start":{"line":34,"column":27},"end":{"line":34,"column":79}},"25":{"start":{"line":35,"column":12},"end":{"line":37,"column":13}},"26":{"start":{"line":36,"column":16},"end":{"line":36,"column":90}},"27":{"start":{"line":38,"column":12},"end":{"line":38,"column":73}},"28":{"start":{"line":42,"column":8},"end":{"line":45,"column":11}},"29":{"start":{"line":43,"column":27},"end":{"line":43,"column":60}},"30":{"start":{"line":44,"column":12},"end":{"line":44,"column":58}},"31":{"start":{"line":48,"column":8},"end":{"line":51,"column":11}},"32":{"start":{"line":49,"column":12},"end":{"line":49,"column":89}},"33":{"start":{"line":50,"column":12},"end":{"line":50,"column":97}},"34":{"start":{"line":54,"column":0},"end":{"line":54,"column":29}}},"fnMap":{"0":{"name":"(anonymous_0)","decl":{"start":{"line":2,"column":44},"end":{"line":2,"column":45}},"loc":{"start":{"line":2,"column":89},"end":{"line":10,"column":1}},"line":2},"1":{"name":"adopt","decl":{"start":{"line":3,"column":13},"end":{"line":3,"column":18}},"loc":{"start":{"line":3,"column":26},"end":{"line":3,"column":112}},"line":3},"2":{"name":"(anonymous_2)","decl":{"start":{"line":3,"column":70},"end":{"line":3,"column":71}},"loc":{"start":{"line":3,"column":89},"end":{"line":3,"column":108}},"line":3},"3":{"name":"(anonymous_3)","decl":{"start":{"line":4,"column":36},"end":{"line":4,"column":37}},"loc":{"start":{"line":4,"column":63},"end":{"line":9,"column":5}},"line":4},"4":{"name":"fulfilled","decl":{"start":{"line":5,"column":17},"end":{"line":5,"column":26}},"loc":{"start":{"line":5,"column":34},"end":{"line":5,"column":99}},"line":5},"5":{"name":"rejected","decl":{"start":{"line":6,"column":17},"end":{"line":6,"column":25}},"loc":{"start":{"line":6,"column":33},"end":{"line":6,"column":102}},"line":6},"6":{"name":"step","decl":{"start":{"line":7,"column":17},"end":{"line":7,"column":21}},"loc":{"start":{"line":7,"column":30},"end":{"line":7,"column":118}},"line":7},"7":{"name":"(anonymous_7)","decl":{"start":{"line":11,"column":56},"end":{"line":11,"column":57}},"loc":{"start":{"line":11,"column":71},"end":{"line":13,"column":1}},"line":11},"8":{"name":"(anonymous_8)","decl":{"start":{"line":17,"column":4},"end":{"line":17,"column":5}},"loc":{"start":{"line":17,"column":53},"end":{"line":19,"column":5}},"line":17},"9":{"name":"(anonymous_9)","decl":{"start":{"line":20,"column":4},"end":{"line":20,"column":5}},"loc":{"start":{"line":20,"column":15},"end":{"line":25,"column":5}},"line":20},"10":{"name":"(anonymous_10)","decl":{"start":{"line":21,"column":47},"end":{"line":21,"column":48}},"loc":{"start":{"line":21,"column":60},"end":{"line":24,"column":9}},"line":21},"11":{"name":"(anonymous_11)","decl":{"start":{"line":26,"column":4},"end":{"line":26,"column":5}},"loc":{"start":{"line":26,"column":18},"end":{"line":31,"column":5}},"line":26},"12":{"name":"(anonymous_12)","decl":{"start":{"line":27,"column":50},"end":{"line":27,"column":51}},"loc":{"start":{"line":27,"column":84},"end":{"line":30,"column":9}},"line":27},"13":{"name":"(anonymous_13)","decl":{"start":{"line":32,"column":4},"end":{"line":32,"column":5}},"loc":{"start":{"line":32,"column":18},"end":{"line":40,"column":5}},"line":32},"14":{"name":"(anonymous_14)","decl":{"start":{"line":33,"column":50},"end":{"line":33,"column":51}},"loc":{"start":{"line":33,"column":84},"end":{"line":39,"column":9}},"line":33},"15":{"name":"(anonymous_15)","decl":{"start":{"line":41,"column":4},"end":{"line":41,"column":5}},"loc":{"start":{"line":41,"column":18},"end":{"line":46,"column":5}},"line":41},"16":{"name":"(anonymous_16)","decl":{"start":{"line":42,"column":47},"end":{"line":42,"column":48}},"loc":{"start":{"line":42,"column":60},"end":{"line":45,"column":9}},"line":42},"17":{"name":"(anonymous_17)","decl":{"start":{"line":47,"column":4},"end":{"line":47,"column":5}},"loc":{"start":{"line":47,"column":18},"end":{"line":52,"column":5}},"line":47},"18":{"name":"(anonymous_18)","decl":{"start":{"line":48,"column":50},"end":{"line":48,"column":51}},"loc":{"start":{"line":48,"column":88},"end":{"line":51,"column":9}},"line":48}},"branchMap":{"0":{"loc":{"start":{"line":2,"column":16},"end":{"line":10,"column":1}},"type":"binary-expr","locations":[{"start":{"line":2,"column":17},"end":{"line":2,"column":21}},{"start":{"line":2,"column":25},"end":{"line":2,"column":39}},{"start":{"line":2,"column":44},"end":{"line":10,"column":1}}],"line":2},"1":{"loc":{"start":{"line":3,"column":35},"end":{"line":3,"column":109}},"type":"cond-expr","locations":[{"start":{"line":3,"column":56},"end":{"line":3,"column":61}},{"start":{"line":3,"column":64},"end":{"line":3,"column":109}}],"line":3},"2":{"loc":{"start":{"line":4,"column":16},"end":{"line":4,"column":34}},"type":"binary-expr","locations":[{"start":{"line":4,"column":16},"end":{"line":4,"column":17}},{"start":{"line":4,"column":22},"end":{"line":4,"column":33}}],"line":4},"3":{"loc":{"start":{"line":7,"column":32},"end":{"line":7,"column":115}},"type":"cond-expr","locations":[{"start":{"line":7,"column":46},"end":{"line":7,"column":67}},{"start":{"line":7,"column":70},"end":{"line":7,"column":115}}],"line":7},"4":{"loc":{"start":{"line":8,"column":51},"end":{"line":8,"column":67}},"type":"binary-expr","locations":[{"start":{"line":8,"column":51},"end":{"line":8,"column":61}},{"start":{"line":8,"column":65},"end":{"line":8,"column":67}}],"line":8},"5":{"loc":{"start":{"line":11,"column":22},"end":{"line":13,"column":1}},"type":"binary-expr","locations":[{"start":{"line":11,"column":23},"end":{"line":11,"column":27}},{"start":{"line":11,"column":31},"end":{"line":11,"column":51}},{"start":{"line":11,"column":56},"end":{"line":13,"column":1}}],"line":11},"6":{"loc":{"start":{"line":12,"column":11},"end":{"line":12,"column":61}},"type":"cond-expr","locations":[{"start":{"line":12,"column":37},"end":{"line":12,"column":40}},{"start":{"line":12,"column":43},"end":{"line":12,"column":61}}],"line":12},"7":{"loc":{"start":{"line":12,"column":12},"end":{"line":12,"column":33}},"type":"binary-expr","locations":[{"start":{"line":12,"column":12},"end":{"line":12,"column":15}},{"start":{"line":12,"column":19},"end":{"line":12,"column":33}}],"line":12},"8":{"loc":{"start":{"line":17,"column":16},"end":{"line":17,"column":51}},"type":"default-arg","locations":[{"start":{"line":17,"column":27},"end":{"line":17,"column":51}}],"line":17},"9":{"loc":{"start":{"line":35,"column":12},"end":{"line":37,"column":13}},"type":"if","locations":[{"start":{"line":35,"column":12},"end":{"line":37,"column":13}},{"start":{"line":35,"column":12},"end":{"line":37,"column":13}}],"line":35}},"s":{"0":1,"1":6,"2":0,"3":6,"4":6,"5":6,"6":0,"7":0,"8":0,"9":0,"10":12,"11":6,"12":1,"13":1,"14":1,"15":1,"16":1,"17":1,"18":1,"19":1,"20":1,"21":1,"22":1,"23":2,"24":2,"25":2,"26":1,"27":1,"28":1,"29":1,"30":1,"31":1,"32":1,"33":1,"34":1},"f":{"0":6,"1":6,"2":0,"3":6,"4":6,"5":0,"6":12,"7":1,"8":1,"9":1,"10":1,"11":1,"12":1,"13":2,"14":2,"15":1,"16":1,"17":1,"18":1},"b":{"0":[1,1,1],"1":[6,0],"2":[6,6],"3":[6,6],"4":[6,2],"5":[1,1,1],"6":[1,0],"7":[1,1],"8":[1],"9":[1,1]},"inputSourceMap":{"version":3,"file":"/back-end-oficina/src/services/Car.service.ts","sources":["/back-end-oficina/src/services/Car.service.ts"],"names":[],"mappings":";;;;;;;;;;;;;;AACA,kEAA0C;AAG1C,MAAqB,UAAU;IAC7B,YAAoB,WAAW,IAAI,kBAAQ,EAAE;QAAzB,aAAQ,GAAR,QAAQ,CAAiB;IAAG,CAAC;IAE3C,QAAQ;;YACZ,MAAM,MAAM,GAAG,MAAM,IAAI,CAAC,QAAQ,CAAC,QAAQ,EAAE,CAAC;YAC9C,OAAO,EAAE,MAAM,EAAE,YAAY,EAAE,IAAI,EAAE,MAAM,EAAE,CAAC;QAChD,CAAC;KAAA;IAEK,SAAS;6DAAC,EAAE,IAAI,EAAE,KAAK,EAAE,IAAI,EAAoB;YACrD,MAAM,MAAM,GAAG,MAAM,IAAI,CAAC,QAAQ,CAAC,SAAS,CAAC,EAAE,IAAI,EAAE,IAAI,CAAC,WAAW,EAAE,EAAE,KAAK,EAAE,IAAI,EAAE,CAAC,CAAC;YACxF,OAAO,EAAE,MAAM,EAAE,SAAS,EAAE,IAAI,EAAE,MAAM,EAAE,CAAC;QAC7C,CAAC;KAAA;IAEK,SAAS;6DAAC,EAAE,IAAI,EAAE,KAAK,EAAE,IAAI,EAAoB;YAErD,MAAM,MAAM,GAAG,MAAM,IAAI,CAAC,QAAQ,CAAC,SAAS,CAAC,EAAE,IAAI,EAAE,IAAI,EAAE,KAAK,EAAE,CAAC,CAAC;YACpE,IAAI,MAAM,KAAK,CAAC,EAAE,CAAC;gBACjB,OAAO,EAAE,MAAM,EAAE,WAAW,EAAE,IAAI,EAAE,EAAE,OAAO,EAAE,sBAAsB,EAAE,EAAE,CAAC;YAC5E,CAAC;YAED,OAAO,EAAE,MAAM,EAAE,YAAY,EAAE,IAAI,EAAE,EAAE,IAAI,EAAE,KAAK,EAAE,IAAI,EAAE,EAAE,CAAC;QAC/D,CAAC;KAAA;IAEK,OAAO,CAAC,IAAY;;YACxB,MAAM,MAAM,GAAG,MAAM,IAAI,CAAC,QAAQ,CAAC,OAAO,CAAC,IAAI,CAAC,CAAC;YACjD,OAAO,EAAE,MAAM,EAAE,YAAY,EAAE,IAAI,EAAE,MAAM,EAAE,CAAC;QAChD,CAAC;KAAA;IAEK,SAAS;6DAAC,EAAE,EAAE,EAAE,IAAI,EAAE,KAAK,EAAE,IAAI,EAAQ;YAC7C,MAAM,IAAI,CAAC,QAAQ,CAAC,SAAS,CAAC,EAAE,EAAE,EAAE,IAAI,EAAE,IAAI,CAAC,WAAW,EAAE,EAAE,KAAK,EAAE,IAAI,EAAE,CAAC,CAAC;YAE7E,OAAO,EAAE,MAAM,EAAE,YAAY,EAAE,IAAI,EAAE,EAAE,EAAE,EAAE,IAAI,EAAE,IAAI,CAAC,WAAW,EAAE,EAAE,KAAK,EAAE,IAAI,EAAE,EAAE,CAAC;QACvF,CAAC;KAAA;CACF;AAjCD,6BAiCC","sourcesContent":["import { ICar } from '../interfaces/databaseModels/ICar';\nimport CarModel from '../models/CarModel';\nimport { ServiceResponse } from '../utils/mapStatusHTTP';\n\nexport default class CarService {\n  constructor(private carModel = new CarModel()) {}\n\n  async listCars(): Promise<ServiceResponse<ICar[]>> {\n    const result = await this.carModel.listCars();\n    return { status: 'SUCCESSFUL', data: result };\n  }\n\n  async insertCar({ name, brand, year }: Omit<ICar, 'id'>): Promise<ServiceResponse<ICar>> {\n    const result = await this.carModel.insertCar({ name: name.toUpperCase(), brand, year });\n    return { status: 'CREATED', data: result };\n  }\n\n  async removeCar({ name, brand, year }: Omit<ICar, 'id'>):\n  Promise<ServiceResponse<Omit<ICar, 'id'>>> {\n    const result = await this.carModel.removeCar({ name, year, brand });\n    if (result === 0) {\n      return { status: 'NOT_FOUND', data: { message: 'carro não encontrado' } };\n    }\n\n    return { status: 'SUCCESSFUL', data: { name, brand, year } };\n  }\n\n  async findCar(name: string): Promise<ServiceResponse<ICar[]>> {\n    const result = await this.carModel.findCar(name);\n    return { status: 'SUCCESSFUL', data: result };\n  }\n\n  async updateCar({ id, name, brand, year }: ICar): Promise<ServiceResponse<ICar>> {\n    await this.carModel.updateCar({ id, name: name.toUpperCase(), brand, year });\n\n    return { status: 'SUCCESSFUL', data: { id, name: name.toUpperCase(), brand, year } };\n  }\n}\n"]},"_coverageSchema":"1a1c01bbd47fc00a2c39e90264f33305004495a9","hash":"3084864b4733774d7ac882917e2818a8fc4ab236","contentHash":"92f389e9d69f816109bf6d4b1a35585ed0646fecb0d4dbdfd21dbb3e329b4637"},"/back-end-oficina/src/models/CarModel.ts":{"path":"/back-end-oficina/src/models/CarModel.ts","statementMap":{"0":{"start":{"line":2,"column":16},"end":{"line":10,"column":1}},"1":{"start":{"line":3,"column":28},"end":{"line":3,"column":110}},"2":{"start":{"line":3,"column":91},"end":{"line":3,"column":106}},"3":{"start":{"line":4,"column":4},"end":{"line":9,"column":7}},"4":{"start":{"line":5,"column":36},"end":{"line":5,"column":97}},"5":{"start":{"line":5,"column":42},"end":{"line":5,"column":70}},"6":{"start":{"line":5,"column":85},"end":{"line":5,"column":95}},"7":{"start":{"line":6,"column":35},"end":{"line":6,"column":100}},"8":{"start":{"line":6,"column":41},"end":{"line":6,"column":73}},"9":{"start":{"line":6,"column":88},"end":{"line":6,"column":98}},"10":{"start":{"line":7,"column":32},"end":{"line":7,"column":116}},"11":{"start":{"line":8,"column":8},"end":{"line":8,"column":78}},"12":{"start":{"line":11,"column":22},"end":{"line":13,"column":1}},"13":{"start":{"line":12,"column":4},"end":{"line":12,"column":62}},"14":{"start":{"line":14,"column":0},"end":{"line":14,"column":62}},"15":{"start":{"line":15,"column":20},"end":{"line":15,"column":40}},"16":{"start":{"line":16,"column":23},"end":{"line":16,"column":82}},"17":{"start":{"line":19,"column":8},"end":{"line":19,"column":44}},"18":{"start":{"line":22,"column":8},"end":{"line":25,"column":11}},"19":{"start":{"line":23,"column":27},"end":{"line":23,"column":53}},"20":{"start":{"line":24,"column":12},"end":{"line":24,"column":26}},"21":{"start":{"line":28,"column":8},"end":{"line":31,"column":11}},"22":{"start":{"line":29,"column":29},"end":{"line":29,"column":92}},"23":{"start":{"line":30,"column":12},"end":{"line":30,"column":26}},"24":{"start":{"line":34,"column":8},"end":{"line":37,"column":11}},"25":{"start":{"line":35,"column":27},"end":{"line":35,"column":85}},"26":{"start":{"line":36,"column":12},"end":{"line":36,"column":26}},"27":{"start":{"line":40,"column":8},"end":{"line":45,"column":11}},"28":{"start":{"line":41,"column":27},"end":{"line":43,"column":20}},"29":{"start":{"line":44,"column":12},"end":{"line":44,"column":26}},"30":{"start":{"line":48,"column":8},"end":{"line":51,"column":11}},"31":{"start":{"line":49,"column":29},"end":{"line":49,"column":94}},"32":{"start":{"line":50,"column":12},"end":{"line":50,"column":26}},"33":{"start":{"line":54,"column":0},"end":{"line":54,"column":27}}},"fnMap":{"0":{"name":"(anonymous_0)","decl":{"start":{"line":2,"column":44},"end":{"line":2,"column":45}},"loc":{"start":{"line":2,"column":89},"end":{"line":10,"column":1}},"line":2},"1":{"name":"adopt","decl":{"start":{"line":3,"column":13},"end":{"line":3,"column":18}},"loc":{"start":{"line":3,"column":26},"end":{"line":3,"column":112}},"line":3},"2":{"name":"(anonymous_2)","decl":{"start":{"line":3,"column":70},"end":{"line":3,"column":71}},"loc":{"start":{"line":3,"column":89},"end":{"line":3,"column":108}},"line":3},"3":{"name":"(anonymous_3)","decl":{"start":{"line":4,"column":36},"end":{"line":4,"column":37}},"loc":{"start":{"line":4,"column":63},"end":{"line":9,"column":5}},"line":4},"4":{"name":"fulfilled","decl":{"start":{"line":5,"column":17},"end":{"line":5,"column":26}},"loc":{"start":{"line":5,"column":34},"end":{"line":5,"column":99}},"line":5},"5":{"name":"rejected","decl":{"start":{"line":6,"column":17},"end":{"line":6,"column":25}},"loc":{"start":{"line":6,"column":33},"end":{"line":6,"column":102}},"line":6},"6":{"name":"step","decl":{"start":{"line":7,"column":17},"end":{"line":7,"column":21}},"loc":{"start":{"line":7,"column":30},"end":{"line":7,"column":118}},"line":7},"7":{"name":"(anonymous_7)","decl":{"start":{"line":11,"column":56},"end":{"line":11,"column":57}},"loc":{"start":{"line":11,"column":71},"end":{"line":13,"column":1}},"line":11},"8":{"name":"(anonymous_8)","decl":{"start":{"line":18,"column":4},"end":{"line":18,"column":5}},"loc":{"start":{"line":18,"column":18},"end":{"line":20,"column":5}},"line":18},"9":{"name":"(anonymous_9)","decl":{"start":{"line":21,"column":4},"end":{"line":21,"column":5}},"loc":{"start":{"line":21,"column":15},"end":{"line":26,"column":5}},"line":21},"10":{"name":"(anonymous_10)","decl":{"start":{"line":22,"column":47},"end":{"line":22,"column":48}},"loc":{"start":{"line":22,"column":60},"end":{"line":25,"column":9}},"line":22},"11":{"name":"(anonymous_11)","decl":{"start":{"line":27,"column":4},"end":{"line":27,"column":5}},"loc":{"start":{"line":27,"column":18},"end":{"line":32,"column":5}},"line":27},"12":{"name":"(anonymous_12)","decl":{"start":{"line":28,"column":50},"end":{"line":28,"column":51}},"loc":{"start":{"line":28,"column":84},"end":{"line":31,"column":9}},"line":28},"13":{"name":"(anonymous_13)","decl":{"start":{"line":33,"column":4},"end":{"line":33,"column":5}},"loc":{"start":{"line":33,"column":18},"end":{"line":38,"column":5}},"line":33},"14":{"name":"(anonymous_14)","decl":{"start":{"line":34,"column":50},"end":{"line":34,"column":51}},"loc":{"start":{"line":34,"column":84},"end":{"line":37,"column":9}},"line":34},"15":{"name":"(anonymous_15)","decl":{"start":{"line":39,"column":4},"end":{"line":39,"column":5}},"loc":{"start":{"line":39,"column":18},"end":{"line":46,"column":5}},"line":39},"16":{"name":"(anonymous_16)","decl":{"start":{"line":40,"column":47},"end":{"line":40,"column":48}},"loc":{"start":{"line":40,"column":60},"end":{"line":45,"column":9}},"line":40},"17":{"name":"(anonymous_17)","decl":{"start":{"line":47,"column":4},"end":{"line":47,"column":5}},"loc":{"start":{"line":47,"column":18},"end":{"line":52,"column":5}},"line":47},"18":{"name":"(anonymous_18)","decl":{"start":{"line":48,"column":50},"end":{"line":48,"column":51}},"loc":{"start":{"line":48,"column":88},"end":{"line":51,"column":9}},"line":48}},"branchMap":{"0":{"loc":{"start":{"line":2,"column":16},"end":{"line":10,"column":1}},"type":"binary-expr","locations":[{"start":{"line":2,"column":17},"end":{"line":2,"column":21}},{"start":{"line":2,"column":25},"end":{"line":2,"column":39}},{"start":{"line":2,"column":44},"end":{"line":10,"column":1}}],"line":2},"1":{"loc":{"start":{"line":3,"column":35},"end":{"line":3,"column":109}},"type":"cond-expr","locations":[{"start":{"line":3,"column":56},"end":{"line":3,"column":61}},{"start":{"line":3,"column":64},"end":{"line":3,"column":109}}],"line":3},"2":{"loc":{"start":{"line":4,"column":16},"end":{"line":4,"column":34}},"type":"binary-expr","locations":[{"start":{"line":4,"column":16},"end":{"line":4,"column":17}},{"start":{"line":4,"column":22},"end":{"line":4,"column":33}}],"line":4},"3":{"loc":{"start":{"line":7,"column":32},"end":{"line":7,"column":115}},"type":"cond-expr","locations":[{"start":{"line":7,"column":46},"end":{"line":7,"column":67}},{"start":{"line":7,"column":70},"end":{"line":7,"column":115}}],"line":7},"4":{"loc":{"start":{"line":8,"column":51},"end":{"line":8,"column":67}},"type":"binary-expr","locations":[{"start":{"line":8,"column":51},"end":{"line":8,"column":61}},{"start":{"line":8,"column":65},"end":{"line":8,"column":67}}],"line":8},"5":{"loc":{"start":{"line":11,"column":22},"end":{"line":13,"column":1}},"type":"binary-expr","locations":[{"start":{"line":11,"column":23},"end":{"line":11,"column":27}},{"start":{"line":11,"column":31},"end":{"line":11,"column":51}},{"start":{"line":11,"column":56},"end":{"line":13,"column":1}}],"line":11},"6":{"loc":{"start":{"line":12,"column":11},"end":{"line":12,"column":61}},"type":"cond-expr","locations":[{"start":{"line":12,"column":37},"end":{"line":12,"column":40}},{"start":{"line":12,"column":43},"end":{"line":12,"column":61}}],"line":12},"7":{"loc":{"start":{"line":12,"column":12},"end":{"line":12,"column":33}},"type":"binary-expr","locations":[{"start":{"line":12,"column":12},"end":{"line":12,"column":15}},{"start":{"line":12,"column":19},"end":{"line":12,"column":33}}],"line":12}},"s":{"0":1,"1":6,"2":0,"3":6,"4":6,"5":6,"6":0,"7":0,"8":0,"9":0,"10":12,"11":6,"12":1,"13":1,"14":1,"15":1,"16":1,"17":2,"18":1,"19":1,"20":1,"21":1,"22":1,"23":1,"24":2,"25":2,"26":2,"27":1,"28":1,"29":1,"30":1,"31":1,"32":1,"33":1},"f":{"0":6,"1":6,"2":0,"3":6,"4":6,"5":0,"6":12,"7":1,"8":2,"9":1,"10":1,"11":1,"12":1,"13":2,"14":2,"15":1,"16":1,"17":1,"18":1},"b":{"0":[1,1,1],"1":[6,0],"2":[6,6],"3":[6,6],"4":[6,2],"5":[1,1,1],"6":[1,0],"7":[1,1]},"inputSourceMap":{"version":3,"file":"/back-end-oficina/src/models/CarModel.ts","sources":["/back-end-oficina/src/models/CarModel.ts"],"names":[],"mappings":";;;;;;;;;;;;;;AAAA,yCAA+B;AAC/B,mFAA2D;AAI3D,MAAqB,QAAQ;IAA7B;QACU,UAAK,GAAG,sBAAY,CAAC;IA6B/B,CAAC;IA3BO,QAAQ;;YACZ,MAAM,MAAM,GAAG,MAAM,IAAI,CAAC,KAAK,CAAC,OAAO,EAAE,CAAC;YAC1C,OAAO,MAAM,CAAC;QAChB,CAAC;KAAA;IAEK,SAAS;6DAAC,EAAE,IAAI,EAAE,KAAK,EAAE,IAAI,EAAkD;YAEnF,MAAM,CAAC,MAAM,CAAC,GAAG,MAAM,IAAI,CAAC,KAAK,CAAC,YAAY,CAAC,EAAE,KAAK,EAAE,EAAE,IAAI,EAAE,KAAK,EAAE,IAAI,EAAE,EAAE,CAAC,CAAC;YACjF,OAAO,MAAM,CAAC;QAChB,CAAC;KAAA;IAEK,SAAS;6DAAC,EAAE,IAAI,EAAE,KAAK,EAAE,IAAI,EAAoB;YACrD,MAAM,MAAM,GAAG,MAAM,IAAI,CAAC,KAAK,CAAC,OAAO,CAAC,EAAE,KAAK,EAAE,EAAE,IAAI,EAAE,KAAK,EAAE,IAAI,EAAE,EAAE,CAAC,CAAC;YAC1E,OAAO,MAAM,CAAC;QAChB,CAAC;KAAA;IAEK,OAAO,CAAC,IAAY;;YACxB,MAAM,MAAM,GAAG,MAAM,IAAI,CAAC,KAAK,CAAC,OAAO,CAAC,EAAE,KAAK,EAAE;oBAC/C,IAAI,EAAE,EAAE,CAAC,cAAE,CAAC,IAAI,CAAC,EAAE,IAAI,IAAI,CAAC,WAAW,EAAE,GAAG,EAAE;iBAC/C,EAAE,CAAC,CAAC;YACL,OAAO,MAAM,CAAC;QAChB,CAAC;KAAA;IAEK,SAAS;6DAAC,EAAE,EAAE,EAAE,IAAI,EAAE,KAAK,EAAE,IAAI,EAAQ;YAC7C,MAAM,CAAC,MAAM,CAAC,GAAG,MAAM,IAAI,CAAC,KAAK,CAAC,MAAM,CAAC,EAAE,IAAI,EAAE,KAAK,EAAE,IAAI,EAAE,EAAE,EAAE,KAAK,EAAE,EAAE,EAAE,EAAE,EAAE,CAAC,CAAC;YACnF,OAAO,MAAM,CAAC;QAChB,CAAC;KAAA;CACF;AA9BD,2BA8BC","sourcesContent":["import { Op } from 'sequelize';\nimport SequelizeCar from '../database/models/SequelizeCar';\nimport { ICar } from '../interfaces/databaseModels/ICar';\nimport { ICarModel } from '../interfaces/ICarModel';\n\nexport default class CarModel implements ICarModel {\n  private model = SequelizeCar;\n\n  async listCars(): Promise<ICar[]> {\n    const result = await this.model.findAll();\n    return result;\n  }\n\n  async insertCar({ name, brand, year }: { name: string; brand: string; year: number; }):\n  Promise<ICar> {\n    const [result] = await this.model.findOrCreate({ where: { name, brand, year } });\n    return result;\n  }\n\n  async removeCar({ name, brand, year }: Omit<ICar, 'id'>): Promise<number> {\n    const result = await this.model.destroy({ where: { name, brand, year } });\n    return result;\n  }\n\n  async findCar(name: string): Promise<ICar[]> {\n    const result = await this.model.findAll({ where: {\n      name: { [Op.like]: `%${name.toUpperCase()}%` },\n    } });\n    return result;\n  }\n\n  async updateCar({ id, name, brand, year }: ICar): Promise<number> {\n    const [result] = await this.model.update({ name, brand, year }, { where: { id } });\n    return result;\n  }\n}\n"]},"_coverageSchema":"1a1c01bbd47fc00a2c39e90264f33305004495a9","hash":"1fbc9e37998628ebab42355bb43f949adc3db4bc","contentHash":"ef2ca2b90644ac6a2598c9f746d0bb821c103f55ee98861a967d3dc15723d388"},"/back-end-oficina/src/database/models/SequelizeCar.ts":{"path":"/back-end-oficina/src/database/models/SequelizeCar.ts","statementMap":{"0":{"start":{"line":2,"column":22},"end":{"line":4,"column":1}},"1":{"start":{"line":3,"column":4},"end":{"line":3,"column":62}},"2":{"start":{"line":5,"column":0},"end":{"line":5,"column":62}},"3":{"start":{"line":6,"column":20},"end":{"line":6,"column":40}},"4":{"start":{"line":7,"column":11},"end":{"line":7,"column":40}},"5":{"start":{"line":10,"column":0},"end":{"line":33,"column":3}},"6":{"start":{"line":34,"column":0},"end":{"line":34,"column":31}}},"fnMap":{"0":{"name":"(anonymous_0)","decl":{"start":{"line":2,"column":56},"end":{"line":2,"column":57}},"loc":{"start":{"line":2,"column":71},"end":{"line":4,"column":1}},"line":2}},"branchMap":{"0":{"loc":{"start":{"line":2,"column":22},"end":{"line":4,"column":1}},"type":"binary-expr","locations":[{"start":{"line":2,"column":23},"end":{"line":2,"column":27}},{"start":{"line":2,"column":31},"end":{"line":2,"column":51}},{"start":{"line":2,"column":56},"end":{"line":4,"column":1}}],"line":2},"1":{"loc":{"start":{"line":3,"column":11},"end":{"line":3,"column":61}},"type":"cond-expr","locations":[{"start":{"line":3,"column":37},"end":{"line":3,"column":40}},{"start":{"line":3,"column":43},"end":{"line":3,"column":61}}],"line":3},"2":{"loc":{"start":{"line":3,"column":12},"end":{"line":3,"column":33}},"type":"binary-expr","locations":[{"start":{"line":3,"column":12},"end":{"line":3,"column":15}},{"start":{"line":3,"column":19},"end":{"line":3,"column":33}}],"line":3}},"s":{"0":1,"1":1,"2":1,"3":1,"4":1,"5":1,"6":1},"f":{"0":1},"b":{"0":[1,1,1],"1":[1,0],"2":[1,1]},"inputSourceMap":{"version":3,"file":"/back-end-oficina/src/database/models/SequelizeCar.ts","sources":["/back-end-oficina/src/database/models/SequelizeCar.ts"],"names":[],"mappings":";;;;;AAAA,yCACiD;AACjD,yCAAmB;AAEnB,MAAM,YAAa,SAAQ,iBACW;CAQrC;AAED,YAAY,CAAC,IAAI,CAAC;IAChB,EAAE,EAAE;QACF,IAAI,EAAE,qBAAS,CAAC,OAAO;QACvB,aAAa,EAAE,IAAI;QACnB,UAAU,EAAE,IAAI;KACjB;IACD,IAAI,EAAE;QACJ,IAAI,EAAE,qBAAS,CAAC,MAAM;QACtB,SAAS,EAAE,KAAK;KACjB;IACD,IAAI,EAAE;QACJ,IAAI,EAAE,qBAAS,CAAC,OAAO;QACvB,SAAS,EAAE,KAAK;KACjB;IACD,KAAK,EAAE;QACL,IAAI,EAAE,qBAAS,CAAC,MAAM;QACtB,SAAS,EAAE,KAAK;KACjB;CACF,EAAE;IACD,SAAS,EAAE,MAAM;IACjB,SAAS,EAAE,MAAM;IACjB,UAAU,EAAE,KAAK;IACjB,SAAS,EAAE,UAAE;CACd,CAAC,CAAC;AAEH,kBAAe,YAAY,CAAC","sourcesContent":["import { Model, InferAttributes, InferCreationAttributes,\n  DataTypes, CreationOptional } from 'sequelize';\nimport db from '.';\n\nclass SequelizeCar extends Model<InferAttributes<SequelizeCar>,\nInferCreationAttributes<SequelizeCar>> {\n  declare id: CreationOptional<number>;\n\n  declare name: string;\n\n  declare year: number;\n\n  declare brand: string;\n}\n\nSequelizeCar.init({\n  id: {\n    type: DataTypes.INTEGER,\n    autoIncrement: true,\n    primaryKey: true,\n  },\n  name: {\n    type: DataTypes.STRING,\n    allowNull: false,\n  },\n  year: {\n    type: DataTypes.INTEGER,\n    allowNull: false,\n  },\n  brand: {\n    type: DataTypes.STRING,\n    allowNull: false,\n  },\n}, {\n  tableName: 'cars',\n  modelName: 'cars',\n  timestamps: false,\n  sequelize: db,\n});\n\nexport default SequelizeCar;\n"]},"_coverageSchema":"1a1c01bbd47fc00a2c39e90264f33305004495a9","hash":"ac2653b4be85f3587550e9d6965ca5266042e48b","contentHash":"8b1e06a729ef9dc3cc70f8988d8d31998c45d28a97d88e5332e4cbb535df3f61"},"/back-end-oficina/src/utils/mapStatusHTTP.ts":{"path":"/back-end-oficina/src/utils/mapStatusHTTP.ts","statementMap":{"0":{"start":{"line":2,"column":0},"end":{"line":2,"column":62}},"1":{"start":{"line":5,"column":4},"end":{"line":15,"column":5}},"2":{"start":{"line":6,"column":27},"end":{"line":6,"column":38}},"3":{"start":{"line":7,"column":24},"end":{"line":7,"column":35}},"4":{"start":{"line":8,"column":29},"end":{"line":8,"column":40}},"5":{"start":{"line":9,"column":29},"end":{"line":9,"column":40}},"6":{"start":{"line":10,"column":26},"end":{"line":10,"column":37}},"7":{"start":{"line":11,"column":25},"end":{"line":11,"column":36}},"8":{"start":{"line":12,"column":30},"end":{"line":12,"column":41}},"9":{"start":{"line":13,"column":26},"end":{"line":13,"column":37}},"10":{"start":{"line":14,"column":17},"end":{"line":14,"column":28}},"11":{"start":{"line":17,"column":0},"end":{"line":17,"column":32}}},"fnMap":{"0":{"name":"mapStatusHTTP","decl":{"start":{"line":4,"column":9},"end":{"line":4,"column":22}},"loc":{"start":{"line":4,"column":31},"end":{"line":16,"column":1}},"line":4}},"branchMap":{"0":{"loc":{"start":{"line":5,"column":4},"end":{"line":15,"column":5}},"type":"switch","locations":[{"start":{"line":6,"column":8},"end":{"line":6,"column":38}},{"start":{"line":7,"column":8},"end":{"line":7,"column":35}},{"start":{"line":8,"column":8},"end":{"line":8,"column":40}},{"start":{"line":9,"column":8},"end":{"line":9,"column":40}},{"start":{"line":10,"column":8},"end":{"line":10,"column":37}},{"start":{"line":11,"column":8},"end":{"line":11,"column":36}},{"start":{"line":12,"column":8},"end":{"line":12,"column":41}},{"start":{"line":13,"column":8},"end":{"line":13,"column":37}},{"start":{"line":14,"column":8},"end":{"line":14,"column":28}}],"line":5}},"s":{"0":1,"1":26,"2":13,"3":4,"4":0,"5":2,"6":6,"7":1,"8":0,"9":0,"10":0,"11":1},"f":{"0":26},"b":{"0":[13,4,0,2,6,1,0,0,0]},"inputSourceMap":{"version":3,"file":"/back-end-oficina/src/utils/mapStatusHTTP.ts","sources":["/back-end-oficina/src/utils/mapStatusHTTP.ts"],"names":[],"mappings":";;AAeA,6BAA6B;AAE7B,SAAwB,aAAa,CAAC,MAAc;IAClD,QAAQ,MAAM,EAAE,CAAC;QACf,KAAK,YAAY,CAAC,CAAC,OAAO,GAAG,CAAC;QAC9B,KAAK,SAAS,CAAC,CAAC,OAAO,GAAG,CAAC;QAC3B,KAAK,cAAc,CAAC,CAAC,OAAO,GAAG,CAAC;QAChC,KAAK,cAAc,CAAC,CAAC,OAAO,GAAG,CAAC;QAChC,KAAK,WAAW,CAAC,CAAC,OAAO,GAAG,CAAC;QAC7B,KAAK,UAAU,CAAC,CAAC,OAAO,GAAG,CAAC;QAC5B,KAAK,eAAe,CAAC,CAAC,OAAO,GAAG,CAAC;QACjC,KAAK,WAAW,CAAC,CAAC,OAAO,GAAG,CAAC;QAC7B,OAAO,CAAC,CAAC,OAAO,GAAG,CAAC;IACtB,CAAC;AACH,CAAC;AAZD,gCAYC","sourcesContent":["export type ServiceMessage = { message: string };\n\ntype ServiceResponseErrorType = 'INVALID_DATA' | 'UNAUTHORIZED' |\n'NOT_FOUND' | 'CONFLICT' | 'UNPROCESSABLE';\n\nexport type ServiceResponseError = {\n  status: ServiceResponseErrorType,\n  data: ServiceMessage\n};\n\nexport type ServiceResponseSuccess<T> = {\n  status: 'SUCCESSFUL' | 'CREATED',\n  data: T\n};\n\n// src/utils/mapStatusHTTP.ts\n\nexport default function mapStatusHTTP(status: string): number {\n  switch (status) {\n    case 'SUCCESSFUL': return 200;\n    case 'CREATED': return 201;\n    case 'INVALID_DATA': return 400;\n    case 'UNAUTHORIZED': return 401;\n    case 'NOT_FOUND': return 404;\n    case 'CONFLICT': return 409;\n    case 'UNPROCESSABLE': return 422;\n    case 'FORBIDDEN': return 403;\n    default: return 500;\n  }\n}\n\nexport type ServiceResponse<T> = ServiceResponseError | ServiceResponseSuccess<T>;\n"]},"_coverageSchema":"1a1c01bbd47fc00a2c39e90264f33305004495a9","hash":"aed4030154257327fac9006524306440541c7b42","contentHash":"ddca6b680a56c23ff99e50bf9e6b62f7ef952ae376902a754594f882a78b0d8b"},"/back-end-oficina/src/middlewares/Validates.ts":{"path":"/back-end-oficina/src/middlewares/Validates.ts","statementMap":{"0":{"start":{"line":2,"column":22},"end":{"line":4,"column":1}},"1":{"start":{"line":3,"column":4},"end":{"line":3,"column":62}},"2":{"start":{"line":5,"column":0},"end":{"line":5,"column":62}},"3":{"start":{"line":6,"column":23},"end":{"line":6,"column":63}},"4":{"start":{"line":7,"column":20},"end":{"line":7,"column":66}},"5":{"start":{"line":8,"column":19},"end":{"line":8,"column":69}},"6":{"start":{"line":9,"column":18},"end":{"line":9,"column":67}},"7":{"start":{"line":10,"column":12},"end":{"line":10,"column":29}},"8":{"start":{"line":13,"column":38},"end":{"line":13,"column":46}},"9":{"start":{"line":14,"column":28},"end":{"line":14,"column":52}},"10":{"start":{"line":15,"column":8},"end":{"line":17,"column":9}},"11":{"start":{"line":16,"column":12},"end":{"line":16,"column":99}},"12":{"start":{"line":18,"column":8},"end":{"line":20,"column":9}},"13":{"start":{"line":19,"column":12},"end":{"line":19,"column":74}},"14":{"start":{"line":21,"column":8},"end":{"line":21,"column":15}},"15":{"start":{"line":24,"column":29},"end":{"line":24,"column":37}},"16":{"start":{"line":25,"column":8},"end":{"line":27,"column":9}},"17":{"start":{"line":26,"column":12},"end":{"line":26,"column":87}},"18":{"start":{"line":28,"column":8},"end":{"line":30,"column":9}},"19":{"start":{"line":29,"column":12},"end":{"line":29,"column":121}},"20":{"start":{"line":31,"column":8},"end":{"line":31,"column":15}},"21":{"start":{"line":34,"column":26},"end":{"line":34,"column":34}},"22":{"start":{"line":35,"column":8},"end":{"line":37,"column":9}},"23":{"start":{"line":36,"column":12},"end":{"line":36,"column":81}},"24":{"start":{"line":38,"column":8},"end":{"line":40,"column":9}},"25":{"start":{"line":39,"column":12},"end":{"line":39,"column":86}},"26":{"start":{"line":41,"column":8},"end":{"line":41,"column":15}},"27":{"start":{"line":44,"column":36},"end":{"line":44,"column":44}},"28":{"start":{"line":45,"column":8},"end":{"line":47,"column":9}},"29":{"start":{"line":46,"column":12},"end":{"line":46,"column":92}},"30":{"start":{"line":48,"column":8},"end":{"line":50,"column":9}},"31":{"start":{"line":49,"column":12},"end":{"line":49,"column":86}},"32":{"start":{"line":51,"column":8},"end":{"line":53,"column":9}},"33":{"start":{"line":52,"column":12},"end":{"line":52,"column":97}},"34":{"start":{"line":54,"column":8},"end":{"line":57,"column":9}},"35":{"start":{"line":55,"column":12},"end":{"line":56,"column":54}},"36":{"start":{"line":58,"column":8},"end":{"line":58,"column":15}},"37":{"start":{"line":61,"column":8},"end":{"line":72,"column":9}},"38":{"start":{"line":62,"column":34},"end":{"line":62,"column":61}},"39":{"start":{"line":63,"column":12},"end":{"line":65,"column":13}},"40":{"start":{"line":64,"column":16},"end":{"line":64,"column":82}},"41":{"start":{"line":66,"column":30},"end":{"line":66,"column":54}},"42":{"start":{"line":67,"column":12},"end":{"line":67,"column":54}},"43":{"start":{"line":68,"column":12},"end":{"line":68,"column":19}},"44":{"start":{"line":71,"column":12},"end":{"line":71,"column":84}},"45":{"start":{"line":75,"column":25},"end":{"line":75,"column":33}},"46":{"start":{"line":76,"column":8},"end":{"line":78,"column":9}},"47":{"start":{"line":77,"column":12},"end":{"line":77,"column":78}},"48":{"start":{"line":79,"column":8},"end":{"line":81,"column":9}},"49":{"start":{"line":80,"column":12},"end":{"line":80,"column":99}},"50":{"start":{"line":82,"column":8},"end":{"line":82,"column":15}},"51":{"start":{"line":85,"column":29},"end":{"line":85,"column":37}},"52":{"start":{"line":86,"column":8},"end":{"line":88,"column":9}},"53":{"start":{"line":87,"column":12},"end":{"line":87,"column":87}},"54":{"start":{"line":89,"column":8},"end":{"line":91,"column":9}},"55":{"start":{"line":90,"column":12},"end":{"line":90,"column":99}},"56":{"start":{"line":92,"column":8},"end":{"line":92,"column":15}},"57":{"start":{"line":95,"column":32},"end":{"line":95,"column":40}},"58":{"start":{"line":96,"column":8},"end":{"line":98,"column":9}},"59":{"start":{"line":97,"column":12},"end":{"line":97,"column":91}},"60":{"start":{"line":99,"column":8},"end":{"line":99,"column":15}},"61":{"start":{"line":102,"column":27},"end":{"line":102,"column":67}},"62":{"start":{"line":103,"column":57},"end":{"line":103,"column":65}},"63":{"start":{"line":104,"column":8},"end":{"line":108,"column":9}},"64":{"start":{"line":105,"column":12},"end":{"line":107,"column":15}},"65":{"start":{"line":109,"column":8},"end":{"line":113,"column":9}},"66":{"start":{"line":110,"column":12},"end":{"line":112,"column":15}},"67":{"start":{"line":114,"column":8},"end":{"line":114,"column":15}},"68":{"start":{"line":117,"column":27},"end":{"line":117,"column":67}},"69":{"start":{"line":118,"column":53},"end":{"line":118,"column":61}},"70":{"start":{"line":119,"column":8},"end":{"line":123,"column":9}},"71":{"start":{"line":120,"column":12},"end":{"line":122,"column":15}},"72":{"start":{"line":124,"column":8},"end":{"line":128,"column":9}},"73":{"start":{"line":125,"column":12},"end":{"line":127,"column":15}},"74":{"start":{"line":129,"column":8},"end":{"line":129,"column":15}},"75":{"start":{"line":132,"column":0},"end":{"line":132,"column":27}}},"fnMap":{"0":{"name":"(anonymous_0)","decl":{"start":{"line":2,"column":56},"end":{"line":2,"column":57}},"loc":{"start":{"line":2,"column":71},"end":{"line":4,"column":1}},"line":2},"1":{"name":"(anonymous_1)","decl":{"start":{"line":12,"column":4},"end":{"line":12,"column":5}},"loc":{"start":{"line":12,"column":39},"end":{"line":22,"column":5}},"line":12},"2":{"name":"(anonymous_2)","decl":{"start":{"line":23,"column":4},"end":{"line":23,"column":5}},"loc":{"start":{"line":23,"column":41},"end":{"line":32,"column":5}},"line":23},"3":{"name":"(anonymous_3)","decl":{"start":{"line":33,"column":4},"end":{"line":33,"column":5}},"loc":{"start":{"line":33,"column":41},"end":{"line":42,"column":5}},"line":33},"4":{"name":"(anonymous_4)","decl":{"start":{"line":43,"column":4},"end":{"line":43,"column":5}},"loc":{"start":{"line":43,"column":52},"end":{"line":59,"column":5}},"line":43},"5":{"name":"(anonymous_5)","decl":{"start":{"line":60,"column":4},"end":{"line":60,"column":5}},"loc":{"start":{"line":60,"column":41},"end":{"line":73,"column":5}},"line":60},"6":{"name":"(anonymous_6)","decl":{"start":{"line":74,"column":4},"end":{"line":74,"column":5}},"loc":{"start":{"line":74,"column":50},"end":{"line":83,"column":5}},"line":74},"7":{"name":"(anonymous_7)","decl":{"start":{"line":84,"column":4},"end":{"line":84,"column":5}},"loc":{"start":{"line":84,"column":50},"end":{"line":93,"column":5}},"line":84},"8":{"name":"(anonymous_8)","decl":{"start":{"line":94,"column":4},"end":{"line":94,"column":5}},"loc":{"start":{"line":94,"column":46},"end":{"line":100,"column":5}},"line":94},"9":{"name":"(anonymous_9)","decl":{"start":{"line":101,"column":4},"end":{"line":101,"column":5}},"loc":{"start":{"line":101,"column":48},"end":{"line":115,"column":5}},"line":101},"10":{"name":"(anonymous_10)","decl":{"start":{"line":116,"column":4},"end":{"line":116,"column":5}},"loc":{"start":{"line":116,"column":48},"end":{"line":130,"column":5}},"line":116}},"branchMap":{"0":{"loc":{"start":{"line":2,"column":22},"end":{"line":4,"column":1}},"type":"binary-expr","locations":[{"start":{"line":2,"column":23},"end":{"line":2,"column":27}},{"start":{"line":2,"column":31},"end":{"line":2,"column":51}},{"start":{"line":2,"column":56},"end":{"line":4,"column":1}}],"line":2},"1":{"loc":{"start":{"line":3,"column":11},"end":{"line":3,"column":61}},"type":"cond-expr","locations":[{"start":{"line":3,"column":37},"end":{"line":3,"column":40}},{"start":{"line":3,"column":43},"end":{"line":3,"column":61}}],"line":3},"2":{"loc":{"start":{"line":3,"column":12},"end":{"line":3,"column":33}},"type":"binary-expr","locations":[{"start":{"line":3,"column":12},"end":{"line":3,"column":15}},{"start":{"line":3,"column":19},"end":{"line":3,"column":33}}],"line":3},"3":{"loc":{"start":{"line":15,"column":8},"end":{"line":17,"column":9}},"type":"if","locations":[{"start":{"line":15,"column":8},"end":{"line":17,"column":9}},{"start":{"line":15,"column":8},"end":{"line":17,"column":9}}],"line":15},"4":{"loc":{"start":{"line":15,"column":12},"end":{"line":15,"column":36}},"type":"binary-expr","locations":[{"start":{"line":15,"column":12},"end":{"line":15,"column":17}},{"start":{"line":15,"column":21},"end":{"line":15,"column":27}},{"start":{"line":15,"column":31},"end":{"line":15,"column":36}}],"line":15},"5":{"loc":{"start":{"line":18,"column":8},"end":{"line":20,"column":9}},"type":"if","locations":[{"start":{"line":18,"column":8},"end":{"line":20,"column":9}},{"start":{"line":18,"column":8},"end":{"line":20,"column":9}}],"line":18},"6":{"loc":{"start":{"line":18,"column":12},"end":{"line":18,"column":89}},"type":"binary-expr","locations":[{"start":{"line":18,"column":12},"end":{"line":18,"column":27}},{"start":{"line":18,"column":31},"end":{"line":18,"column":67}},{"start":{"line":18,"column":71},"end":{"line":18,"column":89}}],"line":18},"7":{"loc":{"start":{"line":25,"column":8},"end":{"line":27,"column":9}},"type":"if","locations":[{"start":{"line":25,"column":8},"end":{"line":27,"column":9}},{"start":{"line":25,"column":8},"end":{"line":27,"column":9}}],"line":25},"8":{"loc":{"start":{"line":25,"column":12},"end":{"line":25,"column":24}},"type":"binary-expr","locations":[{"start":{"line":25,"column":12},"end":{"line":25,"column":15}},{"start":{"line":25,"column":19},"end":{"line":25,"column":24}}],"line":25},"9":{"loc":{"start":{"line":28,"column":8},"end":{"line":30,"column":9}},"type":"if","locations":[{"start":{"line":28,"column":8},"end":{"line":30,"column":9}},{"s
[...]
3,"column":8},"end":{"line":32,"column":11}},"20":{"start":{"line":24,"column":29},"end":{"line":30,"column":20}},"21":{"start":{"line":31,"column":12},"end":{"line":31,"column":26}},"22":{"start":{"line":35,"column":8},"end":{"line":47,"column":11}},"23":{"start":{"line":36,"column":27},"end":{"line":45,"column":14}},"24":{"start":{"line":46,"column":12},"end":{"line":46,"column":26}},"25":{"start":{"line":50,"column":8},"end":{"line":53,"column":11}},"26":{"start":{"line":51,"column":27},"end":{"line":51,"column":70}},"27":{"start":{"line":52,"column":12},"end":{"line":52,"column":26}},"28":{"start":{"line":56,"column":8},"end":{"line":60,"column":11}},"29":{"start":{"line":57,"column":61},"end":{"line":57,"column":67}},"30":{"start":{"line":58,"column":27},"end":{"line":58,"column":107}},"31":{"start":{"line":59,"column":12},"end":{"line":59,"column":26}},"32":{"start":{"line":63,"column":8},"end":{"line":69,"column":11}},"33":{"start":{"line":64,"column":27},"end":{"line":67,"column":14}},"34":{"start":{"line":68,"column":12},"end":{"line":68,"column":26}},"35":{"start":{"line":72,"column":0},"end":{"line":72,"column":30}}},"fnMap":{"0":{"name":"(anonymous_0)","decl":{"start":{"line":2,"column":44},"end":{"line":2,"column":45}},"loc":{"start":{"line":2,"column":89},"end":{"line":10,"column":1}},"line":2},"1":{"name":"adopt","decl":{"start":{"line":3,"column":13},"end":{"line":3,"column":18}},"loc":{"start":{"line":3,"column":26},"end":{"line":3,"column":112}},"line":3},"2":{"name":"(anonymous_2)","decl":{"start":{"line":3,"column":70},"end":{"line":3,"column":71}},"loc":{"start":{"line":3,"column":89},"end":{"line":3,"column":108}},"line":3},"3":{"name":"(anonymous_3)","decl":{"start":{"line":4,"column":36},"end":{"line":4,"column":37}},"loc":{"start":{"line":4,"column":63},"end":{"line":9,"column":5}},"line":4},"4":{"name":"fulfilled","decl":{"start":{"line":5,"column":17},"end":{"line":5,"column":26}},"loc":{"start":{"line":5,"column":34},"end":{"line":5,"column":99}},"line":5},"5":{"name":"rejected","decl":{"start":{"line":6,"column":17},"end":{"line":6,"column":25}},"loc":{"start":{"line":6,"column":33},"end":{"line":6,"column":102}},"line":6},"6":{"name":"step","decl":{"start":{"line":7,"column":17},"end":{"line":7,"column":21}},"loc":{"start":{"line":7,"column":30},"end":{"line":7,"column":118}},"line":7},"7":{"name":"(anonymous_7)","decl":{"start":{"line":11,"column":56},"end":{"line":11,"column":57}},"loc":{"start":{"line":11,"column":71},"end":{"line":13,"column":1}},"line":11},"8":{"name":"(anonymous_8)","decl":{"start":{"line":19,"column":4},"end":{"line":19,"column":5}},"loc":{"start":{"line":19,"column":51},"end":{"line":21,"column":5}},"line":19},"9":{"name":"(anonymous_9)","decl":{"start":{"line":22,"column":4},"end":{"line":22,"column":5}},"loc":{"start":{"line":22,"column":21},"end":{"line":33,"column":5}},"line":22},"10":{"name":"(anonymous_10)","decl":{"start":{"line":23,"column":50},"end":{"line":23,"column":51}},"loc":{"start":{"line":23,"column":99},"end":{"line":32,"column":9}},"line":23},"11":{"name":"(anonymous_11)","decl":{"start":{"line":34,"column":4},"end":{"line":34,"column":5}},"loc":{"start":{"line":34,"column":19},"end":{"line":48,"column":5}},"line":34},"12":{"name":"(anonymous_12)","decl":{"start":{"line":35,"column":50},"end":{"line":35,"column":51}},"loc":{"start":{"line":35,"column":78},"end":{"line":47,"column":9}},"line":35},"13":{"name":"(anonymous_13)","decl":{"start":{"line":49,"column":4},"end":{"line":49,"column":5}},"loc":{"start":{"line":49,"column":21},"end":{"line":54,"column":5}},"line":49},"14":{"name":"(anonymous_14)","decl":{"start":{"line":50,"column":47},"end":{"line":50,"column":48}},"loc":{"start":{"line":50,"column":60},"end":{"line":53,"column":9}},"line":50},"15":{"name":"(anonymous_15)","decl":{"start":{"line":55,"column":4},"end":{"line":55,"column":5}},"loc":{"start":{"line":55,"column":25},"end":{"line":61,"column":5}},"line":55},"16":{"name":"(anonymous_16)","decl":{"start":{"line":56,"column":47},"end":{"line":56,"column":48}},"loc":{"start":{"line":56,"column":60},"end":{"line":60,"column":9}},"line":56},"17":{"name":"(anonymous_17)","decl":{"start":{"line":62,"column":4},"end":{"line":62,"column":5}},"loc":{"start":{"line":62,"column":17},"end":{"line":70,"column":5}},"line":62},"18":{"name":"(anonymous_18)","decl":{"start":{"line":63,"column":47},"end":{"line":63,"column":48}},"loc":{"start":{"line":63,"column":60},"end":{"line":69,"column":9}},"line":63}},"branchMap":{"0":{"loc":{"start":{"line":2,"column":16},"end":{"line":10,"column":1}},"type":"binary-expr","locations":[{"start":{"line":2,"column":17},"end":{"line":2,"column":21}},{"start":{"line":2,"column":25},"end":{"line":2,"column":39}},{"start":{"line":2,"column":44},"end":{"line":10,"column":1}}],"line":2},"1":{"loc":{"start":{"line":3,"column":35},"end":{"line":3,"column":109}},"type":"cond-expr","locations":[{"start":{"line":3,"column":56},"end":{"line":3,"column":61}},{"start":{"line":3,"column":64},"end":{"line":3,"column":109}}],"line":3},"2":{"loc":{"start":{"line":4,"column":16},"end":{"line":4,"column":34}},"type":"binary-expr","locations":[{"start":{"line":4,"column":16},"end":{"line":4,"column":17}},{"start":{"line":4,"column":22},"end":{"line":4,"column":33}}],"line":4},"3":{"loc":{"start":{"line":7,"column":32},"end":{"line":7,"column":115}},"type":"cond-expr","locations":[{"start":{"line":7,"column":46},"end":{"line":7,"column":67}},{"start":{"line":7,"column":70},"end":{"line":7,"column":115}}],"line":7},"4":{"loc":{"start":{"line":8,"column":51},"end":{"line":8,"column":67}},"type":"binary-expr","locations":[{"start":{"line":8,"column":51},"end":{"line":8,"column":61}},{"start":{"line":8,"column":65},"end":{"line":8,"column":67}}],"line":8},"5":{"loc":{"start":{"line":11,"column":22},"end":{"line":13,"column":1}},"type":"binary-expr","locations":[{"start":{"line":11,"column":23},"end":{"line":11,"column":27}},{"start":{"line":11,"column":31},"end":{"line":11,"column":51}},{"start":{"line":11,"column":56},"end":{"line":13,"column":1}}],"line":11},"6":{"loc":{"start":{"line":12,"column":11},"end":{"line":12,"column":61}},"type":"cond-expr","locations":[{"start":{"line":12,"column":37},"end":{"line":12,"column":40}},{"start":{"line":12,"column":43},"end":{"line":12,"column":61}}],"line":12},"7":{"loc":{"start":{"line":12,"column":12},"end":{"line":12,"column":33}},"type":"binary-expr","locations":[{"start":{"line":12,"column":12},"end":{"line":12,"column":15}},{"start":{"line":12,"column":19},"end":{"line":12,"column":33}}],"line":12},"8":{"loc":{"start":{"line":19,"column":16},"end":{"line":19,"column":49}},"type":"default-arg","locations":[{"start":{"line":19,"column":24},"end":{"line":19,"column":49}}],"line":19}},"s":{"0":1,"1":0,"2":0,"3":0,"4":0,"5":0,"6":0,"7":0,"8":0,"9":0,"10":0,"11":0,"12":1,"13":2,"14":1,"15":1,"16":1,"17":1,"18":1,"19":0,"20":0,"21":0,"22":0,"23":0,"24":0,"25":0,"26":0,"27":0,"28":0,"29":0,"30":0,"31":0,"32":0,"33":0,"34":0,"35":1},"f":{"0":0,"1":0,"2":0,"3":0,"4":0,"5":0,"6":0,"7":2,"8":1,"9":0,"10":0,"11":0,"12":0,"13":0,"14":0,"15":0,"16":0,"17":0,"18":0},"b":{"0":[1,1,1],"1":[0,0],"2":[0,0],"3":[0,0],"4":[0,0],"5":[1,1,1],"6":[2,0],"7":[2,2],"8":[1]},"inputSourceMap":{"version":3,"file":"/back-end-oficina/src/models/ClientModel.ts","sources":["/back-end-oficina/src/models/ClientModel.ts"],"names":[],"mappings":";;;;;;;;;;;;;;AAAA,yCAA+B;AAE/B,yFAAiE;AACjE,mFAA2D;AAG3D,MAAqB,WAAW;IAC9B,YAAoB,QAAQ,yBAAe;QAAvB,UAAK,GAAL,KAAK,CAAkB;IAAG,CAAC;IAEzC,YAAY;6DAAC,EAAE,IAAI,EAAE,KAAK,EAAE,KAAK,EAAE,KAAK,EAAE,KAAK,EAAuB;YAC1E,MAAM,CAAC,MAAM,CAAC,GAAG,MAAM,IAAI,CAAC,KAAK,CAAC,YAAY,CAAC,EAAE,KAAK,EAAE;oBACtD,IAAI;oBACJ,KAAK;oBACL,KAAK;oBACL,KAAK;oBACL,KAAK;iBAAE,EAAE,CAAC,CAAC;YACb,OAAO,MAAM,CAAC;QAChB,CAAC;KAAA;IAEK,UAAU;6DAAC,EAAE,IAAI,EAAE,KAAK,EAAmC;YAC/D,MAAM,MAAM,GAAG,MAAM,IAAI,CAAC,KAAK,CAAC,OAAO,CAAC;gBACtC,KAAK,EAAE;oBACL,IAAI,EAAE;wBACJ,CAAC,cAAE,CAAC,IAAI,CAAC,EAAE,IAAI,IAAI,GAAG;qBACvB;oBACD,KAAK,EAAE;wBACL,CAAC,cAAE,CAAC,IAAI,CAAC,EAAE,IAAI,KAAK,GAAG;qBACxB;iBACF;aACF,CAAC,CAAC;YACH,OAAO,MAAM,CAAC;QAChB,CAAC;KAAA;IAEK,YAAY,CAAC,EAAU;;YAC3B,MAAM,MAAM,GAAG,MAAM,IAAI,CAAC,KAAK,CAAC,OAAO,CAAC,EAAE,KAAK,EAAE,EAAE,EAAE,EAAE,EAAE,CAAC,CAAC;YAC3D,OAAO,MAAM,CAAC;QAChB,CAAC;KAAA;IAEK,YAAY,CAAC,MAAe;;YAChC,MAAM,EAAE,EAAE,EAAE,IAAI,EAAE,KAAK,EAAE,KAAK,EAAE,KAAK,EAAE,KAAK,EAAE,GAAG,MAAM,CAAC;YACxD,MAAM,MAAM,GAAG,MAAM,IAAI,CAAC,KAAK,CAAC,MAAM,CAAC,EAAE,IAAI,EAAE,KAAK,EAAE,KAAK,EAAE,KAAK,EAAE,KAAK,EAAE,EAAE,EAAE,KAAK,EAAE,EAAE,EAAE,EAAE,EAAE,CAAC,CAAC;YAChG,OAAO,MAAM,CAAC;QAChB,CAAC;KAAA;IAEK,UAAU;;YACd,MAAM,MAAM,GAAG,MAAM,IAAI,CAAC,KAAK,CAAC,OAAO,CAAC;gBACtC,OAAO,EAAE,EAAE,KAAK,EAAE,sBAAY,EAAE,EAAE,EAAE,KAAK,EAAE;gBAC3C,UAAU,EAAE,EAAE,OAAO,EAAE,CAAC,OAAO,CAAC,EAAE;aACnC,CAAC,CAAC;YAEH,OAAO,MAAM,CAAC;QAChB,CAAC;KAAA;CACF;AA9CD,8BA8CC","sourcesContent":["import { Op } from 'sequelize';\nimport { IClientModel } from '../interfaces/IClientModel';\nimport SequelizeClient from '../database/models/SequelizeClient';\nimport SequelizeCar from '../database/models/SequelizeCar';\nimport { IClient } from '../interfaces/databaseModels/IClient';\n\nexport default class ClientModel implements IClientModel {\n  constructor(private model = SequelizeClient) {}\n\n  async insertClient({ name, phone, plate, color, carId }: Omit<IClient, 'id'>): Promise<IClient> {\n    const [result] = await this.model.findOrCreate({ where: {\n      name,\n      phone,\n      plate,\n      carId,\n      color } });\n    return result;\n  }\n\n  async findClient({ name, plate }: { name: string, plate: string }): Promise<IClient[]> {\n    const result = await this.model.findAll({\n      where: {\n        name: {\n          [Op.like]: `%${name}%`,\n        },\n        plate: {\n          [Op.like]: `%${plate}%`,\n        },\n      },\n    });\n    return result;\n  }\n\n  async deleteClient(id: number): Promise<number> {\n    const result = await this.model.destroy({ where: { id } });\n    return result;\n  }\n\n  async updateClient(client: IClient): Promise<[number]> {\n    const { id, name, phone, plate, carId, color } = client;\n    const result = await this.model.update({ name, phone, plate, carId, color }, { where: { id } });\n    return result;\n  }\n\n  async listClient(): Promise<IClient[]> {\n    const result = await this.model.findAll({\n      include: { model: SequelizeCar, as: 'car' },\n      attributes: { exclude: ['carId'] },\n    });\n\n    return result;\n  }\n}\n"]},"_coverageSchema":"1a1c01bbd47fc00a2c39e90264f33305004495a9","hash":"a27a47b64d0cd98648035e12fa1647a1f54a66d6","contentHash":"f7116b4811b321703307c35f8ebea6c7d36d00a26feef257c2521fe3beccb3dc"},"/back-end-oficina/src/database/models/SequelizeClient.ts":{"path":"/back-end-oficina/src/database/models/SequelizeClient.ts","statementMap":{"0":{"start":{"line":2,"column":22},"end":{"line":4,"column":1}},"1":{"start":{"line":3,"column":4},"end":{"line":3,"column":62}},"2":{"start":{"line":5,"column":0},"end":{"line":5,"column":62}},"3":{"start":{"line":6,"column":20},"end":{"line":6,"column":40}},"4":{"start":{"line":7,"column":11},"end":{"line":7,"column":40}},"5":{"start":{"line":8,"column":23},"end":{"line":8,"column":65}},"6":{"start":{"line":11,"column":0},"end":{"line":43,"column":3}},"7":{"start":{"line":44,"column":0},"end":{"line":48,"column":3}},"8":{"start":{"line":49,"column":0},"end":{"line":49,"column":34}}},"fnMap":{"0":{"name":"(anonymous_0)","decl":{"start":{"line":2,"column":56},"end":{"line":2,"column":57}},"loc":{"start":{"line":2,"column":71},"end":{"line":4,"column":1}},"line":2}},"branchMap":{"0":{"loc":{"start":{"line":2,"column":22},"end":{"line":4,"column":1}},"type":"binary-expr","locations":[{"start":{"line":2,"column":23},"end":{"line":2,"column":27}},{"start":{"line":2,"column":31},"end":{"line":2,"column":51}},{"start":{"line":2,"column":56},"end":{"line":4,"column":1}}],"line":2},"1":{"loc":{"start":{"line":3,"column":11},"end":{"line":3,"column":61}},"type":"cond-expr","locations":[{"start":{"line":3,"column":37},"end":{"line":3,"column":40}},{"start":{"line":3,"column":43},"end":{"line":3,"column":61}}],"line":3},"2":{"loc":{"start":{"line":3,"column":12},"end":{"line":3,"column":33}},"type":"binary-expr","locations":[{"start":{"line":3,"column":12},"end":{"line":3,"column":15}},{"start":{"line":3,"column":19},"end":{"line":3,"column":33}}],"line":3}},"s":{"0":1,"1":2,"2":1,"3":1,"4":1,"5":1,"6":1,"7":1,"8":1},"f":{"0":2},"b":{"0":[1,1,1],"1":[2,0],"2":[2,2]},"inputSourceMap":{"version":3,"file":"/back-end-oficina/src/database/models/SequelizeClient.ts","sources":["/back-end-oficina/src/database/models/SequelizeClient.ts"],"names":[],"mappings":";;;;;AAAA,yCAC8D;AAC9D,yCAAmB;AACnB,kEAA0C;AAE1C,MAAM,eAAgB,SAAQ,iBACW;CAYxC;AAED,eAAe,CAAC,IAAI,CAAC;IACnB,EAAE,EAAE;QACF,IAAI,EAAE,qBAAS,CAAC,OAAO;QACvB,UAAU,EAAE,IAAI;QAChB,aAAa,EAAE,IAAI;KACpB;IACD,IAAI,EAAE;QACJ,IAAI,EAAE,qBAAS,CAAC,MAAM;QACtB,SAAS,EAAE,KAAK;KACjB;IACD,KAAK,EAAE;QACL,IAAI,EAAE,qBAAS,CAAC,MAAM;QACtB,SAAS,EAAE,IAAI;KAChB;IACD,KAAK,EAAE;QACL,IAAI,EAAE,qBAAS,CAAC,OAAO;QACvB,KAAK,EAAE,QAAQ;QACf,SAAS,EAAE,KAAK;KACjB;IACD,KAAK,EAAE;QACL,IAAI,EAAE,qBAAS,CAAC,MAAM;QACtB,SAAS,EAAE,KAAK;KACjB;IACD,KAAK,EAAE;QACL,IAAI,EAAE,qBAAS,CAAC,MAAM;QACtB,SAAS,EAAE,KAAK;KACjB;CACF,EAAE;IACD,SAAS,EAAE,SAAS;IACpB,SAAS,EAAE,SAAS;IACpB,SAAS,EAAE,UAAE;IACb,UAAU,EAAE,KAAK;CAClB,CAAC,CAAC;AAEH,eAAe,CAAC,SAAS,CAAC,sBAAY,EAAE;IACtC,UAAU,EAAE,OAAO;IACnB,SAAS,EAAE,IAAI;IACf,EAAE,EAAE,KAAK;CACV,CAAC,CAAC;AAEH,kBAAe,eAAe,CAAC","sourcesContent":["import { Model, CreationOptional, DataTypes,\n  InferAttributes, InferCreationAttributes } from 'sequelize';\nimport db from '.';\nimport SequelizeCar from './SequelizeCar';\n\nclass SequelizeClient extends Model<InferAttributes<SequelizeClient>,\nInferCreationAttributes<SequelizeClient>> {\n  declare id: CreationOptional<number>;\n\n  declare name: string;\n\n  declare phone: string;\n\n  declare carId: number;\n\n  declare color: string;\n\n  declare plate: string;\n}\n\nSequelizeClient.init({\n  id: {\n    type: DataTypes.INTEGER,\n    primaryKey: true,\n    autoIncrement: true,\n  },\n  name: {\n    type: DataTypes.STRING,\n    allowNull: false,\n  },\n  phone: {\n    type: DataTypes.STRING,\n    allowNull: true,\n  },\n  carId: {\n    type: DataTypes.INTEGER,\n    field: 'car_id',\n    allowNull: false,\n  },\n  color: {\n    type: DataTypes.STRING,\n    allowNull: false,\n  },\n  plate: {\n    type: DataTypes.STRING,\n    allowNull: false,\n  },\n}, {\n  modelName: 'clients',\n  tableName: 'clients',\n  sequelize: db,\n  timestamps: false,\n});\n\nSequelizeClient.belongsTo(SequelizeCar, {\n  foreignKey: 'carId',\n  targetKey: 'id',\n  as: 'car',\n});\n\nexport default SequelizeClient;\n"]},"_coverageSchema":"1a1c01bbd47fc00a2c39e90264f33305004495a9","hash":"609cb7cb5cba1caf18ffa853982add757410478f","contentHash":"ac4d94a7214532b0c09d10c2c8c9fb027baba8c8f891031f46262f818fd47033"},"/back-end-oficina/src/tests/mocks/carMocks.ts":{"path":"/back-end-oficina/src/tests/mocks/carMocks.ts","statementMap":{"0":{"start":{"line":2,"column":0},"end":{"line":2,"column":62}},"1":{"start":{"line":3,"column":0},"end":{"line":3,"column":93}},"2":{"start":{"line":4,"column":17},"end":{"line":9,"column":6}},"3":{"start":{"line":10,"column":0},"end":{"line":10,"column":28}},"4":{"start":{"line":11,"column":20},"end":{"line":22,"column":6}},"5":{"start":{"line":23,"column":0},"end":{"line":23,"column":34}},"6":{"start":{"line":24,"column":19},"end":{"line":29,"column":1}},"7":{"start":{"line":30,"column":0},"end":{"line":30,"column":32}},"8":{"start":{"line":31,"column":22},"end":{"line":36,"column":1}},"9":{"start":{"line":37,"column":0},"end":{"line":37,"column":38}}},"fnMap":{},"branchMap":{},"s":{"0":1,"1":1,"2":1,"3":1,"4":1,"5":1,"6":1,"7":1,"8":1,"9":1},"f":{},"b":{},"inputSourceMap":{"version":3,"file":"/back-end-oficina/src/tests/mocks/carMocks.ts","sources":["/back-end-oficina/src/tests/mocks/carMocks.ts"],"names":[],"mappings":";;;AAAA,MAAM,QAAQ,GAAG,CAAC;QAChB,EAAE,EAAE,CAAC;QACL,IAAI,EAAE,OAAO;QACb,IAAI,EAAE,IAAI;QACV,KAAK,EAAE,OAAO;KAAE,CAAC,CAAC;AA0BX,4BAAQ;AAxBjB,MAAM,WAAW,GAAG,CAAC;QACnB,EAAE,EAAE,CAAC;QACL,IAAI,EAAE,OAAO;QACb,IAAI,EAAE,IAAI;QACV,KAAK,EAAE,OAAO;KAAE;IAClB;QACE,EAAE,EAAE,CAAC;QACL,IAAI,EAAE,MAAM;QACZ,IAAI,EAAE,IAAI;QACV,KAAK,EAAE,SAAS;KAAE,CAAC,CAAC;AAeH,kCAAW;AAb9B,MAAM,UAAU,GAAG;IACjB,EAAE,EAAE,CAAC;IACL,IAAI,EAAE,MAAM;IACZ,IAAI,EAAE,IAAI;IACV,KAAK,EAAE,SAAS;CAAE,CAAC;AASW,gCAAU;AAP1C,MAAM,aAAa,GAAG;IACpB,EAAE,EAAE,CAAC;IACL,IAAI,EAAE,MAAM;IACZ,IAAI,EAAE,IAAI;IACV,KAAK,EAAE,SAAS;CACjB,CAAC;AAE0C,sCAAa","sourcesContent":["const mockCars = [{\n  id: 1,\n  name: 'HONDA',\n  year: 2020,\n  brand: 'HONDA' }];\n\nconst mockFindCar = [{\n  id: 1,\n  name: 'HONDA',\n  year: 2020,\n  brand: 'HONDA' },\n{\n  id: 2,\n  name: 'HB20',\n  year: 2020,\n  brand: 'HYUNDAI' }];\n\nconst mockInsert = {\n  id: 2,\n  name: 'HB20',\n  year: 2020,\n  brand: 'HYUNDAI' };\n\nconst updateCarMock = {\n  id: 2,\n  name: 'HB20',\n  year: 2023,\n  brand: 'HYUNDAI',\n};\n\nexport { mockCars, mockFindCar, mockInsert, updateCarMock };\n"]},"_coverageSchema":"1a1c01bbd47fc00a2c39e90264f33305004495a9","hash":"a7ef456c8db7399fd8167db9cd7d6518fabd7898","contentHash":"d5ba08108dcad0236d2d26bd91d5a376a7145cc24a893ee27b717fb4645136ca"},"/back-end-oficina/src/tests/mocks/employeeMocks.ts":{"path":"/back-end-oficina/src/tests/mocks/employeeMocks.ts","statementMap":{"0":{"start":{"line":2,"column":0},"end":{"line":2,"column":62}},"1":{"start":{"line":3,"column":0},"end":{"line":3,"column":50}},"2":{"start":{"line":4,"column":0},"end":{"line":10,"column":7}},"3":{"start":{"line":11,"column":0},"end":{"line":14,"column":2}}},"fnMap":{},"branchMap":{},"s":{"0":1,"1":1,"2":1,"3":1},"f":{},"b":{},"inputSourceMap":{"version":3,"file":"/back-end-oficina/src/tests/mocks/employeeMocks.ts","sources":["/back-end-oficina/src/tests/mocks/employeeMocks.ts"],"names":[],"mappings":";;;AAAa,QAAA,WAAW,GAAG,CAAC;QAC1B,EAAE,EAAE,CAAC;QACL,IAAI,EAAE,OAAO;KACd,EAAE;QACD,EAAE,EAAE,CAAC;QACL,IAAI,EAAE,SAAS;KAChB,CAAC,CAAC;AAEU,QAAA,UAAU,GAAG;IACxB,EAAE,EAAE,CAAC;IACL,IAAI,EAAE,UAAU;CACjB,CAAC","sourcesContent":["export const mockFindAll = [{\n  id: 1,\n  name: 'Fabio',\n}, {\n  id: 2,\n  name: 'Silvana',\n}];\n\nexport const mockInsert = {\n  id: 3,\n  name: 'Leonardo',\n};\n"]},"_coverageSchema":"1a1c01bbd47fc00a2c39e90264f33305004495a9","hash":"60fa89c854cdb51c7b12b8b3f54ad09fea7277cf","contentHash":"bdd889cdf08ffb3527a8a666277ec64d4a467277724ec5bf835dac9d5c85360c"},"/back-end-oficina/src/tests/mocks/pieceMocks.ts":{"path":"/back-end-oficina/src/tests/mocks/pieceMocks.ts","statementMap":{"0":{"start":{"line":2,"column":0},"end":{"line":2,"column":62}},"1":{"start":{"line":3,"column":0},"end":{"line":3,"column":46}},"2":{"start":{"line":4,"column":16},"end":{"line":6,"column":1}},"3":{"start":{"line":7,"column":0},"end":{"line":7,"column":26}},"4":{"start":{"line":8,"column":19},"end":{"line":12,"column":1}},"5":{"start":{"line":13,"column":0},"end":{"line":13,"column":32}}},"fnMap":{},"branchMap":{},"s":{"0":1,"1":1,"2":1,"3":1,"4":1,"5":1},"f":{},"b":{},"inputSourceMap":{"version":3,"file":"/back-end-oficina/src/tests/mocks/pieceMocks.ts","sources":["/back-end-oficina/src/tests/mocks/pieceMocks.ts"],"names":[],"mappings":";;;AAAA,MAAM,OAAO,GAAG;IACd,EAAE,EAAE,EAAE,CAAC,EAAE,IAAI,EAAE,aAAa,EAAE,EAAE,EAAE,EAAE,EAAE,CAAC,EAAE,IAAI,EAAE,WAAW,EAAE;CAC7D,CAAC;AAQO,0BAAO;AANhB,MAAM,UAAU,GAAG;IACjB;QACE,EAAE,EAAE,CAAC,EAAE,IAAI,EAAE,aAAa;KAC3B;CACF,CAAC;AAEgB,gCAAU","sourcesContent":["const findAll = [\n  { id: 1, name: 'FILTRO OLEO' }, { id: 2, name: 'FILTRO AR' },\n];\n\nconst findPieces = [\n  {\n    id: 1, name: 'FILTRO OLEO',\n  },\n];\n\nexport { findAll, findPieces };\n"]},"_coverageSchema":"1a1c01bbd47fc00a2c39e90264f33305004495a9","hash":"4877b2e64270662e2d0aaf8f3880b6f0f2a08627","contentHash":"2c88710b62a46f843ecff45ed7f98db0bbab0c7192f5d4d907c9eefbcefcf1e6"}}