{"/home/jose/back-end-oficina/src/database/models/SequelizeCar.ts":{"path":"/home/jose/back-end-oficina/src/database/models/SequelizeCar.ts","statementMap":{"0":{"start":{"line":2,"column":22},"end":{"line":4,"column":1}},"1":{"start":{"line":3,"column":4},"end":{"line":3,"column":62}},"2":{"start":{"line":5,"column":0},"end":{"line":5,"column":62}},"3":{"start":{"line":6,"column":20},"end":{"line":6,"column":40}},"4":{"start":{"line":7,"column":11},"end":{"line":7,"column":40}},"5":{"start":{"line":10,"column":0},"end":{"line":33,"column":3}},"6":{"start":{"line":34,"column":0},"end":{"line":34,"column":31}}},"fnMap":{"0":{"name":"(anonymous_0)","decl":{"start":{"line":2,"column":56},"end":{"line":2,"column":57}},"loc":{"start":{"line":2,"column":71},"end":{"line":4,"column":1}},"line":2}},"branchMap":{"0":{"loc":{"start":{"line":2,"column":22},"end":{"line":4,"column":1}},"type":"binary-expr","locations":[{"start":{"line":2,"column":23},"end":{"line":2,"column":27}},{"start":{"line":2,"column":31},"end":{"line":2,"column":51}},{"start":{"line":2,"column":56},"end":{"line":4,"column":1}}],"line":2},"1":{"loc":{"start":{"line":3,"column":11},"end":{"line":3,"column":61}},"type":"cond-expr","locations":[{"start":{"line":3,"column":37},"end":{"line":3,"column":40}},{"start":{"line":3,"column":43},"end":{"line":3,"column":61}}],"line":3},"2":{"loc":{"start":{"line":3,"column":12},"end":{"line":3,"column":33}},"type":"binary-expr","locations":[{"start":{"line":3,"column":12},"end":{"line":3,"column":15}},{"start":{"line":3,"column":19},"end":{"line":3,"column":33}}],"line":3}},"s":{"0":1,"1":1,"2":1,"3":1,"4":1,"5":1,"6":1},"f":{"0":1},"b":{"0":[1,1,1],"1":[1,0],"2":[1,1]},"inputSourceMap":{"version":3,"file":"/home/jose/back-end-oficina/src/database/models/SequelizeCar.ts","sources":["/home/jose/back-end-oficina/src/database/models/SequelizeCar.ts"],"names":[],"mappings":";;;;;AAAA,yCACiD;AACjD,yCAAmB;AAEnB,MAAM,YAAa,SAAQ,iBACW;CAQrC;AAED,YAAY,CAAC,IAAI,CAAC;IAChB,EAAE,EAAE;QACF,IAAI,EAAE,qBAAS,CAAC,OAAO;QACvB,aAAa,EAAE,IAAI;QACnB,UAAU,EAAE,IAAI;KACjB;IACD,IAAI,EAAE;QACJ,IAAI,EAAE,qBAAS,CAAC,MAAM;QACtB,SAAS,EAAE,KAAK;KACjB;IACD,IAAI,EAAE;QACJ,IAAI,EAAE,qBAAS,CAAC,OAAO;QACvB,SAAS,EAAE,KAAK;KACjB;IACD,KAAK,EAAE;QACL,IAAI,EAAE,qBAAS,CAAC,MAAM;QACtB,SAAS,EAAE,KAAK;KACjB;CACF,EAAE;IACD,SAAS,EAAE,MAAM;IACjB,SAAS,EAAE,MAAM;IACjB,UAAU,EAAE,KAAK;IACjB,SAAS,EAAE,UAAE;CACd,CAAC,CAAC;AAEH,kBAAe,YAAY,CAAC","sourcesContent":["import { Model, InferAttributes, InferCreationAttributes,\n  DataTypes, CreationOptional } from 'sequelize';\nimport db from '.';\n\nclass SequelizeCar extends Model<InferAttributes<SequelizeCar>,\nInferCreationAttributes<SequelizeCar>> {\n  declare id: CreationOptional<number>;\n\n  declare name: string;\n\n  declare year: number;\n\n  declare brand: string;\n}\n\nSequelizeCar.init({\n  id: {\n    type: DataTypes.INTEGER,\n    autoIncrement: true,\n    primaryKey: true,\n  },\n  name: {\n    type: DataTypes.STRING,\n    allowNull: false,\n  },\n  year: {\n    type: DataTypes.INTEGER,\n    allowNull: false,\n  },\n  brand: {\n    type: DataTypes.STRING,\n    allowNull: false,\n  },\n}, {\n  tableName: 'cars',\n  modelName: 'cars',\n  timestamps: false,\n  sequelize: db,\n});\n\nexport default SequelizeCar;\n"]},"_coverageSchema":"1a1c01bbd47fc00a2c39e90264f33305004495a9","hash":"2bafd507bded5ccfb163afbf0972aba9b6fae814","contentHash":"3d5a7383f0510877f2802dafc98ac9d073a2c0d4bf866af704970e454c70ce23"},"/home/jose/back-end-oficina/src/database/models/index.ts":{"path":"/home/jose/back-end-oficina/src/database/models/index.ts","statementMap":{"0":{"start":{"line":2,"column":22},"end":{"line":12,"column":3}},"1":{"start":{"line":3,"column":4},"end":{"line":3,"column":33}},"2":{"start":{"line":3,"column":26},"end":{"line":3,"column":33}},"3":{"start":{"line":4,"column":15},"end":{"line":4,"column":52}},"4":{"start":{"line":5,"column":4},"end":{"line":7,"column":5}},"5":{"start":{"line":6,"column":6},"end":{"line":6,"column":68}},"6":{"start":{"line":6,"column":51},"end":{"line":6,"column":63}},"7":{"start":{"line":8,"column":4},"end":{"line":8,"column":39}},"8":{"start":{"line":10,"column":4},"end":{"line":10,"column":33}},"9":{"start":{"line":10,"column":26},"end":{"line":10,"column":33}},"10":{"start":{"line":11,"column":4},"end":{"line":11,"column":17}},"11":{"start":{"line":13,"column":25},"end":{"line":17,"column":2}},"12":{"start":{"line":14,"column":4},"end":{"line":14,"column":72}},"13":{"start":{"line":16,"column":4},"end":{"line":16,"column":21}},"14":{"start":{"line":18,"column":19},"end":{"line":24,"column":1}},"15":{"start":{"line":19,"column":4},"end":{"line":19,"column":42}},"16":{"start":{"line":19,"column":31},"end":{"line":19,"column":42}},"17":{"start":{"line":20,"column":17},"end":{"line":20,"column":19}},"18":{"start":{"line":21,"column":4},"end":{"line":21,"column":141}},"19":{"start":{"line":21,"column":21},"end":{"line":21,"column":141}},"20":{"start":{"line":21,"column":40},"end":{"line":21,"column":141}},"21":{"start":{"line":21,"column":109},"end":{"line":21,"column":141}},"22":{"start":{"line":22,"column":4},"end":{"line":22,"column":36}},"23":{"start":{"line":23,"column":4},"end":{"line":23,"column":18}},"24":{"start":{"line":25,"column":0},"end":{"line":25,"column":62}},"25":{"start":{"line":26,"column":20},"end":{"line":26,"column":40}},"26":{"start":{"line":27,"column":15},"end":{"line":27,"column":58}},"27":{"start":{"line":28,"column":0},"end":{"line":28,"column":52}}},"fnMap":{"0":{"name":"(anonymous_0)","decl":{"start":{"line":2,"column":74},"end":{"line":2,"column":75}},"loc":{"start":{"line":2,"column":96},"end":{"line":9,"column":1}},"line":2},"1":{"name":"(anonymous_1)","decl":{"start":{"line":6,"column":38},"end":{"line":6,"column":39}},"loc":{"start":{"line":6,"column":49},"end":{"line":6,"column":65}},"line":6},"2":{"name":"(anonymous_2)","decl":{"start":{"line":9,"column":6},"end":{"line":9,"column":7}},"loc":{"start":{"line":9,"column":28},"end":{"line":12,"column":1}},"line":9},"3":{"name":"(anonymous_3)","decl":{"start":{"line":13,"column":80},"end":{"line":13,"column":81}},"loc":{"start":{"line":13,"column":95},"end":{"line":15,"column":1}},"line":13},"4":{"name":"(anonymous_4)","decl":{"start":{"line":15,"column":5},"end":{"line":15,"column":6}},"loc":{"start":{"line":15,"column":20},"end":{"line":17,"column":1}},"line":15},"5":{"name":"(anonymous_5)","decl":{"start":{"line":18,"column":50},"end":{"line":18,"column":51}},"loc":{"start":{"line":18,"column":65},"end":{"line":24,"column":1}},"line":18}},"branchMap":{"0":{"loc":{"start":{"line":2,"column":22},"end":{"line":12,"column":3}},"type":"binary-expr","locations":[{"start":{"line":2,"column":23},"end":{"line":2,"column":27}},{"start":{"line":2,"column":31},"end":{"line":2,"column":51}},{"start":{"line":2,"column":57},"end":{"line":12,"column":2}}],"line":2},"1":{"loc":{"start":{"line":2,"column":57},"end":{"line":12,"column":2}},"type":"cond-expr","locations":[{"start":{"line":2,"column":74},"end":{"line":9,"column":1}},{"start":{"line":9,"column":6},"end":{"line":12,"column":1}}],"line":2},"2":{"loc":{"start":{"line":3,"column":4},"end":{"line":3,"column":33}},"type":"if","locations":[{"start":{"line":3,"column":4},"end":{"line":3,"column":33}},{"start":{"line":3,"column":4},"end":{"line":3,"column":33}}],"line":3},"3":{"loc":{"start":{"line":5,"column":4},"end":{"line":7,"column":5}},"type":"if","locations":[{"start":{"line":5,"column":4},"end":{"line":7,"column":5}},{"start":{"line":5,"column":4},"end":{"line":7,"column":5}}],"line":5},"4":{"loc":{"start":{"line":5,"column":8},"end":{"line":5,"column":85}},"type":"binary-expr","locations":[{"start":{"line":5,"column":8},"end":{"line":5,"column":13}},{"start":{"line":5,"column":18},"end":{"line":5,"column":84}}],"line":5},"5":{"loc":{"start":{"line":5,"column":18},"end":{"line":5,"column":84}},"type":"cond-expr","locations":[{"start":{"line":5,"column":34},"end":{"line":5,"column":47}},{"start":{"line":5,"column":50},"end":{"line":5,"column":84}}],"line":5},"6":{"loc":{"start":{"line":5,"column":50},"end":{"line":5,"column":84}},"type":"binary-expr","locations":[{"start":{"line":5,"column":50},"end":{"line":5,"column":63}},{"start":{"line":5,"column":67},"end":{"line":5,"column":84}}],"line":5},"7":{"loc":{"start":{"line":10,"column":4},"end":{"line":10,"column":33}},"type":"if","locations":[{"start":{"line":10,"column":4},"end":{"line":10,"column":33}},{"start":{"line":10,"column":4},"end":{"line":10,"column":33}}],"line":10},"8":{"loc":{"start":{"line":13,"column":25},"end":{"line":17,"column":2}},"type":"binary-expr","locations":[{"start":{"line":13,"column":26},"end":{"line":13,"column":30}},{"start":{"line":13,"column":34},"end":{"line":13,"column":57}},{"start":{"line":13,"column":63},"end":{"line":17,"column":1}}],"line":13},"9":{"loc":{"start":{"line":13,"column":63},"end":{"line":17,"column":1}},"type":"cond-expr","locations":[{"start":{"line":13,"column":80},"end":{"line":15,"column":1}},{"start":{"line":15,"column":5},"end":{"line":17,"column":1}}],"line":13},"10":{"loc":{"start":{"line":18,"column":19},"end":{"line":24,"column":1}},"type":"binary-expr","locations":[{"start":{"line":18,"column":20},"end":{"line":18,"column":24}},{"start":{"line":18,"column":28},"end":{"line":18,"column":45}},{"start":{"line":18,"column":50},"end":{"line":24,"column":1}}],"line":18},"11":{"loc":{"start":{"line":19,"column":4},"end":{"line":19,"column":42}},"type":"if","locations":[{"start":{"line":19,"column":4},"end":{"line":19,"column":42}},{"start":{"line":19,"column":4},"end":{"line":19,"column":42}}],"line":19},"12":{"loc":{"start":{"line":19,"column":8},"end":{"line":19,"column":29}},"type":"binary-expr","locations":[{"start":{"line":19,"column":8},"end":{"line":19,"column":11}},{"start":{"line":19,"column":15},"end":{"line":19,"column":29}}],"line":19},"13":{"loc":{"start":{"line":21,"column":4},"end":{"line":21,"column":141}},"type":"if","locations":[{"start":{"line":21,"column":4},"end":{"line":21,"column":141}},{"start":{"line":21,"column":4},"end":{"line":21,"column":141}}],"line":21},"14":{"loc":{"start":{"line":21,"column":40},"end":{"line":21,"column":141}},"type":"if","locations":[{"start":{"line":21,"column":40},"end":{"line":21,"column":141}},{"start":{"line":21,"column":40},"end":{"line":21,"column":141}}],"line":21},"15":{"loc":{"start":{"line":21,"column":44},"end":{"line":21,"column":107}},"type":"binary-expr","locations":[{"start":{"line":21,"column":44},"end":{"line":21,"column":59}},{"start":{"line":21,"column":63},"end":{"line":21,"column":107}}],"line":21}},"s":{"0":1,"1":6,"2":6,"3":6,"4":6,"5":6,"6":16,"7":6,"8":0,"9":0,"10":0,"11":1,"12":1,"13":0,"14":1,"15":1,"16":0,"17":1,"18":1,"19":1,"20":6,"21":6,"22":1,"23":1,"24":1,"25":1,"26":1,"27":1},"f":{"0":6,"1":16,"2":0,"3":1,"4":0,"5":1},"b":{"0":[1,1,1],"1":[1,0],"2":[6,0],"3":[6,0],"4":[6,6],"5":[0,6],"6":[6,0],"7":[0,0],"8":[1,1,1],"9":[1,0],"10":[1,1,1],"11":[0,1],"12":[1,1],"13":[1,0],"14":[6,0],"15":[6,6]},"inputSourceMap":{"version":3,"file":"/home/jose/back-end-oficina/src/database/models/index.ts","sources":["/home/jose/back-end-oficina/src/database/models/index.ts"],"names":[],"mappings":";;;;;;;;;;;;;;;;;;;;;;;;;AAAA,yCAAsC;AACtC,2DAA6C;AAE7C,kBAAe,IAAI,qBAAS,CAAC,MAAM,CAAC,CAAC","sourcesContent":["import { Sequelize } from 'sequelize';\nimport * as config from '../config/database';\n\nexport default new Sequelize(config);\n"]},"_coverageSchema":"1a1c01bbd47fc00a2c39e90264f33305004495a9","hash":"ac30fa80b3744b02c581b4bd3ce7d22834299e0e","contentHash":"ce798e84ba4202898476443c5c0421830071974db1e88b01e35050a5e79e7621"},"/home/jose/back-end-oficina/src/database/config/database.ts":{"path":"/home/jose/back-end-oficina/src/database/config/database.ts","statementMap":{"0":{"start":{"line":2,"column":0},"end":{"line":2,"column":25}},"1":{"start":{"line":3,"column":15},"end":{"line":10,"column":1}},"2":{"start":{"line":11,"column":0},"end":{"line":11,"column":24}}},"fnMap":{},"branchMap":{"0":{"loc":{"start":{"line":4,"column":14},"end":{"line":4,"column":43}},"type":"binary-expr","locations":[{"start":{"line":4,"column":14},"end":{"line":4,"column":33}},{"start":{"line":4,"column":37},"end":{"line":4,"column":43}}],"line":4},"1":{"loc":{"start":{"line":5,"column":14},"end":{"line":5,"column":39}},"type":"binary-expr","locations":[{"start":{"line":5,"column":14},"end":{"line":5,"column":33}},{"start":{"line":5,"column":37},"end":{"line":5,"column":39}}],"line":5},"2":{"loc":{"start":{"line":6,"column":14},"end":{"line":6,"column":55}},"type":"binary-expr","locations":[{"start":{"line":6,"column":14},"end":{"line":6,"column":33}},{"start":{"line":6,"column":37},"end":{"line":6,"column":55}}],"line":6},"3":{"loc":{"start":{"line":7,"column":10},"end":{"line":7,"column":44}},"type":"binary-expr","locations":[{"start":{"line":7,"column":10},"end":{"line":7,"column":29}},{"start":{"line":7,"column":33},"end":{"line":7,"column":44}}],"line":7},"4":{"loc":{"start":{"line":8,"column":10},"end":{"line":8,"column":45}},"type":"binary-expr","locations":[{"start":{"line":8,"column":10},"end":{"line":8,"column":37}},{"start":{"line":8,"column":41},"end":{"line":8,"column":45}}],"line":8}},"s":{"0":1,"1":1,"2":1},"f":{},"b":{"0":[1,0],"1":[1,0],"2":[1,0],"3":[1,0],"4":[1,0]},"inputSourceMap":{"version":3,"file":"/home/jose/back-end-oficina/src/database/config/database.ts","sources":["/home/jose/back-end-oficina/src/database/config/database.ts"],"names":[],"mappings":";AAAA,yBAAuB;AAGvB,MAAM,MAAM,GAAY;IACtB,QAAQ,EAAE,OAAO,CAAC,GAAG,CAAC,OAAO,IAAI,MAAM;IACvC,QAAQ,EAAE,OAAO,CAAC,GAAG,CAAC,OAAO,IAAI,EAAE;IACnC,QAAQ,EAAE,OAAO,CAAC,GAAG,CAAC,OAAO,IAAI,kBAAkB,EAAE,gEAAgE;IACrH,IAAI,EAAE,OAAO,CAAC,GAAG,CAAC,OAAO,IAAI,WAAW;IACxC,IAAI,EAAE,MAAM,CAAC,OAAO,CAAC,GAAG,CAAC,OAAO,CAAC,IAAI,IAAI;IACzC,OAAO,EAAE,OAAO;CACjB,CAAC;AAEF,iBAAS,MAAM,CAAC","sourcesContent":["import 'dotenv/config';\nimport { Options } from 'sequelize';\n\nconst config: Options = {\n  username: process.env.DB_USER || 'root',\n  password: process.env.DB_PASS || '',\n  database: process.env.DB_NAME || 'database_example', // substitua o nome do banco quando for utilizar em seu projeto!\n  host: process.env.DB_HOST || 'localhost',\n  port: Number(process.env.DB_PORT) || 3306,\n  dialect: 'mysql',\n};\n\nexport = config;\n"]},"_coverageSchema":"1a1c01bbd47fc00a2c39e90264f33305004495a9","hash":"8ec803c4fce7809bfc0d4605ee0ce65442009f76","contentHash":"68a5a94b00395766c9596aadfee790ffc49eedf0b2885407fcfa542c0f88f380"},"/home/jose/back-end-oficina/src/app.ts":{"path":"/home/jose/back-end-oficina/src/app.ts","statementMap":{"0":{"start":{"line":2,"column":22},"end":{"line":4,"column":1}},"1":{"start":{"line":3,"column":4},"end":{"line":3,"column":62}},"2":{"start":{"line":5,"column":0},"end":{"line":5,"column":62}},"3":{"start":{"line":6,"column":18},"end":{"line":6,"column":53}},"4":{"start":{"line":7,"column":20},"end":{"line":7,"column":66}},"5":{"start":{"line":8,"column":22},"end":{"line":8,"column":70}},"6":{"start":{"line":9,"column":22},"end":{"line":9,"column":70}},"7":{"start":{"line":12,"column":8},"end":{"line":12,"column":44}},"8":{"start":{"line":13,"column":8},"end":{"line":13,"column":22}},"9":{"start":{"line":15,"column":8},"end":{"line":15,"column":64}},"10":{"start":{"line":15,"column":40},"end":{"line":15,"column":62}},"11":{"start":{"line":18,"column":30},"end":{"line":23,"column":9}},"12":{"start":{"line":19,"column":12},"end":{"line":19,"column":59}},"13":{"start":{"line":20,"column":12},"end":{"line":20,"column":92}},"14":{"start":{"line":21,"column":12},"end":{"line":21,"column":60}},"15":{"start":{"line":22,"column":12},"end":{"line":22,"column":19}},"16":{"start":{"line":24,"column":8},"end":{"line":24,"column":47}},"17":{"start":{"line":25,"column":8},"end":{"line":25,"column":36}},"18":{"start":{"line":26,"column":8},"end":{"line":26,"column":22}},"19":{"start":{"line":29,"column":8},"end":{"line":29,"column":42}},"20":{"start":{"line":30,"column":8},"end":{"line":30,"column":44}},"21":{"start":{"line":31,"column":8},"end":{"line":31,"column":44}},"22":{"start":{"line":34,"column":8},"end":{"line":34,"column":76}},"23":{"start":{"line":34,"column":36},"end":{"line":34,"column":74}},"24":{"start":{"line":37,"column":0},"end":{"line":37,"column":22}}},"fnMap":{"0":{"name":"(anonymous_0)","decl":{"start":{"line":2,"column":56},"end":{"line":2,"column":57}},"loc":{"start":{"line":2,"column":71},"end":{"line":4,"column":1}},"line":2},"1":{"name":"(anonymous_1)","decl":{"start":{"line":11,"column":4},"end":{"line":11,"column":5}},"loc":{"start":{"line":11,"column":18},"end":{"line":16,"column":5}},"line":11},"2":{"name":"(anonymous_2)","decl":{"start":{"line":15,"column":26},"end":{"line":15,"column":27}},"loc":{"start":{"line":15,"column":40},"end":{"line":15,"column":62}},"line":15},"3":{"name":"(anonymous_3)","decl":{"start":{"line":17,"column":4},"end":{"line":17,"column":5}},"loc":{"start":{"line":17,"column":13},"end":{"line":27,"column":5}},"line":17},"4":{"name":"(anonymous_4)","decl":{"start":{"line":18,"column":30},"end":{"line":18,"column":31}},"loc":{"start":{"line":18,"column":51},"end":{"line":23,"column":9}},"line":18},"5":{"name":"(anonymous_5)","decl":{"start":{"line":28,"column":4},"end":{"line":28,"column":5}},"loc":{"start":{"line":28,"column":13},"end":{"line":32,"column":5}},"line":28},"6":{"name":"(anonymous_6)","decl":{"start":{"line":33,"column":4},"end":{"line":33,"column":5}},"loc":{"start":{"line":33,"column":16},"end":{"line":35,"column":5}},"line":33},"7":{"name":"(anonymous_7)","decl":{"start":{"line":34,"column":30},"end":{"line":34,"column":31}},"loc":{"start":{"line":34,"column":36},"end":{"line":34,"column":74}},"line":34}},"branchMap":{"0":{"loc":{"start":{"line":2,"column":22},"end":{"line":4,"column":1}},"type":"binary-expr","locations":[{"start":{"line":2,"column":23},"end":{"line":2,"column":27}},{"start":{"line":2,"column":31},"end":{"line":2,"column":51}},{"start":{"line":2,"column":56},"end":{"line":4,"column":1}}],"line":2},"1":{"loc":{"start":{"line":3,"column":11},"end":{"line":3,"column":61}},"type":"cond-expr","locations":[{"start":{"line":3,"column":37},"end":{"line":3,"column":40}},{"start":{"line":3,"column":43},"end":{"line":3,"column":61}}],"line":3},"2":{"loc":{"start":{"line":3,"column":12},"end":{"line":3,"column":33}},"type":"binary-expr","locations":[{"start":{"line":3,"column":12},"end":{"line":3,"column":15}},{"start":{"line":3,"column":19},"end":{"line":3,"column":33}}],"line":3}},"s":{"0":1,"1":4,"2":1,"3":1,"4":1,"5":1,"6":1,"7":2,"8":2,"9":2,"10":0,"11":2,"12":13,"13":13,"14":13,"15":13,"16":2,"17":2,"18":2,"19":2,"20":2,"21":2,"22":0,"23":0,"24":1},"f":{"0":4,"1":2,"2":0,"3":2,"4":13,"5":2,"6":0,"7":0},"b":{"0":[1,1,1],"1":[3,1],"2":[4,4]},"inputSourceMap":{"version":3,"file":"/home/jose/back-end-oficina/src/app.ts","sources":["/home/jose/back-end-oficina/src/app.ts"],"names":[],"mappings":";;;;;AAAA,sDAA8B;AAC9B,mEAA4C;AAC5C,uEAA+C;AAC/C,uEAA+C;AAE/C,MAAM,GAAG;IAGP;QACE,IAAI,CAAC,GAAG,GAAG,IAAA,iBAAO,GAAE,CAAC;QAErB,IAAI,CAAC,MAAM,EAAE,CAAC;QAEd,wBAAwB;QACxB,IAAI,CAAC,GAAG,CAAC,GAAG,CAAC,GAAG,EAAE,CAAC,GAAG,EAAE,GAAG,EAAE,EAAE,CAAC,GAAG,CAAC,IAAI,CAAC,EAAE,EAAE,EAAE,IAAI,EAAE,CAAC,CAAC,CAAC;IAC1D,CAAC;IAEO,MAAM;QACZ,MAAM,aAAa,GAA2B,CAAC,IAAI,EAAE,GAAG,EAAE,IAAI,EAAE,EAAE;YAChE,GAAG,CAAC,MAAM,CAAC,6BAA6B,EAAE,GAAG,CAAC,CAAC;YAC/C,GAAG,CAAC,MAAM,CAAC,8BAA8B,EAAE,mCAAmC,CAAC,CAAC;YAChF,GAAG,CAAC,MAAM,CAAC,8BAA8B,EAAE,GAAG,CAAC,CAAC;YAChD,IAAI,EAAE,CAAC;QACT,CAAC,CAAC;QAEF,IAAI,CAAC,GAAG,CAAC,GAAG,CAAC,iBAAO,CAAC,IAAI,EAAE,CAAC,CAAC;QAC7B,IAAI,CAAC,GAAG,CAAC,GAAG,CAAC,aAAa,CAAC,CAAC;QAC5B,IAAI,CAAC,MAAM,EAAE,CAAC;IAChB,CAAC;IAEO,MAAM;QACZ,IAAI,CAAC,GAAG,CAAC,GAAG,CAAC,mBAAU,CAAC,CAAC;QACzB,IAAI,CAAC,GAAG,CAAC,GAAG,CAAC,qBAAW,CAAC,CAAC;QAC1B,IAAI,CAAC,GAAG,CAAC,GAAG,CAAC,qBAAW,CAAC,CAAC;IAC5B,CAAC;IAEM,KAAK,CAAC,IAAqB;QAChC,IAAI,CAAC,GAAG,CAAC,MAAM,CAAC,IAAI,EAAE,GAAG,EAAE,CAAC,OAAO,CAAC,GAAG,CAAC,mBAAmB,IAAI,EAAE,CAAC,CAAC,CAAC;IACtE,CAAC;CACF;AAED,kBAAe,GAAG,CAAC","sourcesContent":["import express from 'express';\nimport carsRouter from './routes/CarRouter';\nimport pieceRouter from './routes/PieceRouter';\nimport adminRouter from './routes/AdminRouter';\n\nclass App {\n  public app: express.Express;\n\n  constructor() {\n    this.app = express();\n\n    this.config();\n\n    // Não remover essa rota\n    this.app.get('/', (req, res) => res.json({ ok: true }));\n  }\n\n  private config():void {\n    const accessControl: express.RequestHandler = (_req, res, next) => {\n      res.header('Access-Control-Allow-Origin', '*');\n      res.header('Access-Control-Allow-Methods', 'GET,POST,DELETE,OPTIONS,PUT,PATCH');\n      res.header('Access-Control-Allow-Headers', '*');\n      next();\n    };\n\n    this.app.use(express.json());\n    this.app.use(accessControl);\n    this.routes();\n  }\n\n  private routes() {\n    this.app.use(carsRouter);\n    this.app.use(pieceRouter);\n    this.app.use(adminRouter);\n  }\n\n  public start(PORT: string | number): void {\n    this.app.listen(PORT, () => console.log(`Running on port ${PORT}`));\n  }\n}\n\nexport default App;\n"]},"_coverageSchema":"1a1c01bbd47fc00a2c39e90264f33305004495a9","hash":"675fd96f4e7ccf5806769613cb597a5855705b30","contentHash":"7e616ae3fb028dbf69dbd64cc4a4974c6af149afa628826421514d41ddd3b651"},"/home/jose/back-end-oficina/src/routes/CarRouter.ts":{"path":"/home/jose/back-end-oficina/src/routes/CarRouter.ts","statementMap":{"0":{"start":{"line":2,"column":22},"end":{"line":4,"column":1}},"1":{"start":{"line":3,"column":4},"end":{"line":3,"column":62}},"2":{"start":{"line":5,"column":0},"end":{"line":5,"column":62}},"3":{"start":{"line":6,"column":18},"end":{"line":6,"column":36}},"4":{"start":{"line":7,"column":25},"end":{"line":7,"column":81}},"5":{"start":{"line":8,"column":20},"end":{"line":8,"column":72}},"6":{"start":{"line":9,"column":19},"end":{"line":9,"column":42}},"7":{"start":{"line":10,"column":22},"end":{"line":10,"column":52}},"8":{"start":{"line":11,"column":0},"end":{"line":11,"column":107}},"9":{"start":{"line":11,"column":73},"end":{"line":11,"column":105}},"10":{"start":{"line":12,"column":0},"end":{"line":12,"column":115}},"11":{"start":{"line":12,"column":82},"end":{"line":12,"column":113}},"12":{"start":{"line":13,"column":0},"end":{"line":13,"column":142}},"13":{"start":{"line":13,"column":107},"end":{"line":13,"column":140}},"14":{"start":{"line":14,"column":0},"end":{"line":14,"column":143}},"15":{"start":{"line":14,"column":108},"end":{"line":14,"column":141}},"16":{"start":{"line":15,"column":0},"end":{"line":15,"column":144}},"17":{"start":{"line":15,"column":109},"end":{"line":15,"column":142}},"18":{"start":{"line":16,"column":0},"end":{"line":16,"column":29}}},"fnMap":{"0":{"name":"(anonymous_0)","decl":{"start":{"line":2,"column":56},"end":{"line":2,"column":57}},"loc":{"start":{"line":2,"column":71},"end":{"line":4,"column":1}},"line":2},"1":{"name":"(anonymous_1)","decl":{"start":{"line":11,"column":59},"end":{"line":11,"column":60}},"loc":{"start":{"line":11,"column":73},"end":{"line":11,"column":105}},"line":11},"2":{"name":"(anonymous_2)","decl":{"start":{"line":12,"column":68},"end":{"line":12,"column":69}},"loc":{"start":{"line":12,"column":82},"end":{"line":12,"column":113}},"line":12},"3":{"name":"(anonymous_3)","decl":{"start":{"line":13,"column":93},"end":{"line":13,"column":94}},"loc":{"start":{"line":13,"column":107},"end":{"line":13,"column":140}},"line":13},"4":{"name":"(anonymous_4)","decl":{"start":{"line":14,"column":94},"end":{"line":14,"column":95}},"loc":{"start":{"line":14,"column":108},"end":{"line":14,"column":141}},"line":14},"5":{"name":"(anonymous_5)","decl":{"start":{"line":15,"column":95},"end":{"line":15,"column":96}},"loc":{"start":{"line":15,"column":109},"end":{"line":15,"column":142}},"line":15}},"branchMap":{"0":{"loc":{"start":{"line":2,"column":22},"end":{"line":4,"column":1}},"type":"binary-expr","locations":[{"start":{"line":2,"column":23},"end":{"line":2,"column":27}},{"start":{"line":2,"column":31},"end":{"line":2,"column":51}},{"start":{"line":2,"column":56},"end":{"line":4,"column":1}}],"line":2},"1":{"loc":{"start":{"line":3,"column":11},"end":{"line":3,"column":61}},"type":"cond-expr","locations":[{"start":{"line":3,"column":37},"end":{"line":3,"column":40}},{"start":{"line":3,"column":43},"end":{"line":3,"column":61}}],"line":3},"2":{"loc":{"start":{"line":3,"column":12},"end":{"line":3,"column":33}},"type":"binary-expr","locations":[{"start":{"line":3,"column":12},"end":{"line":3,"column":15}},{"start":{"line":3,"column":19},"end":{"line":3,"column":33}}],"line":3}},"s":{"0":1,"1":2,"2":1,"3":1,"4":1,"5":1,"6":1,"7":1,"8":1,"9":1,"10":1,"11":1,"12":1,"13":1,"14":1,"15":1,"16":1,"17":2,"18":1},"f":{"0":2,"1":1,"2":1,"3":1,"4":1,"5":2},"b":{"0":[1,1,1],"1":[2,0],"2":[2,2]},"inputSourceMap":{"version":3,"file":"/home/jose/back-end-oficina/src/routes/CarRouter.ts","sources":["/home/jose/back-end-oficina/src/routes/CarRouter.ts"],"names":[],"mappings":";;;;;AAAA,qCAAoD;AACpD,kFAAyD;AACzD,yEAAgD;AAEhD,MAAM,UAAU,GAAG,IAAA,gBAAM,GAAE,CAAC;AAC5B,MAAM,aAAa,GAAG,IAAI,wBAAa,EAAE,CAAC;AAE1C,UAAU,CAAC,GAAG,CACZ,OAAO,EACP,mBAAQ,CAAC,aAAa,EACtB,CAAC,GAAY,EAAE,GAAa,EAAE,EAAE,CAAC,aAAa,CAAC,QAAQ,CAAC,GAAG,EAAE,GAAG,CAAC,CAClE,CAAC;AAEF,UAAU,CAAC,GAAG,CACZ,gBAAgB,EAChB,mBAAQ,CAAC,aAAa,EACtB,CAAC,GAAY,EAAE,GAAa,EAAE,EAAE,CAAC,aAAa,CAAC,OAAO,CAAC,GAAG,EAAE,GAAG,CAAC,CACjE,CAAC;AAEF,UAAU,CAAC,IAAI,CACb,OAAO,EACP,mBAAQ,CAAC,WAAW,EACpB,mBAAQ,CAAC,aAAa,EACtB,CAAC,GAAY,EAAE,GAAa,EAAE,EAAE,CAAC,aAAa,CAAC,SAAS,CAAC,GAAG,EAAE,GAAG,CAAC,CACnE,CAAC;AAEF,UAAU,CAAC,KAAK,CACd,OAAO,EACP,mBAAQ,CAAC,WAAW,EACpB,mBAAQ,CAAC,aAAa,EACtB,CAAC,GAAY,EAAE,GAAa,EAAE,EAAE,CAAC,aAAa,CAAC,SAAS,CAAC,GAAG,EAAE,GAAG,CAAC,CACnE,CAAC;AAEF,UAAU,CAAC,MAAM,CACf,OAAO,EACP,mBAAQ,CAAC,WAAW,EACpB,mBAAQ,CAAC,aAAa,EACtB,CAAC,GAAY,EAAE,GAAa,EAAE,EAAE,CAAC,aAAa,CAAC,SAAS,CAAC,GAAG,EAAE,GAAG,CAAC,CACnE,CAAC;AAEF,kBAAe,UAAU,CAAC","sourcesContent":["import { Request, Response, Router } from 'express';\nimport CarController from '../controller/Car.controller';\nimport Validate from '../middlewares/Validates';\n\nconst carsRouter = Router();\nconst carController = new CarController();\n\ncarsRouter.get(\n  '/cars',\n  Validate.validateToken,\n  (req: Request, res: Response) => carController.listCars(req, res),\n);\n\ncarsRouter.get(\n  '/cars/findCars',\n  Validate.validateToken,\n  (req: Request, res: Response) => carController.findCar(req, res),\n);\n\ncarsRouter.post(\n  '/cars',\n  Validate.validateCar,\n  Validate.validateToken,\n  (req: Request, res: Response) => carController.insertCar(req, res),\n);\n\ncarsRouter.patch(\n  '/cars',\n  Validate.validateCar,\n  Validate.validateToken,\n  (req: Request, res: Response) => carController.updateCar(req, res),\n);\n\ncarsRouter.delete(\n  '/cars',\n  Validate.validateCar,\n  Validate.validateToken,\n  (req: Request, res: Response) => carController.removeCar(req, res),\n);\n\nexport default carsRouter;\n"]},"_coverageSchema":"1a1c01bbd47fc00a2c39e90264f33305004495a9","hash":"cdb19545b8d947205abca14cbd59410f0adbb87a","contentHash":"04062b660bd591885235855548d7dd9d63403a0b9d36555ad08bb36a35813941"},"/home/jose/back-end-oficina/src/controller/Car.controller.ts":{"path":"/home/jose/back-end-oficina/src/controller/Car.controller.ts","statementMap":{"0":{"start":{"line":2,"column":16},"end":{"line":10,"column":1}},"1":{"start":{"line":3,"column":28},"end":{"line":3,"column":110}},"2":{"start":{"line":3,"column":91},"end":{"line":3,"column":106}},"3":{"start":{"line":4,"column":4},"end":{"line":9,"column":7}},"4":{"start":{"line":5,"column":36},"end":{"line":5,"column":97}},"5":{"start":{"line":5,"column":42},"end":{"line":5,"column":70}},"6":{"start":{"line":5,"column":85},"end":{"line":5,"column":95}},"7":{"start":{"line":6,"column":35},"end":{"line":6,"column":100}},"8":{"start":{"line":6,"column":41},"end":{"line":6,"column":73}},"9":{"start":{"line":6,"column":88},"end":{"line":6,"column":98}},"10":{"start":{"line":7,"column":32},"end":{"line":7,"column":116}},"11":{"start":{"line":8,"column":8},"end":{"line":8,"column":78}},"12":{"start":{"line":11,"column":22},"end":{"line":13,"column":1}},"13":{"start":{"line":12,"column":4},"end":{"line":12,"column":62}},"14":{"start":{"line":14,"column":0},"end":{"line":14,"column":62}},"15":{"start":{"line":15,"column":22},"end":{"line":15,"column":73}},"16":{"start":{"line":16,"column":24},"end":{"line":16,"column":74}},"17":{"start":{"line":19,"column":8},"end":{"line":19,"column":37}},"18":{"start":{"line":22,"column":8},"end":{"line":25,"column":11}},"19":{"start":{"line":23,"column":37},"end":{"line":23,"column":69}},"20":{"start":{"line":24,"column":12},"end":{"line":24,"column":79}},"21":{"start":{"line":28,"column":8},"end":{"line":32,"column":11}},"22":{"start":{"line":29,"column":42},"end":{"line":29,"column":50}},"23":{"start":{"line":30,"column":37},"end":{"line":30,"column":91}},"24":{"start":{"line":31,"column":12},"end":{"line":31,"column":79}},"25":{"start":{"line":35,"column":8},"end":{"line":39,"column":11}},"26":{"start":{"line":36,"column":42},"end":{"line":36,"column":50}},"27":{"start":{"line":37,"column":37},"end":{"line":37,"column":91}},"28":{"start":{"line":38,"column":12},"end":{"line":38,"column":79}},"29":{"start":{"line":42,"column":8},"end":{"line":49,"column":11}},"30":{"start":{"line":43,"column":29},"end":{"line":43,"column":38}},"31":{"start":{"line":44,"column":12},"end":{"line":47,"column":13}},"32":{"start":{"line":45,"column":41},"end":{"line":45,"column":76}},"33":{"start":{"line":46,"column":16},"end":{"line":46,"column":83}},"34":{"start":{"line":48,"column":12},"end":{"line":48,"column":68}},"35":{"start":{"line":52,"column":8},"end":{"line":56,"column":11}},"36":{"start":{"line":53,"column":46},"end":{"line":53,"column":54}},"37":{"start":{"line":54,"column":37},"end":{"line":54,"column":95}},"38":{"start":{"line":55,"column":12},"end":{"line":55,"column":79}},"39":{"start":{"line":59,"column":0},"end":{"line":59,"column":32}}},"fnMap":{"0":{"name":"(anonymous_0)","decl":{"start":{"line":2,"column":44},"end":{"line":2,"column":45}},"loc":{"start":{"line":2,"column":89},"end":{"line":10,"column":1}},"line":2},"1":{"name":"adopt","decl":{"start":{"line":3,"column":13},"end":{"line":3,"column":18}},"loc":{"start":{"line":3,"column":26},"end":{"line":3,"column":112}},"line":3},"2":{"name":"(anonymous_2)","decl":{"start":{"line":3,"column":70},"end":{"line":3,"column":71}},"loc":{"start":{"line":3,"column":89},"end":{"line":3,"column":108}},"line":3},"3":{"name":"(anonymous_3)","decl":{"start":{"line":4,"column":36},"end":{"line":4,"column":37}},"loc":{"start":{"line":4,"column":63},"end":{"line":9,"column":5}},"line":4},"4":{"name":"fulfilled","decl":{"start":{"line":5,"column":17},"end":{"line":5,"column":26}},"loc":{"start":{"line":5,"column":34},"end":{"line":5,"column":99}},"line":5},"5":{"name":"rejected","decl":{"start":{"line":6,"column":17},"end":{"line":6,"column":25}},"loc":{"start":{"line":6,"column":33},"end":{"line":6,"column":102}},"line":6},"6":{"name":"step","decl":{"start":{"line":7,"column":17},"end":{"line":7,"column":21}},"loc":{"start":{"line":7,"column":30},"end":{"line":7,"column":118}},"line":7},"7":{"name":"(anonymous_7)","decl":{"start":{"line":11,"column":56},"end":{"line":11,"column":57}},"loc":{"start":{"line":11,"column":71},"end":{"line":13,"column":1}},"line":11},"8":{"name":"(anonymous_8)","decl":{"start":{"line":18,"column":4},"end":{"line":18,"column":5}},"loc":{"start":{"line":18,"column":58},"end":{"line":20,"column":5}},"line":18},"9":{"name":"(anonymous_9)","decl":{"start":{"line":21,"column":4},"end":{"line":21,"column":5}},"loc":{"start":{"line":21,"column":24},"end":{"line":26,"column":5}},"line":21},"10":{"name":"(anonymous_10)","decl":{"start":{"line":22,"column":47},"end":{"line":22,"column":48}},"loc":{"start":{"line":22,"column":60},"end":{"line":25,"column":9}},"line":22},"11":{"name":"(anonymous_11)","decl":{"start":{"line":27,"column":4},"end":{"line":27,"column":5}},"loc":{"start":{"line":27,"column":24},"end":{"line":33,"column":5}},"line":27},"12":{"name":"(anonymous_12)","decl":{"start":{"line":28,"column":47},"end":{"line":28,"column":48}},"loc":{"start":{"line":28,"column":60},"end":{"line":32,"column":9}},"line":28},"13":{"name":"(anonymous_13)","decl":{"start":{"line":34,"column":4},"end":{"line":34,"column":5}},"loc":{"start":{"line":34,"column":24},"end":{"line":40,"column":5}},"line":34},"14":{"name":"(anonymous_14)","decl":{"start":{"line":35,"column":47},"end":{"line":35,"column":48}},"loc":{"start":{"line":35,"column":60},"end":{"line":39,"column":9}},"line":35},"15":{"name":"(anonymous_15)","decl":{"start":{"line":41,"column":4},"end":{"line":41,"column":5}},"loc":{"start":{"line":41,"column":22},"end":{"line":50,"column":5}},"line":41},"16":{"name":"(anonymous_16)","decl":{"start":{"line":42,"column":47},"end":{"line":42,"column":48}},"loc":{"start":{"line":42,"column":60},"end":{"line":49,"column":9}},"line":42},"17":{"name":"(anonymous_17)","decl":{"start":{"line":51,"column":4},"end":{"line":51,"column":5}},"loc":{"start":{"line":51,"column":24},"end":{"line":57,"column":5}},"line":51},"18":{"name":"(anonymous_18)","decl":{"start":{"line":52,"column":47},"end":{"line":52,"column":48}},"loc":{"start":{"line":52,"column":60},"end":{"line":56,"column":9}},"line":52}},"branchMap":{"0":{"loc":{"start":{"line":2,"column":16},"end":{"line":10,"column":1}},"type":"binary-expr","locations":[{"start":{"line":2,"column":17},"end":{"line":2,"column":21}},{"start":{"line":2,"column":25},"end":{"line":2,"column":39}},{"start":{"line":2,"column":44},"end":{"line":10,"column":1}}],"line":2},"1":{"loc":{"start":{"line":3,"column":35},"end":{"line":3,"column":109}},"type":"cond-expr","locations":[{"start":{"line":3,"column":56},"end":{"line":3,"column":61}},{"start":{"line":3,"column":64},"end":{"line":3,"column":109}}],"line":3},"2":{"loc":{"start":{"line":4,"column":16},"end":{"line":4,"column":34}},"type":"binary-expr","locations":[{"start":{"line":4,"column":16},"end":{"line":4,"column":17}},{"start":{"line":4,"column":22},"end":{"line":4,"column":33}}],"line":4},"3":{"loc":{"start":{"line":7,"column":32},"end":{"line":7,"column":115}},"type":"cond-expr","locations":[{"start":{"line":7,"column":46},"end":{"line":7,"column":67}},{"start":{"line":7,"column":70},"end":{"line":7,"column":115}}],"line":7},"4":{"loc":{"start":{"line":8,"column":51},"end":{"line":8,"column":67}},"type":"binary-expr","locations":[{"start":{"line":8,"column":51},"end":{"line":8,"column":61}},{"start":{"line":8,"column":65},"end":{"line":8,"column":67}}],"line":8},"5":{"loc":{"start":{"line":11,"column":22},"end":{"line":13,"column":1}},"type":"binary-expr","locations":[{"start":{"line":11,"column":23},"end":{"line":11,"column":27}},{"start":{"line":11,"column":31},"end":{"line":11,"column":51}},{"start":{"line":11,"column":56},"end":{"line":13,"column":1}}],"line":11},"6":{"loc":{"start":{"line":12,"column":11},"end":{"line":12,"column":61}},"type":"cond-expr","locations":[{"start":{"line":12,"column":37},"end":{"line":12,"column":40}},{"start":{"line":12,"column":43},"end":{"line":12,"column":61}}],"line":12},"7":{"loc":{"start":{"line":12,"column":12},"end":{"line":12,"column":33}},"type":"binary-expr","locations":[{"start":{"line":12,"column":12},"end":{"line":12,"column":15}},{"start":{"line":12,"column":19},"end":{"line":12,"column":33}}],"line":12},"8":{"loc":{"start":{"line":18,"column":16},"end":{"line":18,"column":56}},"type":"default-arg","locations":[{"start":{"line":18,"column":29},"end":{"line":18,"column":56}}],"line":18},"9":{"loc":{"start":{"line":44,"column":12},"end":{"line":47,"column":13}},"type":"if","locations":[{"start":{"line":44,"column":12},"end":{"line":47,"column":13}},{"start":{"line":44,"column":12},"end":{"line":47,"column":13}}],"line":44}},"s":{"0":1,"1":6,"2":0,"3":6,"4":6,"5":6,"6":0,"7":0,"8":0,"9":0,"10":12,"11":6,"12":1,"13":2,"14":1,"15":1,"16":1,"17":1,"18":1,"19":1,"20":1,"21":1,"22":1,"23":1,"24":1,"25":2,"26":2,"27":2,"28":2,"29":1,"30":1,"31":1,"32":1,"33":1,"34":0,"35":1,"36":1,"37":1,"38":1,"39":1},"f":{"0":6,"1":6,"2":0,"3":6,"4":6,"5":0,"6":12,"7":2,"8":1,"9":1,"10":1,"11":1,"12":1,"13":2,"14":2,"15":1,"16":1,"17":1,"18":1},"b":{"0":[1,1,1],"1":[6,0],"2":[6,6],"3":[6,6],"4":[6,6],"5":[1,1,1],"6":[2,0],"7":[2,2],"8":[1],"9":[1,0]},"inputSourceMap":{"version":3,"file":"/home/jose/back-end-oficina/src/controller/Car.controller.ts","sources":["/home/jose/back-end-oficina/src/controller/Car.controller.ts"],"names":[],"mappings":";;;;;;;;;;;;;;AACA,0EAAiD;AACjD,2EAAmD;AAEnD,MAAqB,aAAa;IAChC,YAAoB,aAAa,IAAI,qBAAU,EAAE;QAA7B,eAAU,GAAV,UAAU,CAAmB;IAAG,CAAC;IAE/C,QAAQ,CAAC,IAAa,EAAE,GAAa;;YACzC,MAAM,EAAE,MAAM,EAAE,IAAI,EAAE,GAAG,MAAM,IAAI,CAAC,UAAU,CAAC,QAAQ,EAAE,CAAC;YAC1D,OAAO,GAAG,CAAC,MAAM,CAAC,IAAA,uBAAa,EAAC,MAAM,CAAC,CAAC,CAAC,IAAI,CAAC,IAAI,CAAC,CAAC;QACtD,CAAC;KAAA;IAEK,SAAS,CAAC,GAAY,EAAE,GAAa;;YACzC,MAAM,EAAE,IAAI,EAAE,KAAK,EAAE,IAAI,EAAE,GAAG,GAAG,CAAC,IAAI,CAAC;YACvC,MAAM,EAAE,MAAM,EAAE,IAAI,EAAE,GAAG,MAAM,IAAI,CAAC,UAAU,CAAC,SAAS,CAAC,EAAE,IAAI,EAAE,IAAI,EAAE,KAAK,EAAE,CAAC,CAAC;YAChF,OAAO,GAAG,CAAC,MAAM,CAAC,IAAA,uBAAa,EAAC,MAAM,CAAC,CAAC,CAAC,IAAI,CAAC,IAAI,CAAC,CAAC;QACtD,CAAC;KAAA;IAEK,SAAS,CAAC,GAAY,EAAE,GAAa;;YACzC,MAAM,EAAE,IAAI,EAAE,KAAK,EAAE,IAAI,EAAE,GAAG,GAAG,CAAC,IAAI,CAAC;YACvC,MAAM,EAAE,MAAM,EAAE,IAAI,EAAE,GAAG,MAAM,IAAI,CAAC,UAAU,CAAC,SAAS,CAAC,EAAE,IAAI,EAAE,IAAI,EAAE,KAAK,EAAE,CAAC,CAAC;YAChF,OAAO,GAAG,CAAC,MAAM,CAAC,IAAA,uBAAa,EAAC,MAAM,CAAC,CAAC,CAAC,IAAI,CAAC,IAAI,CAAC,CAAC;QACtD,CAAC;KAAA;IAEK,OAAO,CAAC,GAAY,EAAE,GAAa;;YACvC,MAAM,EAAE,IAAI,EAAE,GAAG,GAAG,CAAC,KAAK,CAAC;YAC3B,IAAI,OAAO,IAAI,KAAK,QAAQ,EAAE,CAAC;gBAC7B,MAAM,EAAE,MAAM,EAAE,IAAI,EAAE,GAAG,MAAM,IAAI,CAAC,UAAU,CAAC,OAAO,CAAC,IAAI,CAAC,CAAC;gBAC7D,OAAO,GAAG,CAAC,MAAM,CAAC,IAAA,uBAAa,EAAC,MAAM,CAAC,CAAC,CAAC,IAAI,CAAC,IAAI,CAAC,CAAC;YACtD,CAAC;YACD,OAAO,GAAG,CAAC,MAAM,CAAC,GAAG,CAAC,CAAC,IAAI,CAAC,EAAE,OAAO,EAAE,aAAa,EAAE,CAAC,CAAC;QAC1D,CAAC;KAAA;IAEK,SAAS,CAAC,GAAY,EAAE,GAAa;;YACzC,MAAM,EAAE,EAAE,EAAE,IAAI,EAAE,KAAK,EAAE,IAAI,EAAE,GAAG,GAAG,CAAC,IAAI,CAAC;YAC3C,MAAM,EAAE,MAAM,EAAE,IAAI,EAAE,GAAG,MAAM,IAAI,CAAC,UAAU,CAAC,SAAS,CAAC,EAAE,EAAE,EAAE,IAAI,EAAE,KAAK,EAAE,IAAI,EAAE,CAAC,CAAC;YACpF,OAAO,GAAG,CAAC,MAAM,CAAC,IAAA,uBAAa,EAAC,MAAM,CAAC,CAAC,CAAC,IAAI,CAAC,IAAI,CAAC,CAAC;QACtD,CAAC;KAAA;CACF;AAlCD,gCAkCC","sourcesContent":["import { Request, Response } from 'express';\nimport CarService from '../services/Car.service';\nimport mapStatusHTTP from '../utils/mapStatusHTTP';\n\nexport default class CarController {\n  constructor(private carService = new CarService()) {}\n\n  async listCars(_req: Request, res: Response) {\n    const { status, data } = await this.carService.listCars();\n    return res.status(mapStatusHTTP(status)).json(data);\n  }\n\n  async insertCar(req: Request, res: Response) {\n    const { name, brand, year } = req.body;\n    const { status, data } = await this.carService.insertCar({ name, year, brand });\n    return res.status(mapStatusHTTP(status)).json(data);\n  }\n\n  async removeCar(req: Request, res: Response) {\n    const { name, brand, year } = req.body;\n    const { status, data } = await this.carService.removeCar({ name, year, brand });\n    return res.status(mapStatusHTTP(status)).json(data);\n  }\n\n  async findCar(req: Request, res: Response) {\n    const { name } = req.query;\n    if (typeof name === 'string') {\n      const { status, data } = await this.carService.findCar(name);\n      return res.status(mapStatusHTTP(status)).json(data);\n    }\n    return res.status(400).json({ message: 'Bad Request' });\n  }\n\n  async updateCar(req: Request, res: Response) {\n    const { id, name, brand, year } = req.body;\n    const { status, data } = await this.carService.updateCar({ id, name, brand, year });\n    return res.status(mapStatusHTTP(status)).json(data);\n  }\n}\n"]},"_coverageSchema":"1a1c01bbd47fc00a2c39e90264f33305004495a9","hash":"82d5ec2851d7c6d1fdb8ffa7a27951bb2454641a","contentHash":"3851b8ac8b65182195cf742f91558a89338d11d11f9d27df1b351cde6915d041"},"/home/jose/back-end-oficina/src/services/Car.service.ts":{"path":"/home/jose/back-end-oficina/src/services/Car.service.ts","statementMap":{"0":{"start":{"line":2,"column":16},"end":{"line":10,"column":1}},"1":{"start":{"line":3,"column":28},"end":{"line":3,"column":110}},"2":{"start":{"line":3,"column":91},"end":{"line":3,"column":106}},"3":{"start":{"line":4,"column":4},"end":{"line":9,"column":7}},"4":{"start":{"line":5,"column":36},"end":{"line":5,"column":97}},"5":{"start":{"line":5,"column":42},"end":{"line":5,"column":70}},"6":{"start":{"line":5,"column":85},"end":{"line":5,"column":95}},"7":{"start":{"line":6,"column":35},"end":{"line":6,"column":100}},"8":{"start":{"line":6,"column":41},"end":{"line":6,"column":73}},"9":{"start":{"line":6,"column":88},"end":{"line":6,"column":98}},"10":{"start":{"line":7,"column":32},"end":{"line":7,"column":116}},"11":{"start":{"line":8,"column":8},"end":{"line":8,"column":78}},"12":{"start":{"line":11,"column":22},"end":{"line":13,"column":1}},"13":{"start":{"line":12,"column":4},"end":{"line":12,"column":62}},"14":{"start":{"line":14,"column":0},"end":{"line":14,"column":62}},"15":{"start":{"line":15,"column":19},"end":{"line":15,"column":65}},"16":{"start":{"line":18,"column":8},"end":{"line":18,"column":33}},"17":{"start":{"line":21,"column":8},"end":{"line":24,"column":11}},"18":{"start":{"line":22,"column":27},"end":{"line":22,"column":57}},"19":{"start":{"line":23,"column":12},"end":{"line":23,"column":58}},"20":{"start":{"line":27,"column":8},"end":{"line":30,"column":11}},"21":{"start":{"line":28,"column":27},"end":{"line":28,"column":99}},"22":{"start":{"line":29,"column":12},"end":{"line":29,"column":55}},"23":{"start":{"line":33,"column":8},"end":{"line":39,"column":11}},"24":{"start":{"line":34,"column":27},"end":{"line":34,"column":79}},"25":{"start":{"line":35,"column":12},"end":{"line":37,"column":13}},"26":{"start":{"line":36,"column":16},"end":{"line":36,"column":90}},"27":{"start":{"line":38,"column":12},"end":{"line":38,"column":73}},"28":{"start":{"line":42,"column":8},"end":{"line":45,"column":11}},"29":{"start":{"line":43,"column":27},"end":{"line":43,"column":60}},"30":{"start":{"line":44,"column":12},"end":{"line":44,"column":58}},"31":{"start":{"line":48,"column":8},"end":{"line":51,"column":11}},"32":{"start":{"line":49,"column":12},"end":{"line":49,"column":89}},"33":{"start":{"line":50,"column":12},"end":{"line":50,"column":97}},"34":{"start":{"line":54,"column":0},"end":{"line":54,"column":29}}},"fnMap":{"0":{"name":"(anonymous_0)","decl":{"start":{"line":2,"column":44},"end":{"line":2,"column":45}},"loc":{"start":{"line":2,"column":89},"end":{"line":10,"column":1}},"line":2},"1":{"name":"adopt","decl":{"start":{"line":3,"column":13},"end":{"line":3,"column":18}},"loc":{"start":{"line":3,"column":26},"end":{"line":3,"column":112}},"line":3},"2":{"name":"(anonymous_2)","decl":{"start":{"line":3,"column":70},"end":{"line":3,"column":71}},"loc":{"start":{"line":3,"column":89},"end":{"line":3,"column":108}},"line":3},"3":{"name":"(anonymous_3)","decl":{"start":{"line":4,"column":36},"end":{"line":4,"column":37}},"loc":{"start":{"line":4,"column":63},"end":{"line":9,"column":5}},"line":4},"4":{"name":"fulfilled","decl":{"start":{"line":5,"column":17},"end":{"line":5,"column":26}},"loc":{"start":{"line":5,"column":34},"end":{"line":5,"column":99}},"line":5},"5":{"name":"rejected","decl":{"start":{"line":6,"column":17},"end":{"line":6,"column":25}},"loc":{"start":{"line":6,"column":33},"end":{"line":6,"column":102}},"line":6},"6":{"name":"step","decl":{"start":{"line":7,"column":17},"end":{"line":7,"column":21}},"loc":{"start":{"line":7,"column":30},"end":{"line":7,"column":118}},"line":7},"7":{"name":"(anonymous_7)","decl":{"start":{"line":11,"column":56},"end":{"line":11,"column":57}},"loc":{"start":{"line":11,"column":71},"end":{"line":13,"column":1}},"line":11},"8":{"name":"(anonymous_8)","decl":{"start":{"line":17,"column":4},"end":{"line":17,"column":5}},"loc":{"start":{"line":17,"column":53},"end":{"line":19,"column":5}},"line":17},"9":{"name":"(anonymous_9)","decl":{"start":{"line":20,"column":4},"end":{"line":20,"column":5}},"loc":{"start":{"line":20,"column":15},"end":{"line":25,"column":5}},"line":20},"10":{"name":"(anonymous_10)","decl":{"start":{"line":21,"column":47},"end":{"line":21,"column":48}},"loc":{"start":{"line":21,"column":60},"end":{"line":24,"column":9}},"line":21},"11":{"name":"(anonymous_11)","decl":{"start":{"line":26,"column":4},"end":{"line":26,"column":5}},"loc":{"start":{"line":26,"column":18},"end":{"line":31,"column":5}},"line":26},"12":{"name":"(anonymous_12)","decl":{"start":{"line":27,"column":50},"end":{"line":27,"column":51}},"loc":{"start":{"line":27,"column":84},"end":{"line":30,"column":9}},"line":27},"13":{"name":"(anonymous_13)","decl":{"start":{"line":32,"column":4},"end":{"line":32,"column":5}},"loc":{"start":{"line":32,"column":18},"end":{"line":40,"column":5}},"line":32},"14":{"name":"(anonymous_14)","decl":{"start":{"line":33,"column":50},"end":{"line":33,"column":51}},"loc":{"start":{"line":33,"column":84},"end":{"line":39,"column":9}},"line":33},"15":{"name":"(anonymous_15)","decl":{"start":{"line":41,"column":4},"end":{"line":41,"column":5}},"loc":{"start":{"line":41,"column":18},"end":{"line":46,"column":5}},"line":41},"16":{"name":"(anonymous_16)","decl":{"start":{"line":42,"column":47},"end":{"line":42,"column":48}},"loc":{"start":{"line":42,"column":60},"end":{"line":45,"column":9}},"line":42},"17":{"name":"(anonymous_17)","decl":{"start":{"line":47,"column":4},"end":{"line":47,"column":5}},"loc":{"start":{"line":47,"column":18},"end":{"line":52,"column":5}},"line":47},"18":{"name":"(anonymous_18)","decl":{"start":{"line":48,"column":50},"end":{"line":48,"column":51}},"loc":{"start":{"line":48,"column":88},"end":{"line":51,"column":9}},"line":48}},"branchMap":{"0":{"loc":{"start":{"line":2,"column":16},"end":{"line":10,"column":1}},"type":"binary-expr","locations":[{"start":{"line":2,"column":17},"end":{"line":2,"column":21}},{"start":{"line":2,"column":25},"end":{"line":2,"column":39}},{"start":{"line":2,"column":44},"end":{"line":10,"column":1}}],"line":2},"1":{"loc":{"start":{"line":3,"column":35},"end":{"line":3,"column":109}},"type":"cond-expr","locations":[{"start":{"line":3,"column":56},"end":{"line":3,"column":61}},{"start":{"line":3,"column":64},"end":{"line":3,"column":109}}],"line":3},"2":{"loc":{"start":{"line":4,"column":16},"end":{"line":4,"column":34}},"type":"binary-expr","locations":[{"start":{"line":4,"column":16},"end":{"line":4,"column":17}},{"start":{"line":4,"column":22},"end":{"line":4,"column":33}}],"line":4},"3":{"loc":{"start":{"line":7,"column":32},"end":{"line":7,"column":115}},"type":"cond-expr","locations":[{"start":{"line":7,"column":46},"end":{"line":7,"column":67}},{"start":{"line":7,"column":70},"end":{"line":7,"column":115}}],"line":7},"4":{"loc":{"start":{"line":8,"column":51},"end":{"line":8,"column":67}},"type":"binary-expr","locations":[{"start":{"line":8,"column":51},"end":{"line":8,"column":61}},{"start":{"line":8,"column":65},"end":{"line":8,"column":67}}],"line":8},"5":{"loc":{"start":{"line":11,"column":22},"end":{"line":13,"column":1}},"type":"binary-expr","locations":[{"start":{"line":11,"column":23},"end":{"line":11,"column":27}},{"start":{"line":11,"column":31},"end":{"line":11,"column":51}},{"start":{"line":11,"column":56},"end":{"line":13,"column":1}}],"line":11},"6":{"loc":{"start":{"line":12,"column":11},"end":{"line":12,"column":61}},"type":"cond-expr","locations":[{"start":{"line":12,"column":37},"end":{"line":12,"column":40}},{"start":{"line":12,"column":43},"end":{"line":12,"column":61}}],"line":12},"7":{"loc":{"start":{"line":12,"column":12},"end":{"line":12,"column":33}},"type":"binary-expr","locations":[{"start":{"line":12,"column":12},"end":{"line":12,"column":15}},{"start":{"line":12,"column":19},"end":{"line":12,"column":33}}],"line":12},"8":{"loc":{"start":{"line":17,"column":16},"end":{"line":17,"column":51}},"type":"default-arg","locations":[{"start":{"line":17,"column":27},"end":{"line":17,"column":51}}],"line":17},"9":{"loc":{"start":{"line":35,"column":12},"end":{"line":37,"column":13}},"type":"if","locations":[{"start":{"line":35,"column":12},"end":{"line":37,"column":13}},{"start":{"line":35,"column":12},"end":{"line":37,"column":13}}],"line":35}},"s":{"0":1,"1":6,"2":0,"3":6,"4":6,"5":6,"6":0,"7":0,"8":0,"9":0,"10":12,"11":6,"12":1,"13":1,"14":1,"15":1,"16":1,"17":1,"18":1,"19":1,"20":1,"21":1,"22":1,"23":2,"24":2,"25":2,"26":1,"27":1,"28":1,"29":1,"30":1,"31":1,"32":1,"33":1,"34":1},"f":{"0":6,"1":6,"2":0,"3":6,"4":6,"5":0,"6":12,"7":1,"8":1,"9":1,"10":1,"11":1,"12":1,"13":2,"14":2,"15":1,"16":1,"17":1,"18":1},"b":{"0":[1,1,1],"1":[6,0],"2":[6,6],"3":[6,6],"4":[6,2],"5":[1,1,1],"6":[1,0],"7":[1,1],"8":[1],"9":[1,1]},"inputSourceMap":{"version":3,"file":"/home/jose/back-end-oficina/src/services/Car.service.ts","sources":["/home/jose/back-end-oficina/src/services/Car.service.ts"],"names":[],"mappings":";;;;;;;;;;;;;;AACA,kEAA0C;AAG1C,MAAqB,UAAU;IAC7B,YAAoB,WAAW,IAAI,kBAAQ,EAAE;QAAzB,aAAQ,GAAR,QAAQ,CAAiB;IAAG,CAAC;IAE3C,QAAQ;;YACZ,MAAM,MAAM,GAAG,MAAM,IAAI,CAAC,QAAQ,CAAC,QAAQ,EAAE,CAAC;YAC9C,OAAO,EAAE,MAAM,EAAE,YAAY,EAAE,IAAI,EAAE,MAAM,EAAE,CAAC;QAChD,CAAC;KAAA;IAEK,SAAS;6DAAC,EAAE,IAAI,EAAE,KAAK,EAAE,IAAI,EAAoB;YACrD,MAAM,MAAM,GAAG,MAAM,IAAI,CAAC,QAAQ,CAAC,SAAS,CAAC,EAAE,IAAI,EAAE,IAAI,CAAC,WAAW,EAAE,EAAE,KAAK,EAAE,IAAI,EAAE,CAAC,CAAC;YACxF,OAAO,EAAE,MAAM,EAAE,SAAS,EAAE,IAAI,EAAE,MAAM,EAAE,CAAC;QAC7C,CAAC;KAAA;IAEK,SAAS;6DAAC,EAAE,IAAI,EAAE,KAAK,EAAE,IAAI,EAAoB;YAErD,MAAM,MAAM,GAAG,MAAM,IAAI,CAAC,QAAQ,CAAC,SAAS,CAAC,EAAE,IAAI,EAAE,IAAI,EAAE,KAAK,EAAE,CAAC,CAAC;YACpE,IAAI,MAAM,KAAK,CAAC,EAAE,CAAC;gBACjB,OAAO,EAAE,MAAM,EAAE,WAAW,EAAE,IAAI,EAAE,EAAE,OAAO,EAAE,sBAAsB,EAAE,EAAE,CAAC;YAC5E,CAAC;YAED,OAAO,EAAE,MAAM,EAAE,YAAY,EAAE,IAAI,EAAE,EAAE,IAAI,EAAE,KAAK,EAAE,IAAI,EAAE,EAAE,CAAC;QAC/D,CAAC;KAAA;IAEK,OAAO,CAAC,IAAY;;YACxB,MAAM,MAAM,GAAG,MAAM,IAAI,CAAC,QAAQ,CAAC,OAAO,CAAC,IAAI,CAAC,CAAC;YACjD,OAAO,EAAE,MAAM,EAAE,YAAY,EAAE,IAAI,EAAE,MAAM,EAAE,CAAC;QAChD,CAAC;KAAA;IAEK,SAAS;6DAAC,EAAE,EAAE,EAAE,IAAI,EAAE,KAAK,EAAE,IAAI,EAAQ;YAC7C,MAAM,IAAI,CAAC,QAAQ,CAAC,SAAS,CAAC,EAAE,EAAE,EAAE,IAAI,EAAE,IAAI,CAAC,WAAW,EAAE,EAAE,KAAK,EAAE,IAAI,EAAE,CAAC,CAAC;YAE7E,OAAO,EAAE,MAAM,EAAE,YAAY,EAAE,IAAI,EAAE,EAAE,EAAE,EAAE,IAAI,EAAE,IAAI,CAAC,WAAW,EAAE,EAAE,KAAK,EAAE,IAAI,EAAE,EAAE,CAAC;QACvF,CAAC;KAAA;CACF;AAjCD,6BAiCC","sourcesContent":["import { ICar } from '../interfaces/databaseModels/ICar';\nimport CarModel from '../models/CarModel';\nimport { ServiceResponse } from '../utils/mapStatusHTTP';\n\nexport default class CarService {\n  constructor(private carModel = new CarModel()) {}\n\n  async listCars(): Promise<ServiceResponse<ICar[]>> {\n    const result = await this.carModel.listCars();\n    return { status: 'SUCCESSFUL', data: result };\n  }\n\n  async insertCar({ name, brand, year }: Omit<ICar, 'id'>): Promise<ServiceResponse<ICar>> {\n    const result = await this.carModel.insertCar({ name: name.toUpperCase(), brand, year });\n    return { status: 'CREATED', data: result };\n  }\n\n  async removeCar({ name, brand, year }: Omit<ICar, 'id'>):\n  Promise<ServiceResponse<Omit<ICar, 'id'>>> {\n    const result = await this.carModel.removeCar({ name, year, brand });\n    if (result === 0) {\n      return { status: 'NOT_FOUND', data: { message: 'carro não encontrado' } };\n    }\n\n    return { status: 'SUCCESSFUL', data: { name, brand, year } };\n  }\n\n  async findCar(name: string): Promise<ServiceResponse<ICar[]>> {\n    const result = await this.carModel.findCar(name);\n    return { status: 'SUCCESSFUL', data: result };\n  }\n\n  async updateCar({ id, name, brand, year }: ICar): Promise<ServiceResponse<ICar>> {\n    await this.carModel.updateCar({ id, name: name.toUpperCase(), brand, year });\n\n    return { status: 'SUCCESSFUL', data: { id, name: name.toUpperCase(), brand, year } };\n  }\n}\n"]},"_coverageSchema":"1a1c01bbd47fc00a2c39e90264f33305004495a9","hash":"92003f2fcc382084d5b1b441fc13dc591d21589e","contentHash":"d059ca1c35c63781555103e2a0add3bc2c2d1c4285cb3fe733af10733eaa8a20"},"/home/jose/back-end-oficina/src/models/CarModel.ts":{"path":"/home/jose/back-end-oficina/src/models/CarModel.ts","statementMap":{"0":{"start":{"line":2,"column":16},"end":{"line":10,"column":1}},"1":{"start":{"line":3,"column":28},"end":{"line":3,"column":110}},"2":{"start":{"line":3,"column":91},"end":{"line":3,"column":106}},"3":{"start":{"line":4,"column":4},"end":{"line":9,"column":7}},"4":{"start":{"line":5,"column":36},"end":{"line":5,"column":97}},"5":{"start":{"line":5,"column":42},"end":{"line":5,"column":70}},"6":{"start":{"line":5,"column":85},"end":{"line":5,"column":95}},"7":{"start":{"line":6,"column":35},"end":{"line":6,"column":100}},"8":{"start":{"line":6,"column":41},"end":{"line":6,"column":73}},"9":{"start":{"line":6,"column":88},"end":{"line":6,"column":98}},"10":{"start":{"line":7,"column":32},"end":{"line":7,"column":116}},"11":{"start":{"line":8,"column":8},"end":{"line":8,"column":78}},"12":{"start":{"line":11,"column":22},"end":{"line":13,"column":1}},"13":{"start":{"line":12,"column":4},"end":{"line":12,"column":62}},"14":{"start":{"line":14,"column":0},"end":{"line":14,"column":62}},"15":{"start":{"line":15,"column":20},"end":{"line":15,"column":40}},"16":{"start":{"line":16,"column":23},"end":{"line":16,"column":82}},"17":{"start":{"line":19,"column":8},"end":{"line":19,"column":44}},"18":{"start":{"line":22,"column":8},"end":{"line":25,"column":11}},"19":{"start":{"line":23,"column":27},"end":{"line":23,"column":53}},"20":{"start":{"line":24,"column":12},"end":{"line":24,"column":26}},"21":{"start":{"line":28,"column":8},"end":{"line":31,"column":11}},"22":{"start":{"line":29,"column":29},"end":{"line":29,"column":92}},"23":{"start":{"line":30,"column":12},"end":{"line":30,"column":26}},"24":{"start":{"line":34,"column":8},"end":{"line":37,"column":11}},"25":{"start":{"line":35,"column":27},"end":{"line":35,"column":85}},"26":{"start":{"line":36,"column":12},"end":{"line":36,"column":26}},"27":{"start":{"line":40,"column":8},"end":{"line":45,"column":11}},"28":{"start":{"line":41,"column":27},"end":{"line":43,"column":20}},"29":{"start":{"line":44,"column":12},"end":{"line":44,"column":26}},"30":{"start":{"line":48,"column":8},"end":{"line":51,"column":11}},"31":{"start":{"line":49,"column":29},"end":{"line":49,"column":94}},"32":{"start":{"line":50,"column":12},"end":{"line":50,"column":26}},"33":{"start":{"line":54,"column":0},"end":{"line":54,"column":27}}},"fnMap":{"0":{"name":"(anonymous_0)","decl":{"start":{"line":2,"column":44},"end":{"line":2,"column":45}},"loc":{"start":{"line":2,"column":89},"end":{"line":10,"column":1}},"line":2},"1":{"name":"adopt","decl":{"start":{"line":3,"column":13},"end":{"line":3,"column":18}},"loc":{"start":{"line":3,"column":26},"end":{"line":3,"column":112}},"line":3},"2":{"name":"(anonymous_2)","decl":{"start":{"line":3,"column":70},"end":{"line":3,"column":71}},"loc":{"start":{"line":3,"column":89},"end":{"line":3,"column":108}},"line":3},"3":{"name":"(anonymous_3)","decl":{"start":{"line":4,"column":36},"end":{"line":4,"column":37}},"loc":{"start":{"line":4,"column":63},"end":{"line":9,"column":5}},"line":4},"4":{"name":"fulfilled","decl":{"start":{"line":5,"column":17},"end":{"line":5,"column":26}},"loc":{"start":{"line":5,"column":34},"end":{"line":5,"column":99}},"line":5},"5":{"name":"rejected","decl":{"start":{"line":6,"column":17},"end":{"line":6,"column":25}},"loc":{"start":{"line":6,"column":33},"end":{"line":6,"column":102}},"line":6},"6":{"name":"step","decl":{"start":{"line":7,"column":17},"end":{"line":7,"column":21}},"loc":{"start":{"line":7,"column":30},"end":{"line":7,"column":118}},"line":7},"7":{"name":"(anonymous_7)","decl":{"start":{"line":11,"column":56},"end":{"line":11,"column":57}},"loc":{"start":{"line":11,"column":71},"end":{"line":13,"column":1}},"line":11},"8":{"name":"(anonymous_8)","decl":{"start":{"line":18,"column":4},"end":{"line":18,"column":5}},"loc":{"start":{"line":18,"column":18},"end":{"line":20,"column":5}},"line":18},"9":{"name":"(anonymous_9)","decl":{"start":{"line":21,"column":4},"end":{"line":21,"column":5}},"loc":{"start":{"line":21,"column":15},"end":{"line":26,"column":5}},"line":21},"10":{"name":"(anonymous_10)","decl":{"start":{"line":22,"column":47},"end":{"line":22,"column":48}},"loc":{"start":{"line":22,"column":60},"end":{"line":25,"column":9}},"line":22},"11":{"name":"(anonymous_11)","decl":{"start":{"line":27,"column":4},"end":{"line":27,"column":5}},"loc":{"start":{"line":27,"column":18},"end":{"line":32,"column":5}},"line":27},"12":{"name":"(anonymous_12)","decl":{"start":{"line":28,"column":50},"end":{"line":28,"column":51}},"loc":{"start":{"line":28,"column":84},"end":{"line":31,"column":9}},"line":28},"13":{"name":"(anonymous_13)","decl":{"start":{"line":33,"column":4},"end":{"line":33,"column":5}},"loc":{"start":{"line":33,"column":18},"end":{"line":38,"column":5}},"line":33},"14":{"name":"(anonymous_14)","decl":{"start":{"line":34,"column":50},"end":{"line":34,"column":51}},"loc":{"start":{"line":34,"column":84},"end":{"line":37,"column":9}},"line":34},"15":{"name":"(anonymous_15)","decl":{"start":{"line":39,"column":4},"end":{"line":39,"column":5}},"loc":{"start":{"line":39,"column":18},"end":{"line":46,"column":5}},"line":39},"16":{"name":"(anonymous_16)","decl":{"start":{"line":40,"column":47},"end":{"line":40,"column":48}},"loc":{"start":{"line":40,"column":60},"end":{"line":45,"column":9}},"line":40},"17":{"name":"(anonymous_17)","decl":{"start":{"line":47,"column":4},"end":{"line":47,"column":5}},"loc":{"start":{"line":47,"column":18},"end":{"line":52,"column":5}},"line":47},"18":{"name":"(anonymous_18)","decl":{"start":{"line":48,"column":50},"end":{"line":48,"column":51}},"loc":{"start":{"line":48,"column":88},"end":{"line":51,"column":9}},"line":48}},"branchMap":{"0":{"loc":{"start":{"line":2,"column":16},"end":{"line":10,"column":1}},"type":"binary-expr","locations":[{"start":{"line":2,"column":17},"end":{"line":2,"column":21}},{"start":{"line":2,"column":25},"end":{"line":2,"column":39}},{"start":{"line":2,"column":44},"end":{"line":10,"column":1}}],"line":2},"1":{"loc":{"start":{"line":3,"column":35},"end":{"line":3,"column":109}},"type":"cond-expr","locations":[{"start":{"line":3,"column":56},"end":{"line":3,"column":61}},{"start":{"line":3,"column":64},"end":{"line":3,"column":109}}],"line":3},"2":{"loc":{"start":{"line":4,"column":16},"end":{"line":4,"column":34}},"type":"binary-expr","locations":[{"start":{"line":4,"column":16},"end":{"line":4,"column":17}},{"start":{"line":4,"column":22},"end":{"line":4,"column":33}}],"line":4},"3":{"loc":{"start":{"line":7,"column":32},"end":{"line":7,"column":115}},"type":"cond-expr","locations":[{"start":{"line":7,"column":46},"end":{"line":7,"column":67}},{"start":{"line":7,"column":70},"end":{"line":7,"column":115}}],"line":7},"4":{"loc":{"start":{"line":8,"column":51},"end":{"line":8,"column":67}},"type":"binary-expr","locations":[{"start":{"line":8,"column":51},"end":{"line":8,"column":61}},{"start":{"line":8,"column":65},"end":{"line":8,"column":67}}],"line":8},"5":{"loc":{"start":{"line":11,"column":22},"end":{"line":13,"column":1}},"type":"binary-expr","locations":[{"start":{"line":11,"column":23},"end":{"line":11,"column":27}},{"start":{"line":11,"column":31},"end":{"line":11,"column":51}},{"start":{"line":11,"column":56},"end":{"line":13,"column":1}}],"line":11},"6":{"loc":{"start":{"line":12,"column":11},"end":{"line":12,"column":61}},"type":"cond-expr","locations":[{"start":{"line":12,"column":37},"end":{"line":12,"column":40}},{"start":{"line":12,"column":43},"end":{"line":12,"column":61}}],"line":12},"7":{"loc":{"start":{"line":12,"column":12},"end":{"line":12,"column":33}},"type":"binary-expr","locations":[{"start":{"line":12,"column":12},"end":{"line":12,"column":15}},{"start":{"line":12,"column":19},"end":{"line":12,"column":33}}],"line":12}},"s":{"0":1,"1":6,"2":0,"3":6,"4":6,"5":6,"6":0,"7":0,"8":0,"9":0,"10":12,"11":6,"12":1,"13":1,"14":1,"15":1,"16":1,"17":1,"18":1,"19":1,"20":1,"21":1,"22":1,"23":1,"24":2,"25":2,"26":2,"27":1,"28":1,"29":1,"30":1,"31":1,"32":1,"33":1},"f":{"0":6,"1":6,"2":0,"3":6,"4":6,"5":0,"6":12,"7":1,"8":1,"9":1,"10":1,"11":1,"12":1,"13":2,"14":2,"15":1,"16":1,"17":1,"18":1},"b":{"0":[1,1,1],"1":[6,0],"2":[6,6],"3":[6,6],"4":[6,2],"5":[1,1,1],"6":[1,0],"7":[1,1]},"inputSourceMap":{"version":3,"file":"/home/jose/back-end-oficina/src/models/CarModel.ts","sources":["/home/jose/back-end-oficina/src/models/CarModel.ts"],"names":[],"mappings":";;;;;;;;;;;;;;AAAA,yCAA+B;AAC/B,mFAA2D;AAI3D,MAAqB,QAAQ;IAA7B;QACU,UAAK,GAAG,sBAAY,CAAC;IA6B/B,CAAC;IA3BO,QAAQ;;YACZ,MAAM,MAAM,GAAG,MAAM,IAAI,CAAC,KAAK,CAAC,OAAO,EAAE,CAAC;YAC1C,OAAO,MAAM,CAAC;QAChB,CAAC;KAAA;IAEK,SAAS;6DAAC,EAAE,IAAI,EAAE,KAAK,EAAE,IAAI,EAAkD;YAEnF,MAAM,CAAC,MAAM,CAAC,GAAG,MAAM,IAAI,CAAC,KAAK,CAAC,YAAY,CAAC,EAAE,KAAK,EAAE,EAAE,IAAI,EAAE,KAAK,EAAE,IAAI,EAAE,EAAE,CAAC,CAAC;YACjF,OAAO,MAAM,CAAC;QAChB,CAAC;KAAA;IAEK,SAAS;6DAAC,EAAE,IAAI,EAAE,KAAK,EAAE,IAAI,EAAoB;YACrD,MAAM,MAAM,GAAG,MAAM,IAAI,CAAC,KAAK,CAAC,OAAO,CAAC,EAAE,KAAK,EAAE,EAAE,IAAI,EAAE,KAAK,EAAE,IAAI,EAAE,EAAE,CAAC,CAAC;YAC1E,OAAO,MAAM,CAAC;QAChB,CAAC;KAAA;IAEK,OAAO,CAAC,IAAY;;YACxB,MAAM,MAAM,GAAG,MAAM,IAAI,CAAC,KAAK,CAAC,OAAO,CAAC,EAAE,KAAK,EAAE;oBAC/C,IAAI,EAAE,EAAE,CAAC,cAAE,CAAC,IAAI,CAAC,EAAE,IAAI,IAAI,CAAC,WAAW,EAAE,GAAG,EAAE;iBAC/C,EAAE,CAAC,CAAC;YACL,OAAO,MAAM,CAAC;QAChB,CAAC;KAAA;IAEK,SAAS;6DAAC,EAAE,EAAE,EAAE,IAAI,EAAE,KAAK,EAAE,IAAI,EAAQ;YAC7C,MAAM,CAAC,MAAM,CAAC,GAAG,MAAM,IAAI,CAAC,KAAK,CAAC,MAAM,CAAC,EAAE,IAAI,EAAE,KAAK,EAAE,IAAI,EAAE,EAAE,EAAE,KAAK,EAAE,EAAE,EAAE,EAAE,EAAE,CAAC,CAAC;YACnF,OAAO,MAAM,CAAC;QAChB,CAAC;KAAA;CACF;AA9BD,2BA8BC","sourcesContent":["import { Op } from 'sequelize';\nimport SequelizeCar from '../database/models/SequelizeCar';\nimport { ICar } from '../interfaces/databaseModels/ICar';\nimport { ICarModel } from '../interfaces/ICarModel';\n\nexport default class CarModel implements ICarModel {\n  private model = SequelizeCar;\n\n  async listCars(): Promise<ICar[]> {\n    const result = await this.model.findAll();\n    return result;\n  }\n\n  async insertCar({ name, brand, year }: { name: string; brand: string; year: number; }):\n  Promise<ICar> {\n    const [result] = await this.model.findOrCreate({ where: { name, brand, year } });\n    return result;\n  }\n\n  async removeCar({ name, brand, year }: Omit<ICar, 'id'>): Promise<number> {\n    const result = await this.model.destroy({ where: { name, brand, year } });\n    return result;\n  }\n\n  async findCar(name: string): Promise<ICar[]> {\n    const result = await this.model.findAll({ where: {\n      name: { [Op.like]: `%${name.toUpperCase()}%` },\n    } });\n    return result;\n  }\n\n  async updateCar({ id, name, brand, year }: ICar): Promise<number> {\n    const [result] = await this.model.update({ name, brand, year }, { where: { id } });\n    return result;\n  }\n}\n"]},"_coverageSchema":"1a1c01bbd47fc00a2c39e90264f33305004495a9","hash":"384ccc48b88a9176867b79f4b9024781ef3bf9d4","contentHash":"f2d97f455786cc7db4b2fb3880fd8cea909481ddd6acb02dda17d65889f845a0"},"/home/jose/back-end-oficina/src/utils/mapStatusHTTP.ts":{"path":"/home/jose/back-end-oficina/src/utils/mapStatusHTTP.ts","statementMap":{"0":{"start":{"line":2,"column":0},"end":{"line":2,"column":62}},"1":{"start":{"line":5,"column":4},"end":{"line":15,"column":5}},"2":{"start":{"line":6,"column":27},"end":{"line":6,"column":38}},"3":{"start":{"line":7,"column":24},"end":{"line":7,"column":35}},"4":{"start":{"line":8,"column":29},"end":{"line":8,"column":40}},"5":{"start":{"line":9,"column":29},"end":{"line":9,"column":40}},"6":{"start":{"line":10,"column":26},"end":{"line":10,"column":37}},"7":{"start":{"line":11,"column":25},"end":{"line":11,"column":36}},"8":{"start":{"line":12,"column":30},"end":{"line":12,"column":41}},"9":{"start":{"line":13,"column":26},"end":{"line":13,"column":37}},"10":{"start":{"line":14,"column":17},"end":{"line":14,"column":28}},"11":{"start":{"line":17,"column":0},"end":{"line":17,"column":32}}},"fnMap":{"0":{"name":"mapStatusHTTP","decl":{"start":{"line":4,"column":9},"end":{"line":4,"column":22}},"loc":{"start":{"line":4,"column":31},"end":{"line":16,"column":1}},"line":4}},"branchMap":{"0":{"loc":{"start":{"line":5,"column":4},"end":{"line":15,"column":5}},"type":"switch","locations":[{"start":{"line":6,"column":8},"end":{"line":6,"column":38}},{"start":{"line":7,"column":8},"end":{"line":7,"column":35}},{"start":{"line":8,"column":8},"end":{"line":8,"column":40}},{"start":{"line":9,"column":8},"end":{"line":9,"column":40}},{"start":{"line":10,"column":8},"end":{"line":10,"column":37}},{"start":{"line":11,"column":8},"end":{"line":11,"column":36}},{"start":{"line":12,"column":8},"end":{"line":12,"column":41}},{"start":{"line":13,"column":8},"end":{"line":13,"column":37}},{"start":{"line":14,"column":8},"end":{"line":14,"column":28}}],"line":5}},"s":{"0":1,"1":11,"2":8,"3":2,"4":0,"5":0,"6":1,"7":0,"8":0,"9":0,"10":0,"11":1},"f":{"0":11},"b":{"0":[8,2,0,0,1,0,0,0,0]},"inputSourceMap":{"version":3,"file":"/home/jose/back-end-oficina/src/utils/mapStatusHTTP.ts","sources":["/home/jose/back-end-oficina/src/utils/mapStatusHTTP.ts"],"names":[],"mappings":";;AAeA,6BAA6B;AAE7B,SAAwB,aAAa,CAAC,MAAc;IAClD,QAAQ,MAAM,EAAE,CAAC;QACf,KAAK,YAAY,CAAC,CAAC,OAAO,GAAG,CAAC;QAC9B,KAAK,SAAS,CAAC,CAAC,OAAO,GAAG,CAAC;QAC3B,KAAK,cAAc,CAAC,CAAC,OAAO,GAAG,CAAC;QAChC,KAAK,cAAc,CAAC,CAAC,OAAO,GAAG,CAAC;QAChC,KAAK,WAAW,CAAC,CAAC,OAAO,GAAG,CAAC;QAC7B,KAAK,UAAU,CAAC,CAAC,OAAO,GAAG,CAAC;QAC5B,KAAK,eAAe,CAAC,CAAC,OAAO,GAAG,CAAC;QACjC,KAAK,WAAW,CAAC,CAAC,OAAO,GAAG,CAAC;QAC7B,OAAO,CAAC,CAAC,OAAO,GAAG,CAAC;IACtB,CAAC;AACH,CAAC;AAZD,gCAYC","sourcesContent":["export type ServiceMessage = { message: string };\n\ntype ServiceResponseErrorType = 'INVALID_DATA' | 'UNAUTHORIZED' |\n'NOT_FOUND' | 'CONFLICT' | 'UNPROCESSABLE';\n\nexport type ServiceResponseError = {\n  status: ServiceResponseErrorType,\n  data: ServiceMessage\n};\n\nexport type ServiceResponseSuccess<T> = {\n  status: 'SUCCESSFUL' | 'CREATED',\n  data: T\n};\n\n// src/utils/mapStatusHTTP.ts\n\nexport default function mapStatusHTTP(status: string): number {\n  switch (status) {\n    case 'SUCCESSFUL': return 200;\n    case 'CREATED': return 201;\n    case 'INVALID_DATA': return 400;\n    case 'UNAUTHORIZED': return 401;\n    case 'NOT_FOUND': return 404;\n    case 'CONFLICT': return 409;\n    case 'UNPROCESSABLE': return 422;\n    case 'FORBIDDEN': return 403;\n    default: return 500;\n  }\n}\n\nexport type ServiceResponse<T> = ServiceResponseError | ServiceResponseSuccess<T>;\n"]},"_coverageSchema":"1a1c01bbd47fc00a2c39e90264f33305004495a9","hash":"a67190b688519951ebf309e3ad1687c1e99ce63f","contentHash":"bc3b8334b3e695a7907b9193caf1c4d7eb292e5babcef5fae41c6d704ba48960"},"/home/jose/back-end-oficina/src/middlewares/Validates.ts":{"path":"/home/jose/back-end-oficina/src/middlewares/Validates.ts","statementMap":{"0":{"start":{"line":2,"column":22},"end":{"line":4,"column":1}},"1":{"start":{"line":3,"column":4},"end":{"line":3,"column":62}},"2":{"start":{"line":5,"column":0},"end":{"line":5,"column":62}},"3":{"start":{"line":6,"column":23},"end":{"line":6,"column":63}},"4":{"start":{"line":7,"column":20},"end":{"line":7,"column":66}},"5":{"start":{"line":8,"column":19},"end":{"line":8,"column":69}},"6":{"start":{"line":9,"column":18},"end":{"line":9,"column":67}},"7":{"start":{"line":10,"column":12},"end":{"line":10,"column":29}},"8":{"start":{"line":13,"column":38},"end":{"line":13,"column":46}},"9":{"start":{"line":14,"column":28},"end":{"line":14,"column":52}},"10":{"start":{"line":15,"column":8},"end":{"line":17,"column":9}},"11":{"start":{"line":16,"column":12},"end":{"line":16,"column":79}},"12":{"start":{"line":18,"column":8},"end":{"line":21,"column":9}},"13":{"start":{"line":19,"column":12},"end":{"line":19,"column":62}},"14":{"start":{"line":20,"column":12},"end":{"line":20,"column":74}},"15":{"start":{"line":22,"column":8},"end":{"line":22,"column":15}},"16":{"start":{"line":25,"column":29},"end":{"line":25,"column":37}},"17":{"start":{"line":26,"column":8},"end":{"line":28,"column":9}},"18":{"start":{"line":27,"column":12},"end":{"line":27,"column":121}},"19":{"start":{"line":29,"column":8},"end":{"line":29,"column":15}},"20":{"start":{"line":32,"column":26},"end":{"line":32,"column":34}},"21":{"start":{"line":33,"column":8},"end":{"line":35,"column":9}},"22":{"start":{"line":34,"column":12},"end":{"line":34,"column":92}},"23":{"start":{"line":36,"column":8},"end":{"line":38,"column":9}},"24":{"start":{"line":37,"column":12},"end":{"line":37,"column":86}},"25":{"start":{"line":39,"column":8},"end":{"line":39,"column":15}},"26":{"start":{"line":42,"column":36},"end":{"line":42,"column":44}},"27":{"start":{"line":43,"column":8},"end":{"line":45,"column":9}},"28":{"start":{"line":44,"column":12},"end":{"line":44,"column":92}},"29":{"start":{"line":46,"column":8},"end":{"line":48,"column":9}},"30":{"start":{"line":47,"column":12},"end":{"line":47,"column":86}},"31":{"start":{"line":49,"column":8},"end":{"line":51,"column":9}},"32":{"start":{"line":50,"column":12},"end":{"line":50,"column":97}},"33":{"start":{"line":52,"column":8},"end":{"line":55,"column":9}},"34":{"start":{"line":53,"column":12},"end":{"line":54,"column":54}},"35":{"start":{"line":56,"column":8},"end":{"line":56,"column":15}},"36":{"start":{"line":59,"column":8},"end":{"line":70,"column":9}},"37":{"start":{"line":60,"column":34},"end":{"line":60,"column":61}},"38":{"start":{"line":61,"column":12},"end":{"line":63,"column":13}},"39":{"start":{"line":62,"column":16},"end":{"line":62,"column":82}},"40":{"start":{"line":64,"column":30},"end":{"line":64,"column":54}},"41":{"start":{"line":65,"column":12},"end":{"line":65,"column":54}},"42":{"start":{"line":66,"column":12},"end":{"line":66,"column":19}},"43":{"start":{"line":69,"column":12},"end":{"line":69,"column":84}},"44":{"start":{"line":73,"column":0},"end":{"line":73,"column":27}}},"fnMap":{"0":{"name":"(anonymous_0)","decl":{"start":{"line":2,"column":56},"end":{"line":2,"column":57}},"loc":{"start":{"line":2,"column":71},"end":{"line":4,"column":1}},"line":2},"1":{"name":"(anonymous_1)","decl":{"start":{"line":12,"column":4},"end":{"line":12,"column":5}},"loc":{"start":{"line":12,"column":39},"end":{"line":23,"column":5}},"line":12},"2":{"name":"(anonymous_2)","decl":{"start":{"line":24,"column":4},"end":{"line":24,"column":5}},"loc":{"start":{"line":24,"column":41},"end":{"line":30,"column":5}},"line":24},"3":{"name":"(anonymous_3)","decl":{"start":{"line":31,"column":4},"end":{"line":31,"column":5}},"loc":{"start":{"line":31,"column":41},"end":{"line":40,"column":5}},"line":31},"4":{"name":"(anonymous_4)","decl":{"start":{"line":41,"column":4},"end":{"line":41,"column":5}},"loc":{"start":{"line":41,"column":52},"end":{"line":57,"column":5}},"line":41},"5":{"name":"(anonymous_5)","decl":{"start":{"line":58,"column":4},"end":{"line":58,"column":5}},"loc":{"start":{"line":58,"column":41},"end":{"line":71,"column":5}},"line":58}},"branchMap":{"0":{"loc":{"start":{"line":2,"column":22},"end":{"line":4,"column":1}},"type":"binary-expr","locations":[{"start":{"line":2,"column":23},"end":{"line":2,"column":27}},{"start":{"line":2,"column":31},"end":{"line":2,"column":51}},{"start":{"line":2,"column":56},"end":{"line":4,"column":1}}],"line":2},"1":{"loc":{"start":{"line":3,"column":11},"end":{"line":3,"column":61}},"type":"cond-expr","locations":[{"start":{"line":3,"column":37},"end":{"line":3,"column":40}},{"start":{"line":3,"column":43},"end":{"line":3,"column":61}}],"line":3},"2":{"loc":{"start":{"line":3,"column":12},"end":{"line":3,"column":33}},"type":"binary-expr","locations":[{"start":{"line":3,"column":12},"end":{"line":3,"column":15}},{"start":{"line":3,"column":19},"end":{"line":3,"column":33}}],"line":3},"3":{"loc":{"start":{"line":15,"column":8},"end":{"line":17,"column":9}},"type":"if","locations":[{"start":{"line":15,"column":8},"end":{"line":17,"column":9}},{"start":{"line":15,"column":8},"end":{"line":17,"column":9}}],"line":15},"4":{"loc":{"start":{"line":15,"column":12},"end":{"line":15,"column":36}},"type":"binary-expr","locations":[{"start":{"line":15,"column":12},"end":{"line":15,"column":17}},{"start":{"line":15,"column":21},"end":{"line":15,"column":27}},{"start":{"line":15,"column":31},"end":{"line":15,"column":36}}],"line":15},"5":{"loc":{"start":{"line":18,"column":8},"end":{"line":21,"column":9}},"type":"if","locations":[{"start":{"line":18,"column":8},"end":{"line":21,"column":9}},{"start":{"line":18,"column":8},"end":{"line":21,"column":9}}],"line":18},"6":{"loc":{"start":{"line":18,"column":12},"end":{"line":18,"column":89}},"type":"binary-expr","locations":[{"start":{"line":18,"column":12},"end":{"line":18,"column":27}},{"start":{"line":18,"column":31},"end":{"line":18,"column":67}},{"start":{"line":18,"column":71},"end":{"line":18,"column":89}}],"line":18},"7":{"loc":{"start":{"line":26,"column":8},"end":{"line":28,"column":9}},"type":"if","locations":[{"start":{"line":26,"column":8},"end":{"line":28,"column":9}},{"start":{"line":26,"column":8},"end":{"line":28,"column":9}}],"line":26},"8":{"loc":{"start":{"line":26,"column":12},"end":{"line":26,"column":71}},"type":"binary-expr","locations":[{"start":{"line":26,"column":12},"end":{"line":26,"column":15}},{"start":{"line":26,"column":19},"end":{"line":26,"column":24}},{"start":{"line":26,"column":28},"end":{"line":26,"column":52}},{"start":{"line":26,"column":56},"end":{"line":26,"column":71}}],"line":26},"9":{"loc":{"start":{"line":33,"column":8},"end":{"line":35,"column":9}},"type":"if","locations":[{"start":{"line":33,"column":8},"end":{"line":35,"column":9}},{"start":{"line":33,"column":8},"end":{"line":35,"column":9}}],"line":33},"10":{"loc":{"start":{"line":36,"column":8},"end":{"line":38,"column":9}},"type":"if","locations":[{"start":{"line":36,"column":8},"end":{"line":38,"column":9}},{"start":{"line":36,"column":8},"end":{"line":38,"column":9}}],"line":36},"11":{"loc":{"start":{"line":43,"column":8},"end":{"line":45,"column":9}},"type":"if","locations":[{"start":{"line":43,"column":8},"end":{"line":45,"column":9}},{"start":{"line":43,"column":8},"end":{"line":45,"column":9}}],"line":43},"12":{"loc":{"start":{"line":43,"column":12},"end":{"line":43,"column":31}},"type":"binary-expr","locations":[{"start":{"line":43,"column":12},"end":{"line":43,"column":18}},{"start":{"line":43,"column":22},"end":{"line":43,"column":31}}],"line":43},"13":{"loc":{"start":{"line":46,"column":8},"end":{"line":48,"column":9}},"type":"if","locations":[{"start":{"line":46,"column":8},"end":{"line":48,"column":9}},{"start":{"line":46,"column":8},"end":{"line":48,"column":9}}],"line":46},"14":{"loc":{"start":{"line":49,"column":8},"end":{"line":51,"column":9}},"type":"if","locations":[{"start":{"line":49,"column":8},"end":{"line":51,"column":9}},{"start":{"line":49,"column":8},"end":{"line":51,"column":9}}],"line":49},"15":{"loc":{"start":{"line":52,"column":8},"end":{"line":55,"column":9}},"type":"if","locations":[{"start":{"line":52,"column":8},"end":{"line":55,"column":9}},{"start":{"line":52,"column":8},"end":{"line":55,"column":9}}],"line":52},"16":{"loc":{"start":{"line":61,"column":12},"end":{"line":63,"column":13}},"type":"if","locations":[{"start":{"line":61,"column":12},"end":{"line":63,"column":13}},{"start":{"line":61,"column":12},"end":{"line":63,"column":13}}],"line":61}},"s":{"0":1,"1":2,"2":1,"3":1,"4":1,"5":1,"6":1,"7":1,"8":4,"9":4,"10":4,"11":0,"12":4,"13":0,"14":0,"15":4,"16":1,"17":1,"18":0,"19":1,"20":0,"21":0,"22":0,"23":0,"24":0,"25":0,"26":0,"27":0,"28":0,"29":0,"30":0,"31":0,"32":0,"33":0,"34":0,"35":0,"36":13,"37":13,"38":13,"39":0,"40":13,"41":13,"42":12,"43":1,"44":1},"f":{"0":2,"1":4,"2":1,"3":0,"4":0,"5":13},"b":{"0":[1,1,1],"1":[1,1],"2":[2,2],"3":[0,4],"4":[4,4,4],"5":[0,4],"6":[4,4,4],"7":[0,1],"8":[1,1,1,1],"9":[0,0],"10":[0,0],"11":[0,0],"12":[0,0],"13":[0,0],"14":[0,0],"15":[0,0],"16":[0,13]},"inputSourceMap":{"version":3,"file":"/home/jose/back-end-oficina/src/middlewares/Validates.ts","sources":["/home/jose/back-end-oficina/src/middlewares/Validates.ts"],"names":[],"mappings":";;;;;AACA,gEAA+B;AAC/B,mEAA2C;AAE3C,MAAM,UAAU,GAAG,kDAAkD,CAAC;AACtE,MAAM,SAAS,GAAG,iDAAiD,CAAC;AACpE,MAAM,GAAG,GAAG,OAAO,CAAC,GAAG,CAAC,KAAK,CAAC;AAE9B,MAAqB,QAAQ;IAC3B,MAAM,CAAC,WAAW,CAAC,GAAY,EAAE,GAAa,EAAE,IAAkB;QAChE,MAAM,EAAE,IAAI,EAAE,KAAK,EAAE,IAAI,EAAE,GAAG,GAAG,CAAC,IAAI,CAAC;QACvC,MAAM,WAAW,GAAG,IAAI,IAAI,EAAE,CAAC,WAAW,EAAE,CAAC;QAC7C,IAAI,CAAC,IAAI,IAAI,CAAC,KAAK,IAAI,CAAC,IAAI,EAAE,CAAC;YAC7B,OAAO,GAAG,CAAC,MAAM,CAAC,GAAG,CAAC,CAAC,IAAI,CAAC,EAAE,OAAO,EAAE,wBAAwB,EAAE,CAAC,CAAC;QACrE,CAAC;QACD,IAAI,IAAI,CAAC,MAAM,GAAG,CAAC,IAAI,CAAC,mBAAS,CAAC,QAAQ,CAAC,KAAK,CAAC,IAAI,IAAI,GAAG,WAAW,EAAE,CAAC;YACxE,OAAO,CAAC,GAAG,CAAC,CAAC,mBAAS,CAAC,QAAQ,CAAC,KAAK,CAAC,CAAC,CAAC;YAExC,OAAO,GAAG,CAAC,MAAM,CAAC,GAAG,CAAC,CAAC,IAAI,CAAC,EAAE,OAAO,EAAE,mBAAmB,EAAE,CAAC,CAAC;QAChE,CAAC;QACD,IAAI,EAAE,CAAC;IACT,CAAC;IAED,MAAM,CAAC,aAAa,CAAC,GAAY,EAAE,GAAa,EAAE,IAAiB;QACjE,MAAM,EAAE,EAAE,EAAE,IAAI,EAAE,GAAG,GAAG,CAAC,IAAI,CAAC;QAC9B,IAAI,CAAC,EAAE,IAAI,CAAC,IAAI,IAAI,OAAO,IAAI,KAAK,QAAQ,IAAI,IAAI,CAAC,MAAM,GAAG,CAAC,EAAE,CAAC;YAChE,OAAO,GAAG,CAAC,MAAM,CAAC,GAAG,CAAC,CAAC,IAAI,CACzB,EAAE,OAAO,EAAE,kEAAkE,EAAE,CAChF,CAAC;QACJ,CAAC;QACD,IAAI,EAAE,CAAC;IACT,CAAC;IAED,MAAM,CAAC,aAAa,CAAC,GAAY,EAAE,GAAa,EAAE,IAAkB;QAClE,MAAM,EAAE,KAAK,EAAE,GAAG,GAAG,CAAC,IAAI,CAAC;QAE3B,IAAI,CAAC,KAAK,EAAE,CAAC;YACX,OAAO,GAAG,CAAC,MAAM,CAAC,GAAG,CAAC,CAAC,IAAI,CAAC,EAAE,OAAO,EAAE,qCAAqC,EAAE,CAAC,CAAC;QAClF,CAAC;QAED,IAAI,CAAC,KAAK,CAAC,KAAK,CAAC,UAAU,CAAC,EAAE,CAAC;YAC7B,OAAO,GAAG,CAAC,MAAM,CAAC,GAAG,CAAC,CAAC,IAAI,CAAC,EAAE,OAAO,EAAE,+BAA+B,EAAE,CAAC,CAAC;QAC5E,CAAC;QACD,IAAI,EAAE,CAAC;IACT,CAAC;IAED,MAAM,CAAC,wBAAwB,CAAC,GAAY,EAAE,GAAa,EAAE,IAAkB;QAC7E,MAAM,EAAE,KAAK,EAAE,QAAQ,EAAE,GAAG,GAAG,CAAC,IAAI,CAAC;QAErC,IAAI,CAAC,KAAK,IAAI,CAAC,QAAQ,EAAE,CAAC;YACxB,OAAO,GAAG,CAAC,MAAM,CAAC,GAAG,CAAC,CAAC,IAAI,CAAC,EAAE,OAAO,EAAE,qCAAqC,EAAE,CAAC,CAAC;QAClF,CAAC;QAED,IAAI,CAAC,KAAK,CAAC,KAAK,CAAC,UAAU,CAAC,EAAE,CAAC;YAC7B,OAAO,GAAG,CAAC,MAAM,CAAC,GAAG,CAAC,CAAC,IAAI,CAAC,EAAE,OAAO,EAAE,+BAA+B,EAAE,CAAC,CAAC;QAC5E,CAAC;QAED,IAAI,QAAQ,CAAC,MAAM,GAAG,CAAC,EAAE,CAAC;YACxB,OAAO,GAAG,CAAC,MAAM,CAAC,GAAG,CAAC,CAAC,IAAI,CAAC,EAAE,OAAO,EAAE,0CAA0C,EAAE,CAAC,CAAC;QACvF,CAAC;QAED,IAAI,CAAC,QAAQ,CAAC,KAAK,CAAC,SAAS,CAAC,EAAE,CAAC;YAC/B,OAAO,GAAG,CAAC,MAAM,CAAC,GAAG,CAAC,CAAC,IAAI,CAAC,EAAE,OAAO,EAAE;kDACK,EAAE,CAAC,CAAC;QAClD,CAAC;QACD,IAAI,EAAE,CAAC;IACT,CAAC;IAED,MAAM,CAAC,aAAa,CAAC,GAAY,EAAE,GAAa,EAAE,IAAkB;QAClE,IAAI,CAAC;YACH,MAAM,aAAa,GAAG,GAAG,CAAC,MAAM,CAAC,eAAe,CAAC,CAAC;YAClD,IAAI,CAAC,aAAa,EAAE,CAAC;gBACnB,OAAO,GAAG,CAAC,MAAM,CAAC,GAAG,CAAC,CAAC,IAAI,CAAC,EAAE,OAAO,EAAE,uBAAuB,EAAE,CAAC,CAAC;YACpE,CAAC;YACD,MAAM,CAAC,EAAE,KAAK,CAAC,GAAG,aAAa,CAAC,KAAK,CAAC,GAAG,CAAC,CAAC;YAC3C,sBAAG,CAAC,MAAM,CAAC,KAAK,EAAE,GAAa,CAAC,CAAC;YACjC,IAAI,EAAE,CAAC;QACT,CAAC;QAAC,OAAO,KAAK,EAAE,CAAC;YACf,OAAO,GAAG,CAAC,MAAM,CAAC,GAAG,CAAC,CAAC,IAAI,CAAC,EAAE,OAAO,EAAE,6BAA6B,EAAE,CAAC,CAAC;QAC1E,CAAC;IACH,CAAC;CACF;AAzED,2BAyEC","sourcesContent":["import { NextFunction, Request, Response } from 'express';\nimport jwt from 'jsonwebtoken';\nimport brandCars from '../utils/brandCars';\n\nconst REGEXEMAIL = /^[a-zA-Z0-9._%+-]+@[a-zA-Z0-9.-]+\\.[a-zA-Z]{2,}$/;\nconst REGEXPASS = /^(?=.*\\d)(?=.*[a-z])(?=.*[A-Z])(?=.*[$*&@#]).*$/;\nconst KEY = process.env.TOKEN;\n\nexport default class Validate {\n  static validateCar(req: Request, res: Response, nex
[...]
AE,GAAa,EAAE,EAAE,SAAS,EAAE,IAAI,EAAE,CAAC,CAAC;YAChF,OAAO,CAAC,GAAG,CAAC,MAAM,CAAC,CAAC;YAEpB,OAAO,EAAE,MAAM,EAAE,YAAY,EAAE,IAAI,EAAE,EAAE,KAAK,EAAE,EAAE,CAAC;QACnD,CAAC;KAAA;IAEK,WAAW;6DAAC,EAAE,KAAK,EAAqB;YAC5C,MAAM,MAAM,GAAG,MAAM,IAAI,CAAC,UAAU,CAAC,WAAW,CAAC,EAAE,KAAK,EAAE,CAAC,CAAC;YAC5D,IAAI,MAAM,KAAK,CAAC,EAAE,CAAC;gBACjB,OAAO,EAAE,MAAM,EAAE,cAAc,EAAE,IAAI,EAAE,EAAE,OAAO,EAAE,uBAAuB,EAAE,EAAE,CAAC;YAChF,CAAC;YACD,OAAO,EAAE,MAAM,EAAE,YAAY,EAAE,IAAI,EAAE,EAAE,OAAO,EAAE,2BAA2B,EAAE,EAAE,CAAC;QAClF,CAAC;KAAA;CACF;AArCD,+BAqCC","sourcesContent":["import bcrypt from 'bcryptjs';\nimport jwt from 'jsonwebtoken';\nimport AdminModel from '../models/AdminModel';\nimport { IAdmin } from '../interfaces/databaseModels/IAdmin';\nimport { ServiceResponse } from '../utils/mapStatusHTTP';\n\nconst SALTS = process.env.SALT_ROUNDS;\nconst KEY = process.env.TOKEN;\n\nexport default class AdminService {\n  constructor(private adminModel = new AdminModel()) {}\n\n  async insertAdmin({ email, password }: { email: string, password: string }):\n  Promise<ServiceResponse<IAdmin>> {\n    const hashedPassword = bcrypt.hashSync(password, Number(SALTS));\n    const admin = await this.adminModel.findAdmin({ email });\n    if (admin) {\n      return { status: 'CONFLICT', data: { message: 'Admin já registrado' } };\n    }\n    const result = await this.adminModel.insertAdmin({ email, password: hashedPassword });\n    return { status: 'CREATED', data: result };\n  }\n\n  async loginAdmin({ email, password }: Omit<IAdmin, 'id'>):\n  Promise<ServiceResponse<{ token: string }>> {\n    const result = await this.adminModel.loginAdmin({ email });\n    if (!result) {\n      return { status: 'UNAUTHORIZED', data: { message: 'Email ou Senha incorretos.' } };\n    }\n    const resultPass = await bcrypt.compare(password, result.password);\n    if (!resultPass) {\n      return { status: 'UNAUTHORIZED', data: { message: 'Email ou Senha incorretos.' } };\n    }\n    const token = jwt.sign({ email, password }, KEY as string, { expiresIn: '1d' });\n    console.log(result);\n\n    return { status: 'SUCCESSFUL', data: { token } };\n  }\n\n  async deleteAdmin({ email }: { email: string }): Promise<ServiceResponse<{ message: string }>> {\n    const result = await this.adminModel.deleteAdmin({ email });\n    if (result === 0) {\n      return { status: 'INVALID_DATA', data: { message: 'Admin não encontrado.' } };\n    }\n    return { status: 'SUCCESSFUL', data: { message: 'Admin removido do sucesso' } };\n  }\n}\n"]},"_coverageSchema":"1a1c01bbd47fc00a2c39e90264f33305004495a9","hash":"c5c72db1bcd47327875c6e72de1d51ecc729f130","contentHash":"bdfca069c74692016c53c70cf389ab3152d9f980a890a3e7ebbd26cadd45d12f"},"/home/jose/back-end-oficina/src/models/AdminModel.ts":{"path":"/home/jose/back-end-oficina/src/models/AdminModel.ts","statementMap":{"0":{"start":{"line":2,"column":16},"end":{"line":10,"column":1}},"1":{"start":{"line":3,"column":28},"end":{"line":3,"column":110}},"2":{"start":{"line":3,"column":91},"end":{"line":3,"column":106}},"3":{"start":{"line":4,"column":4},"end":{"line":9,"column":7}},"4":{"start":{"line":5,"column":36},"end":{"line":5,"column":97}},"5":{"start":{"line":5,"column":42},"end":{"line":5,"column":70}},"6":{"start":{"line":5,"column":85},"end":{"line":5,"column":95}},"7":{"start":{"line":6,"column":35},"end":{"line":6,"column":100}},"8":{"start":{"line":6,"column":41},"end":{"line":6,"column":73}},"9":{"start":{"line":6,"column":88},"end":{"line":6,"column":98}},"10":{"start":{"line":7,"column":32},"end":{"line":7,"column":116}},"11":{"start":{"line":8,"column":8},"end":{"line":8,"column":78}},"12":{"start":{"line":11,"column":22},"end":{"line":13,"column":1}},"13":{"start":{"line":12,"column":4},"end":{"line":12,"column":62}},"14":{"start":{"line":14,"column":0},"end":{"line":14,"column":62}},"15":{"start":{"line":15,"column":25},"end":{"line":15,"column":86}},"16":{"start":{"line":18,"column":8},"end":{"line":18,"column":27}},"17":{"start":{"line":21,"column":8},"end":{"line":24,"column":11}},"18":{"start":{"line":22,"column":27},"end":{"line":22,"column":73}},"19":{"start":{"line":23,"column":12},"end":{"line":23,"column":26}},"20":{"start":{"line":27,"column":8},"end":{"line":30,"column":11}},"21":{"start":{"line":28,"column":27},"end":{"line":28,"column":73}},"22":{"start":{"line":29,"column":12},"end":{"line":29,"column":26}},"23":{"start":{"line":33,"column":8},"end":{"line":36,"column":11}},"24":{"start":{"line":34,"column":27},"end":{"line":34,"column":73}},"25":{"start":{"line":35,"column":12},"end":{"line":35,"column":26}},"26":{"start":{"line":39,"column":8},"end":{"line":42,"column":11}},"27":{"start":{"line":40,"column":27},"end":{"line":40,"column":71}},"28":{"start":{"line":41,"column":12},"end":{"line":41,"column":26}},"29":{"start":{"line":45,"column":0},"end":{"line":45,"column":29}}},"fnMap":{"0":{"name":"(anonymous_0)","decl":{"start":{"line":2,"column":44},"end":{"line":2,"column":45}},"loc":{"start":{"line":2,"column":89},"end":{"line":10,"column":1}},"line":2},"1":{"name":"adopt","decl":{"start":{"line":3,"column":13},"end":{"line":3,"column":18}},"loc":{"start":{"line":3,"column":26},"end":{"line":3,"column":112}},"line":3},"2":{"name":"(anonymous_2)","decl":{"start":{"line":3,"column":70},"end":{"line":3,"column":71}},"loc":{"start":{"line":3,"column":89},"end":{"line":3,"column":108}},"line":3},"3":{"name":"(anonymous_3)","decl":{"start":{"line":4,"column":36},"end":{"line":4,"column":37}},"loc":{"start":{"line":4,"column":63},"end":{"line":9,"column":5}},"line":4},"4":{"name":"fulfilled","decl":{"start":{"line":5,"column":17},"end":{"line":5,"column":26}},"loc":{"start":{"line":5,"column":34},"end":{"line":5,"column":99}},"line":5},"5":{"name":"rejected","decl":{"start":{"line":6,"column":17},"end":{"line":6,"column":25}},"loc":{"start":{"line":6,"column":33},"end":{"line":6,"column":102}},"line":6},"6":{"name":"step","decl":{"start":{"line":7,"column":17},"end":{"line":7,"column":21}},"loc":{"start":{"line":7,"column":30},"end":{"line":7,"column":118}},"line":7},"7":{"name":"(anonymous_7)","decl":{"start":{"line":11,"column":56},"end":{"line":11,"column":57}},"loc":{"start":{"line":11,"column":71},"end":{"line":13,"column":1}},"line":11},"8":{"name":"(anonymous_8)","decl":{"start":{"line":17,"column":4},"end":{"line":17,"column":5}},"loc":{"start":{"line":17,"column":50},"end":{"line":19,"column":5}},"line":17},"9":{"name":"(anonymous_9)","decl":{"start":{"line":20,"column":4},"end":{"line":20,"column":5}},"loc":{"start":{"line":20,"column":18},"end":{"line":25,"column":5}},"line":20},"10":{"name":"(anonymous_10)","decl":{"start":{"line":21,"column":50},"end":{"line":21,"column":51}},"loc":{"start":{"line":21,"column":72},"end":{"line":24,"column":9}},"line":21},"11":{"name":"(anonymous_11)","decl":{"start":{"line":26,"column":4},"end":{"line":26,"column":5}},"loc":{"start":{"line":26,"column":20},"end":{"line":31,"column":5}},"line":26},"12":{"name":"(anonymous_12)","decl":{"start":{"line":27,"column":50},"end":{"line":27,"column":51}},"loc":{"start":{"line":27,"column":72},"end":{"line":30,"column":9}},"line":27},"13":{"name":"(anonymous_13)","decl":{"start":{"line":32,"column":4},"end":{"line":32,"column":5}},"loc":{"start":{"line":32,"column":19},"end":{"line":37,"column":5}},"line":32},"14":{"name":"(anonymous_14)","decl":{"start":{"line":33,"column":50},"end":{"line":33,"column":51}},"loc":{"start":{"line":33,"column":72},"end":{"line":36,"column":9}},"line":33},"15":{"name":"(anonymous_15)","decl":{"start":{"line":38,"column":4},"end":{"line":38,"column":5}},"loc":{"start":{"line":38,"column":20},"end":{"line":43,"column":5}},"line":38},"16":{"name":"(anonymous_16)","decl":{"start":{"line":39,"column":50},"end":{"line":39,"column":51}},"loc":{"start":{"line":39,"column":82},"end":{"line":42,"column":9}},"line":39}},"branchMap":{"0":{"loc":{"start":{"line":2,"column":16},"end":{"line":10,"column":1}},"type":"binary-expr","locations":[{"start":{"line":2,"column":17},"end":{"line":2,"column":21}},{"start":{"line":2,"column":25},"end":{"line":2,"column":39}},{"start":{"line":2,"column":44},"end":{"line":10,"column":1}}],"line":2},"1":{"loc":{"start":{"line":3,"column":35},"end":{"line":3,"column":109}},"type":"cond-expr","locations":[{"start":{"line":3,"column":56},"end":{"line":3,"column":61}},{"start":{"line":3,"column":64},"end":{"line":3,"column":109}}],"line":3},"2":{"loc":{"start":{"line":4,"column":16},"end":{"line":4,"column":34}},"type":"binary-expr","locations":[{"start":{"line":4,"column":16},"end":{"line":4,"column":17}},{"start":{"line":4,"column":22},"end":{"line":4,"column":33}}],"line":4},"3":{"loc":{"start":{"line":7,"column":32},"end":{"line":7,"column":115}},"type":"cond-expr","locations":[{"start":{"line":7,"column":46},"end":{"line":7,"column":67}},{"start":{"line":7,"column":70},"end":{"line":7,"column":115}}],"line":7},"4":{"loc":{"start":{"line":8,"column":51},"end":{"line":8,"column":67}},"type":"binary-expr","locations":[{"start":{"line":8,"column":51},"end":{"line":8,"column":61}},{"start":{"line":8,"column":65},"end":{"line":8,"column":67}}],"line":8},"5":{"loc":{"start":{"line":11,"column":22},"end":{"line":13,"column":1}},"type":"binary-expr","locations":[{"start":{"line":11,"column":23},"end":{"line":11,"column":27}},{"start":{"line":11,"column":31},"end":{"line":11,"column":51}},{"start":{"line":11,"column":56},"end":{"line":13,"column":1}}],"line":11},"6":{"loc":{"start":{"line":12,"column":11},"end":{"line":12,"column":61}},"type":"cond-expr","locations":[{"start":{"line":12,"column":37},"end":{"line":12,"column":40}},{"start":{"line":12,"column":43},"end":{"line":12,"column":61}}],"line":12},"7":{"loc":{"start":{"line":12,"column":12},"end":{"line":12,"column":33}},"type":"binary-expr","locations":[{"start":{"line":12,"column":12},"end":{"line":12,"column":15}},{"start":{"line":12,"column":19},"end":{"line":12,"column":33}}],"line":12},"8":{"loc":{"start":{"line":17,"column":16},"end":{"line":17,"column":48}},"type":"default-arg","locations":[{"start":{"line":17,"column":24},"end":{"line":17,"column":48}}],"line":17}},"s":{"0":1,"1":0,"2":0,"3":0,"4":0,"5":0,"6":0,"7":0,"8":0,"9":0,"10":0,"11":0,"12":1,"13":1,"14":1,"15":1,"16":1,"17":0,"18":0,"19":0,"20":0,"21":0,"22":0,"23":0,"24":0,"25":0,"26":0,"27":0,"28":0,"29":1},"f":{"0":0,"1":0,"2":0,"3":0,"4":0,"5":0,"6":0,"7":1,"8":1,"9":0,"10":0,"11":0,"12":0,"13":0,"14":0,"15":0,"16":0},"b":{"0":[1,1,1],"1":[0,0],"2":[0,0],"3":[0,0],"4":[0,0],"5":[1,1,1],"6":[1,0],"7":[1,1],"8":[1]},"inputSourceMap":{"version":3,"file":"/home/jose/back-end-oficina/src/models/AdminModel.ts","sources":["/home/jose/back-end-oficina/src/models/AdminModel.ts"],"names":[],"mappings":";;;;;;;;;;;;;;AACA,uFAA+D;AAG/D,MAAqB,UAAU;IAC7B,YAAoB,QAAQ,wBAAc;QAAtB,UAAK,GAAL,KAAK,CAAiB;IAAG,CAAC;IACxC,SAAS;6DAAC,EAAE,KAAK,EAAsB;YAC3C,MAAM,MAAM,GAAG,MAAM,IAAI,CAAC,KAAK,CAAC,OAAO,CAAC,EAAE,KAAK,EAAE,EAAE,KAAK,EAAE,EAAE,CAAC,CAAC;YAC9D,OAAO,MAAM,CAAC;QAChB,CAAC;KAAA;IAEK,WAAW;6DAAC,EAAE,KAAK,EAAsB;YAC7C,MAAM,MAAM,GAAG,MAAM,IAAI,CAAC,KAAK,CAAC,OAAO,CAAC,EAAE,KAAK,EAAE,EAAE,KAAK,EAAE,EAAE,CAAC,CAAC;YAC9D,OAAO,MAAM,CAAC;QAChB,CAAC;KAAA;IAEK,UAAU;6DAAC,EAAE,KAAK,EAAqB;YAC3C,MAAM,MAAM,GAAG,MAAM,IAAI,CAAC,KAAK,CAAC,OAAO,CAAC,EAAE,KAAK,EAAE,EAAE,KAAK,EAAE,EAAE,CAAC,CAAC;YAC9D,OAAO,MAAM,CAAC;QAChB,CAAC;KAAA;IAEK,WAAW;6DAAC,EAAE,KAAK,EAAE,QAAQ,EAAsB;YACvD,MAAM,MAAM,GAAG,MAAM,IAAI,CAAC,KAAK,CAAC,MAAM,CAAC,EAAE,KAAK,EAAE,QAAQ,EAAE,CAAC,CAAC;YAC5D,OAAO,MAAM,CAAC;QAChB,CAAC;KAAA;CACF;AArBD,6BAqBC","sourcesContent":["import { IAdminModel } from '../interfaces/IAdminModel';\nimport SequelizeAdmin from '../database/models/SequelizeAdmin';\nimport { IAdmin } from '../interfaces/databaseModels/IAdmin';\n\nexport default class AdminModel implements IAdminModel {\n  constructor(private model = SequelizeAdmin) {}\n  async findAdmin({ email }: { email: string; }): Promise<IAdmin | null> {\n    const result = await this.model.findOne({ where: { email } });\n    return result;\n  }\n\n  async deleteAdmin({ email }: { email: string; }): Promise<number> {\n    const result = await this.model.destroy({ where: { email } });\n    return result;\n  }\n\n  async loginAdmin({ email }: { email: string }): Promise<IAdmin | null> {\n    const result = await this.model.findOne({ where: { email } });\n    return result;\n  }\n\n  async insertAdmin({ email, password }: Omit<IAdmin, 'id'>): Promise<IAdmin> {\n    const result = await this.model.create({ email, password });\n    return result;\n  }\n}\n"]},"_coverageSchema":"1a1c01bbd47fc00a2c39e90264f33305004495a9","hash":"27cea812358e78dbaa150964c7d4518cf1666016","contentHash":"9860f5821df2c77d26175ce02ea7c1438694d5dfc1c0be9783886b2960925718"},"/home/jose/back-end-oficina/src/database/models/SequelizeAdmin.ts":{"path":"/home/jose/back-end-oficina/src/database/models/SequelizeAdmin.ts","statementMap":{"0":{"start":{"line":2,"column":22},"end":{"line":4,"column":1}},"1":{"start":{"line":3,"column":4},"end":{"line":3,"column":62}},"2":{"start":{"line":5,"column":0},"end":{"line":5,"column":62}},"3":{"start":{"line":6,"column":20},"end":{"line":6,"column":40}},"4":{"start":{"line":7,"column":11},"end":{"line":7,"column":40}},"5":{"start":{"line":10,"column":0},"end":{"line":30,"column":3}},"6":{"start":{"line":31,"column":0},"end":{"line":31,"column":33}}},"fnMap":{"0":{"name":"(anonymous_0)","decl":{"start":{"line":2,"column":56},"end":{"line":2,"column":57}},"loc":{"start":{"line":2,"column":71},"end":{"line":4,"column":1}},"line":2}},"branchMap":{"0":{"loc":{"start":{"line":2,"column":22},"end":{"line":4,"column":1}},"type":"binary-expr","locations":[{"start":{"line":2,"column":23},"end":{"line":2,"column":27}},{"start":{"line":2,"column":31},"end":{"line":2,"column":51}},{"start":{"line":2,"column":56},"end":{"line":4,"column":1}}],"line":2},"1":{"loc":{"start":{"line":3,"column":11},"end":{"line":3,"column":61}},"type":"cond-expr","locations":[{"start":{"line":3,"column":37},"end":{"line":3,"column":40}},{"start":{"line":3,"column":43},"end":{"line":3,"column":61}}],"line":3},"2":{"loc":{"start":{"line":3,"column":12},"end":{"line":3,"column":33}},"type":"binary-expr","locations":[{"start":{"line":3,"column":12},"end":{"line":3,"column":15}},{"start":{"line":3,"column":19},"end":{"line":3,"column":33}}],"line":3}},"s":{"0":1,"1":1,"2":1,"3":1,"4":1,"5":1,"6":1},"f":{"0":1},"b":{"0":[1,1,1],"1":[1,0],"2":[1,1]},"inputSourceMap":{"version":3,"file":"/home/jose/back-end-oficina/src/database/models/SequelizeAdmin.ts","sources":["/home/jose/back-end-oficina/src/database/models/SequelizeAdmin.ts"],"names":[],"mappings":";;;;;AAAA,yCACiD;AACjD,yCAAmB;AAEnB,MAAM,cAAe,SAAQ,iBACW;CAMvC;AAED,cAAc,CAAC,IAAI,CAAC;IAClB,EAAE,EAAE;QACF,UAAU,EAAE,IAAI;QAChB,aAAa,EAAE,IAAI;QACnB,IAAI,EAAE,qBAAS,CAAC,OAAO;KACxB;IACD,KAAK,EAAE;QACL,IAAI,EAAE,qBAAS,CAAC,MAAM;QACtB,SAAS,EAAE,KAAK;QAChB,MAAM,EAAE,IAAI;KACb;IACD,QAAQ,EAAE;QACR,IAAI,EAAE,qBAAS,CAAC,MAAM;QACtB,SAAS,EAAE,KAAK;KACjB;CACF,EAAE;IACD,SAAS,EAAE,UAAE;IACb,SAAS,EAAE,OAAO;IAClB,SAAS,EAAE,QAAQ;IACnB,UAAU,EAAE,KAAK;CAClB,CAAC,CAAC;AAEH,kBAAe,cAAc,CAAC","sourcesContent":["import { Model, InferAttributes, InferCreationAttributes,\n  DataTypes, CreationOptional } from 'sequelize';\nimport db from '.';\n\nclass SequelizeAdmin extends Model<InferAttributes<SequelizeAdmin>,\nInferCreationAttributes<SequelizeAdmin>> {\n  declare id: CreationOptional<number>;\n\n  declare email: string;\n\n  declare password: string;\n}\n\nSequelizeAdmin.init({\n  id: {\n    primaryKey: true,\n    autoIncrement: true,\n    type: DataTypes.INTEGER,\n  },\n  email: {\n    type: DataTypes.STRING,\n    allowNull: false,\n    unique: true,\n  },\n  password: {\n    type: DataTypes.STRING,\n    allowNull: false,\n  },\n}, {\n  sequelize: db,\n  modelName: 'admin',\n  tableName: 'admins',\n  timestamps: false,\n});\n\nexport default SequelizeAdmin;\n"]},"_coverageSchema":"1a1c01bbd47fc00a2c39e90264f33305004495a9","hash":"4b4565f404c9a29dc1593069dff08fb6659baec5","contentHash":"b6acda742d2e038bd12b9dc2e39b3b6716a236a5b32436d5249a23ecbc6efe6a"},"/home/jose/back-end-oficina/src/tests/mocks/carMocks.ts":{"path":"/home/jose/back-end-oficina/src/tests/mocks/carMocks.ts","statementMap":{"0":{"start":{"line":2,"column":0},"end":{"line":2,"column":62}},"1":{"start":{"line":3,"column":0},"end":{"line":3,"column":93}},"2":{"start":{"line":4,"column":17},"end":{"line":9,"column":6}},"3":{"start":{"line":10,"column":0},"end":{"line":10,"column":28}},"4":{"start":{"line":11,"column":20},"end":{"line":22,"column":6}},"5":{"start":{"line":23,"column":0},"end":{"line":23,"column":34}},"6":{"start":{"line":24,"column":19},"end":{"line":29,"column":1}},"7":{"start":{"line":30,"column":0},"end":{"line":30,"column":32}},"8":{"start":{"line":31,"column":22},"end":{"line":36,"column":1}},"9":{"start":{"line":37,"column":0},"end":{"line":37,"column":38}}},"fnMap":{},"branchMap":{},"s":{"0":1,"1":1,"2":1,"3":1,"4":1,"5":1,"6":1,"7":1,"8":1,"9":1},"f":{},"b":{},"inputSourceMap":{"version":3,"file":"/home/jose/back-end-oficina/src/tests/mocks/carMocks.ts","sources":["/home/jose/back-end-oficina/src/tests/mocks/carMocks.ts"],"names":[],"mappings":";;;AAAA,MAAM,QAAQ,GAAG,CAAC;QAChB,EAAE,EAAE,CAAC;QACL,IAAI,EAAE,OAAO;QACb,IAAI,EAAE,IAAI;QACV,KAAK,EAAE,OAAO;KAAE,CAAC,CAAC;AA0BX,4BAAQ;AAxBjB,MAAM,WAAW,GAAG,CAAC;QACnB,EAAE,EAAE,CAAC;QACL,IAAI,EAAE,OAAO;QACb,IAAI,EAAE,IAAI;QACV,KAAK,EAAE,OAAO;KAAE;IAClB;QACE,EAAE,EAAE,CAAC;QACL,IAAI,EAAE,MAAM;QACZ,IAAI,EAAE,IAAI;QACV,KAAK,EAAE,SAAS;KAAE,CAAC,CAAC;AAeH,kCAAW;AAb9B,MAAM,UAAU,GAAG;IACjB,EAAE,EAAE,CAAC;IACL,IAAI,EAAE,MAAM;IACZ,IAAI,EAAE,IAAI;IACV,KAAK,EAAE,SAAS;CAAE,CAAC;AASW,gCAAU;AAP1C,MAAM,aAAa,GAAG;IACpB,EAAE,EAAE,CAAC;IACL,IAAI,EAAE,MAAM;IACZ,IAAI,EAAE,IAAI;IACV,KAAK,EAAE,SAAS;CACjB,CAAC;AAE0C,sCAAa","sourcesContent":["const mockCars = [{\n  id: 1,\n  name: 'HONDA',\n  year: 2020,\n  brand: 'HONDA' }];\n\nconst mockFindCar = [{\n  id: 1,\n  name: 'HONDA',\n  year: 2020,\n  brand: 'HONDA' },\n{\n  id: 2,\n  name: 'HB20',\n  year: 2020,\n  brand: 'HYUNDAI' }];\n\nconst mockInsert = {\n  id: 2,\n  name: 'HB20',\n  year: 2020,\n  brand: 'HYUNDAI' };\n\nconst updateCarMock = {\n  id: 2,\n  name: 'HB20',\n  year: 2023,\n  brand: 'HYUNDAI',\n};\n\nexport { mockCars, mockFindCar, mockInsert, updateCarMock };\n"]},"_coverageSchema":"1a1c01bbd47fc00a2c39e90264f33305004495a9","hash":"ea08a1f1de4a2b7766540ad15e3b0010aff8af6c","contentHash":"1eb4792f4c41c5a458f32fa92276f6995b572dea95f862e8e99f0da21fd60ad0"},"/home/jose/back-end-oficina/src/tests/mocks/pieceMocks.ts":{"path":"/home/jose/back-end-oficina/src/tests/mocks/pieceMocks.ts","statementMap":{"0":{"start":{"line":2,"column":0},"end":{"line":2,"column":62}},"1":{"start":{"line":3,"column":0},"end":{"line":3,"column":46}},"2":{"start":{"line":4,"column":16},"end":{"line":6,"column":1}},"3":{"start":{"line":7,"column":0},"end":{"line":7,"column":26}},"4":{"start":{"line":8,"column":19},"end":{"line":12,"column":1}},"5":{"start":{"line":13,"column":0},"end":{"line":13,"column":32}}},"fnMap":{},"branchMap":{},"s":{"0":1,"1":1,"2":1,"3":1,"4":1,"5":1},"f":{},"b":{},"inputSourceMap":{"version":3,"file":"/home/jose/back-end-oficina/src/tests/mocks/pieceMocks.ts","sources":["/home/jose/back-end-oficina/src/tests/mocks/pieceMocks.ts"],"names":[],"mappings":";;;AAAA,MAAM,OAAO,GAAG;IACd,EAAE,EAAE,EAAE,CAAC,EAAE,IAAI,EAAE,aAAa,EAAE,EAAE,EAAE,EAAE,EAAE,CAAC,EAAE,IAAI,EAAE,WAAW,EAAE;CAC7D,CAAC;AAQO,0BAAO;AANhB,MAAM,UAAU,GAAG;IACjB;QACE,EAAE,EAAE,CAAC,EAAE,IAAI,EAAE,aAAa;KAC3B;CACF,CAAC;AAEgB,gCAAU","sourcesContent":["const findAll = [\n  { id: 1, name: 'FILTRO OLEO' }, { id: 2, name: 'FILTRO AR' },\n];\n\nconst findPieces = [\n  {\n    id: 1, name: 'FILTRO OLEO',\n  },\n];\n\nexport { findAll, findPieces };\n"]},"_coverageSchema":"1a1c01bbd47fc00a2c39e90264f33305004495a9","hash":"5deaa378eded1a8b571cc67bc252af4be5bbbf3f","contentHash":"aef1ca76f7faf68c2341b2eb237bfd72d99e711585c262224c171f41422803d2"}}